{"meta": {"format": 3, "version": "7.13.5", "timestamp": "2026-05-18T11:54:12.732241", "branch_coverage": true, "show_contexts": false}, "files": {"src\\iatb\\sentiment\\__init__.py": {"executed_lines": [5, 6, 7, 12, 13, 14, 15, 16, 22, 23, 25], "summary": {"covered_lines": 11, "num_statements": 11, "percent_covered": 100.0, "percent_covered_display": "100", "missing_lines": 0, "excluded_lines": 0, "percent_statements_covered": 100.0, "percent_statements_covered_display": "100", "num_branches": 0, "num_partial_branches": 0, "covered_branches": 0, "missing_branches": 0, "percent_branches_covered": 100.0, "percent_branches_covered_display": "100"}, "missing_lines": [], "excluded_lines": [], "executed_branches": [], "missing_branches": [], "functions": {"": {"executed_lines": [5, 6, 7, 12, 13, 14, 15, 16, 22, 23, 25], "summary": {"covered_lines": 11, "num_statements": 11, "percent_covered": 100.0, "percent_covered_display": "100", "missing_lines": 0, "excluded_lines": 0, "percent_statements_covered": 100.0, "percent_statements_covered_display": "100", "num_branches": 0, "num_partial_branches": 0, "covered_branches": 0, "missing_branches": 0, "percent_branches_covered": 100.0, "percent_branches_covered_display": "100"}, "missing_lines": [], "excluded_lines": [], "start_line": 1, "executed_branches": [], "missing_branches": []}}, "classes": {"": {"executed_lines": [5, 6, 7, 12, 13, 14, 15, 16, 22, 23, 25], "summary": {"covered_lines": 11, "num_statements": 11, "percent_covered": 100.0, "percent_covered_display": "100", "missing_lines": 0, "excluded_lines": 0, "percent_statements_covered": 100.0, "percent_statements_covered_display": "100", "num_branches": 0, "num_partial_branches": 0, "covered_branches": 0, "missing_branches": 0, "percent_branches_covered": 100.0, "percent_branches_covered_display": "100"}, "missing_lines": [], "excluded_lines": [], "start_line": 1, "executed_branches": [], "missing_branches": []}}}, "src\\iatb\\sentiment\\aggregator.py": {"executed_lines": [5, 6, 7, 8, 10, 11, 12, 17, 18, 19, 20, 21, 22, 23, 25, 26, 29, 38, 39, 40, 41, 42, 43, 44, 47, 55, 68, 71, 72, 73, 74, 75, 76, 78, 79, 81, 84, 85, 87, 106, 107, 109, 110, 111, 115, 116, 125, 126, 128, 140, 145, 146, 147, 150, 162, 167, 168, 169, 172, 177, 179, 192, 193, 196, 199, 208, 221, 227, 240, 241, 243, 245, 250, 251, 255, 256, 259, 266, 268, 271, 272, 273, 274, 286, 303, 305, 306, 314, 315, 316, 321, 324, 326, 329, 331, 345, 347, 353, 354, 355, 370, 376, 377, 382, 388, 389, 390, 391, 392, 393, 394, 396, 397, 400, 401, 404, 411, 413, 434, 435, 437, 438, 441, 442, 444, 445, 448, 449, 451, 453, 473, 476, 477, 478], "summary": {"covered_lines": 134, "num_statements": 151, "percent_covered": 85.47486033519553, "percent_covered_display": "85", "missing_lines": 17, "excluded_lines": 0, "percent_statements_covered": 88.74172185430463, "percent_statements_covered_display": "89", "num_branches": 28, "num_partial_branches": 9, "covered_branches": 19, "missing_branches": 9, "percent_branches_covered": 67.85714285714286, "percent_branches_covered_display": "68"}, "missing_lines": [112, 113, 121, 148, 170, 200, 201, 202, 327, 328, 366, 367, 368, 378, 379, 380, 398], "excluded_lines": [], "executed_branches": [[68, 71], [68, 73], [116, 125], [145, 146], [167, 168], [240, 241], [240, 243], [305, 306], [314, 315], [390, 391], [390, 396], [392, 393], [397, 400], [437, 438], [437, 444], [441, 442], [444, 445], [444, 451], [448, 449]], "missing_branches": [[116, 121], [145, 148], [167, 170], [305, 329], [314, 329], [392, 390], [397, 398], [441, 444], [448, 451]], "functions": {"SentimentAggregator.__init__": {"executed_lines": [68, 71, 72, 73, 74, 75, 76, 78, 79, 81, 84, 85], "summary": {"covered_lines": 12, "num_statements": 12, "percent_covered": 100.0, "percent_covered_display": "100", "missing_lines": 0, "excluded_lines": 0, "percent_statements_covered": 100.0, "percent_statements_covered_display": "100", "num_branches": 2, "num_partial_branches": 0, "covered_branches": 2, "missing_branches": 0, "percent_branches_covered": 100.0, "percent_branches_covered_display": "100"}, "missing_lines": [], "excluded_lines": [], "start_line": 55, "executed_branches": [[68, 71], [68, 73]], "missing_branches": []}, "SentimentAggregator._initialize_analyzer_with_fallback": {"executed_lines": [106, 107, 109, 110, 111, 115, 116, 125, 126], "summary": {"covered_lines": 9, "num_statements": 12, "percent_covered": 71.42857142857143, "percent_covered_display": "71", "missing_lines": 3, "excluded_lines": 0, "percent_statements_covered": 75.0, "percent_statements_covered_display": "75", "num_branches": 2, "num_partial_branches": 1, "covered_branches": 1, "missing_branches": 1, "percent_branches_covered": 50.0, "percent_branches_covered_display": "50"}, "missing_lines": [112, 113, 121], "excluded_lines": [], "start_line": 87, "executed_branches": [[116, 125]], "missing_branches": [[116, 121]]}, "SentimentAggregator._get_analyzer_instance": {"executed_lines": [140, 145, 146, 147], "summary": {"covered_lines": 4, "num_statements": 5, "percent_covered": 71.42857142857143, "percent_covered_display": "71", "missing_lines": 1, "excluded_lines": 0, "percent_statements_covered": 80.0, "percent_statements_covered_display": "80", "num_branches": 2, "num_partial_branches": 1, "covered_branches": 1, "missing_branches": 1, "percent_branches_covered": 50.0, "percent_branches_covered_display": "50"}, "missing_lines": [148], "excluded_lines": [], "start_line": 128, "executed_branches": [[145, 146]], "missing_branches": [[145, 148]]}, "SentimentAggregator._get_analyzer_weight": {"executed_lines": [162, 167, 168, 169], "summary": {"covered_lines": 4, "num_statements": 5, "percent_covered": 71.42857142857143, "percent_covered_display": "71", "missing_lines": 1, "excluded_lines": 0, "percent_statements_covered": 80.0, "percent_statements_covered_display": "80", "num_branches": 2, "num_partial_branches": 1, "covered_branches": 1, "missing_branches": 1, "percent_branches_covered": 50.0, "percent_branches_covered_display": "50"}, "missing_lines": [170], "excluded_lines": [], "start_line": 150, "executed_branches": [[167, 168]], "missing_branches": [[167, 170]]}, "SentimentAggregator._get_weight": {"executed_lines": [177], "summary": {"covered_lines": 1, "num_statements": 1, "percent_covered": 100.0, "percent_covered_display": "100", "missing_lines": 0, "excluded_lines": 0, "percent_statements_covered": 100.0, "percent_statements_covered_display": "100", "num_branches": 0, "num_partial_branches": 0, "covered_branches": 0, "missing_branches": 0, "percent_branches_covered": 100.0, "percent_branches_covered_display": "100"}, "missing_lines": [], "excluded_lines": [], "start_line": 172, "executed_branches": [], "missing_branches": []}, "SentimentAggregator._initialize_with_graceful_fallback": {"executed_lines": [192, 193, 196, 199], "summary": {"covered_lines": 4, "num_statements": 7, "percent_covered": 57.142857142857146, "percent_covered_display": "57", "missing_lines": 3, "excluded_lines": 0, "percent_statements_covered": 57.142857142857146, "percent_statements_covered_display": "57", "num_branches": 0, "num_partial_branches": 0, "covered_branches": 0, "missing_branches": 0, "percent_branches_covered": 100.0, "percent_branches_covered_display": "100"}, "missing_lines": [200, 201, 202], "excluded_lines": [], "start_line": 179, "executed_branches": [], "missing_branches": []}, "SentimentAggregator._initialize_without_fallback": {"executed_lines": [221], "summary": {"covered_lines": 1, "num_statements": 1, "percent_covered": 100.0, "percent_covered_display": "100", "missing_lines": 0, "excluded_lines": 0, "percent_statements_covered": 100.0, "percent_statements_covered_display": "100", "num_branches": 0, "num_partial_branches": 0, "covered_branches": 0, "missing_branches": 0, "percent_branches_covered": 100.0, "percent_branches_covered_display": "100"}, "missing_lines": [], "excluded_lines": [], "start_line": 208, "executed_branches": [], "missing_branches": []}, "SentimentAggregator._initialize_analyzers": {"executed_lines": [240, 241, 243, 245], "summary": {"covered_lines": 4, "num_statements": 4, "percent_covered": 100.0, "percent_covered_display": "100", "missing_lines": 0, "excluded_lines": 0, "percent_statements_covered": 100.0, "percent_statements_covered_display": "100", "num_branches": 2, "num_partial_branches": 0, "covered_branches": 2, "missing_branches": 0, "percent_branches_covered": 100.0, "percent_branches_covered_display": "100"}, "missing_lines": [], "excluded_lines": [], "start_line": 227, "executed_branches": [[240, 241], [240, 243]], "missing_branches": []}, "SentimentAggregator.analyze": {"executed_lines": [251, 255, 256, 259, 266], "summary": {"covered_lines": 5, "num_statements": 5, "percent_covered": 100.0, "percent_covered_display": "100", "missing_lines": 0, "excluded_lines": 0, "percent_statements_covered": 100.0, "percent_statements_covered_display": "100", "num_branches": 0, "num_partial_branches": 0, "covered_branches": 0, "missing_branches": 0, "percent_branches_covered": 100.0, "percent_branches_covered_display": "100"}, "missing_lines": [], "excluded_lines": [], "start_line": 250, "executed_branches": [], "missing_branches": []}, "SentimentAggregator.evaluate_instrument": {"executed_lines": [271, 272, 273, 274], "summary": {"covered_lines": 4, "num_statements": 4, "percent_covered": 100.0, "percent_covered_display": "100", "missing_lines": 0, "excluded_lines": 0, "percent_statements_covered": 100.0, "percent_statements_covered_display": "100", "num_branches": 0, "num_partial_branches": 0, "covered_branches": 0, "missing_branches": 0, "percent_branches_covered": 100.0, "percent_branches_covered_display": "100"}, "missing_lines": [], "excluded_lines": [], "start_line": 268, "executed_branches": [], "missing_branches": []}, "SentimentAggregator.analyze_news": {"executed_lines": [303, 305, 306, 314, 315, 316, 321, 324, 326, 329], "summary": {"covered_lines": 10, "num_statements": 12, "percent_covered": 75.0, "percent_covered_display": "75", "missing_lines": 2, "excluded_lines": 0, "percent_statements_covered": 83.33333333333333, "percent_statements_covered_display": "83", "num_branches": 4, "num_partial_branches": 2, "covered_branches": 2, "missing_branches": 2, "percent_branches_covered": 50.0, "percent_branches_covered_display": "50"}, "missing_lines": [327, 328], "excluded_lines": [], "start_line": 286, "executed_branches": [[305, 306], [314, 315]], "missing_branches": [[305, 329], [314, 329]]}, "SentimentAggregator.analyze_social": {"executed_lines": [345], "summary": {"covered_lines": 1, "num_statements": 1, "percent_covered": 100.0, "percent_covered_display": "100", "missing_lines": 0, "excluded_lines": 0, "percent_statements_covered": 100.0, "percent_statements_covered_display": "100", "num_branches": 0, "num_partial_branches": 0, "covered_branches": 0, "missing_branches": 0, "percent_branches_covered": 100.0, "percent_branches_covered_display": "100"}, "missing_lines": [], "excluded_lines": [], "start_line": 331, "executed_branches": [], "missing_branches": []}, "SentimentAggregator._collect_news_component": {"executed_lines": [353, 354, 355], "summary": {"covered_lines": 3, "num_statements": 6, "percent_covered": 50.0, "percent_covered_display": "50", "missing_lines": 3, "excluded_lines": 0, "percent_statements_covered": 50.0, "percent_statements_covered_display": "50", "num_branches": 0, "num_partial_branches": 0, "covered_branches": 0, "missing_branches": 0, "percent_branches_covered": 100.0, "percent_branches_covered_display": "100"}, "missing_lines": [366, 367, 368], "excluded_lines": [], "start_line": 347, "executed_branches": [], "missing_branches": []}, "SentimentAggregator._collect_social_component": {"executed_lines": [376, 377], "summary": {"covered_lines": 2, "num_statements": 5, "percent_covered": 40.0, "percent_covered_display": "40", "missing_lines": 3, "excluded_lines": 0, "percent_statements_covered": 40.0, "percent_statements_covered_display": "40", "num_branches": 0, "num_partial_branches": 0, "covered_branches": 0, "missing_branches": 0, "percent_branches_covered": 100.0, "percent_branches_covered_display": "100"}, "missing_lines": [378, 379, 380], "excluded_lines": [], "start_line": 370, "executed_branches": [], "missing_branches": []}, "SentimentAggregator._compute_full_ensemble": {"executed_lines": [388, 389, 390, 391, 392, 393, 394, 396, 397, 400, 401, 404, 411], "summary": {"covered_lines": 13, "num_statements": 14, "percent_covered": 85.0, "percent_covered_display": "85", "missing_lines": 1, "excluded_lines": 0, "percent_statements_covered": 92.85714285714286, "percent_statements_covered_display": "93", "num_branches": 6, "num_partial_branches": 2, "covered_branches": 4, "missing_branches": 2, "percent_branches_covered": 66.66666666666667, "percent_branches_covered_display": "67"}, "missing_lines": [398], "excluded_lines": [], "start_line": 382, "executed_branches": [[390, 391], [390, 396], [392, 393], [397, 400]], "missing_branches": [[392, 390], [397, 398]]}, "SentimentAggregator.analyze_full_ensemble": {"executed_lines": [434, 435, 437, 438, 441, 442, 444, 445, 448, 449, 451], "summary": {"covered_lines": 11, "num_statements": 11, "percent_covered": 89.47368421052632, "percent_covered_display": "89", "missing_lines": 0, "excluded_lines": 0, "percent_statements_covered": 100.0, "percent_statements_covered_display": "100", "num_branches": 8, "num_partial_branches": 2, "covered_branches": 6, "missing_branches": 2, "percent_branches_covered": 75.0, "percent_branches_covered_display": "75"}, "missing_lines": [], "excluded_lines": [], "start_line": 413, "executed_branches": [[437, 438], [437, 444], [441, 442], [444, 445], [444, 451], [448, 449]], "missing_branches": [[441, 444], [448, 451]]}, "SentimentAggregator.evaluate_instrument_full": {"executed_lines": [473, 476, 477, 478], "summary": {"covered_lines": 4, "num_statements": 4, "percent_covered": 100.0, "percent_covered_display": "100", "missing_lines": 0, "excluded_lines": 0, "percent_statements_covered": 100.0, "percent_statements_covered_display": "100", "num_branches": 0, "num_partial_branches": 0, "covered_branches": 0, "missing_branches": 0, "percent_branches_covered": 100.0, "percent_branches_covered_display": "100"}, "missing_lines": [], "excluded_lines": [], "start_line": 453, "executed_branches": [], "missing_branches": []}, "": {"executed_lines": [5, 6, 7, 8, 10, 11, 12, 17, 18, 19, 20, 21, 22, 23, 25, 26, 29, 38, 39, 40, 41, 42, 43, 44, 47, 55, 87, 128, 150, 172, 179, 208, 227, 250, 268, 286, 331, 347, 370, 382, 413, 453], "summary": {"covered_lines": 42, "num_statements": 42, "percent_covered": 100.0, "percent_covered_display": "100", "missing_lines": 0, "excluded_lines": 0, "percent_statements_covered": 100.0, "percent_statements_covered_display": "100", "num_branches": 0, "num_partial_branches": 0, "covered_branches": 0, "missing_branches": 0, "percent_branches_covered": 100.0, "percent_branches_covered_display": "100"}, "missing_lines": [], "excluded_lines": [], "start_line": 1, "executed_branches": [], "missing_branches": []}}, "classes": {"SentimentGateResult": {"executed_lines": [], "summary": {"covered_lines": 0, "num_statements": 0, "percent_covered": 100.0, "percent_covered_display": "100", "missing_lines": 0, "excluded_lines": 0, "percent_statements_covered": 100.0, "percent_statements_covered_display": "100", "num_branches": 0, "num_partial_branches": 0, "covered_branches": 0, "missing_branches": 0, "percent_branches_covered": 100.0, "percent_branches_covered_display": "100"}, "missing_lines": [], "excluded_lines": [], "start_line": 39, "executed_branches": [], "missing_branches": []}, "SentimentAggregator": {"executed_lines": [68, 71, 72, 73, 74, 75, 76, 78, 79, 81, 84, 85, 106, 107, 109, 110, 111, 115, 116, 125, 126, 140, 145, 146, 147, 162, 167, 168, 169, 177, 192, 193, 196, 199, 221, 240, 241, 243, 245, 251, 255, 256, 259, 266, 271, 272, 273, 274, 303, 305, 306, 314, 315, 316, 321, 324, 326, 329, 345, 353, 354, 355, 376, 377, 388, 389, 390, 391, 392, 393, 394, 396, 397, 400, 401, 404, 411, 434, 435, 437, 438, 441, 442, 444, 445, 448, 449, 451, 473, 476, 477, 478], "summary": {"covered_lines": 92, "num_statements": 109, "percent_covered": 81.02189781021897, "percent_covered_display": "81", "missing_lines": 17, "excluded_lines": 0, "percent_statements_covered": 84.40366972477064, "percent_statements_covered_display": "84", "num_branches": 28, "num_partial_branches": 9, "covered_branches": 19, "missing_branches": 9, "percent_branches_covered": 67.85714285714286, "percent_branches_covered_display": "68"}, "missing_lines": [112, 113, 121, 148, 170, 200, 201, 202, 327, 328, 366, 367, 368, 378, 379, 380, 398], "excluded_lines": [], "start_line": 47, "executed_branches": [[68, 71], [68, 73], [116, 125], [145, 146], [167, 168], [240, 241], [240, 243], [305, 306], [314, 315], [390, 391], [390, 396], [392, 393], [397, 400], [437, 438], [437, 444], [441, 442], [444, 445], [444, 451], [448, 449]], "missing_branches": [[116, 121], [145, 148], [167, 170], [305, 329], [314, 329], [392, 390], [397, 398], [441, 444], [448, 451]]}, "": {"executed_lines": [5, 6, 7, 8, 10, 11, 12, 17, 18, 19, 20, 21, 22, 23, 25, 26, 29, 38, 39, 40, 41, 42, 43, 44, 47, 55, 87, 128, 150, 172, 179, 208, 227, 250, 268, 286, 331, 347, 370, 382, 413, 453], "summary": {"covered_lines": 42, "num_statements": 42, "percent_covered": 100.0, "percent_covered_display": "100", "missing_lines": 0, "excluded_lines": 0, "percent_statements_covered": 100.0, "percent_statements_covered_display": "100", "num_branches": 0, "num_partial_branches": 0, "covered_branches": 0, "missing_branches": 0, "percent_branches_covered": 100.0, "percent_branches_covered_display": "100"}, "missing_lines": [], "excluded_lines": [], "start_line": 1, "executed_branches": [], "missing_branches": []}}}, "src\\iatb\\sentiment\\aion_analyzer.py": {"executed_lines": [5, 6, 8, 9, 14, 19, 22, 25, 27, 28, 30, 31, 32, 33, 34, 35, 38, 39, 40, 41, 42, 43, 45, 46], "summary": {"covered_lines": 24, "num_statements": 24, "percent_covered": 100.0, "percent_covered_display": "100", "missing_lines": 0, "excluded_lines": 0, "percent_statements_covered": 100.0, "percent_statements_covered_display": "100", "num_branches": 6, "num_partial_branches": 0, "covered_branches": 6, "missing_branches": 0, "percent_branches_covered": 100.0, "percent_branches_covered_display": "100"}, "missing_lines": [], "excluded_lines": [], "executed_branches": [[32, 33], [32, 35], [40, 41], [40, 42], [42, 43], [42, 45]], "missing_branches": [], "functions": {"AionAnalyzer.__init__": {"executed_lines": [28], "summary": {"covered_lines": 1, "num_statements": 1, "percent_covered": 100.0, "percent_covered_display": "100", "missing_lines": 0, "excluded_lines": 0, "percent_statements_covered": 100.0, "percent_statements_covered_display": "100", "num_branches": 0, "num_partial_branches": 0, "covered_branches": 0, "missing_branches": 0, "percent_branches_covered": 100.0, "percent_branches_covered_display": "100"}, "missing_lines": [], "excluded_lines": [], "start_line": 27, "executed_branches": [], "missing_branches": []}, "AionAnalyzer.analyze": {"executed_lines": [31, 32, 33, 34, 35, 38, 39, 40, 41, 42, 43, 45, 46], "summary": {"covered_lines": 13, "num_statements": 13, "percent_covered": 100.0, "percent_covered_display": "100", "missing_lines": 0, "excluded_lines": 0, "percent_statements_covered": 100.0, "percent_statements_covered_display": "100", "num_branches": 6, "num_partial_branches": 0, "covered_branches": 6, "missing_branches": 0, "percent_branches_covered": 100.0, "percent_branches_covered_display": "100"}, "missing_lines": [], "excluded_lines": [], "start_line": 30, "executed_branches": [[32, 33], [32, 35], [40, 41], [40, 42], [42, 43], [42, 45]], "missing_branches": []}, "": {"executed_lines": [5, 6, 8, 9, 14, 19, 22, 25, 27, 30], "summary": {"covered_lines": 10, "num_statements": 10, "percent_covered": 100.0, "percent_covered_display": "100", "missing_lines": 0, "excluded_lines": 0, "percent_statements_covered": 100.0, "percent_statements_covered_display": "100", "num_branches": 0, "num_partial_branches": 0, "covered_branches": 0, "missing_branches": 0, "percent_branches_covered": 100.0, "percent_branches_covered_display": "100"}, "missing_lines": [], "excluded_lines": [], "start_line": 1, "executed_branches": [], "missing_branches": []}}, "classes": {"AionAnalyzer": {"executed_lines": [28, 31, 32, 33, 34, 35, 38, 39, 40, 41, 42, 43, 45, 46], "summary": {"covered_lines": 14, "num_statements": 14, "percent_covered": 100.0, "percent_covered_display": "100", "missing_lines": 0, "excluded_lines": 0, "percent_statements_covered": 100.0, "percent_statements_covered_display": "100", "num_branches": 6, "num_partial_branches": 0, "covered_branches": 6, "missing_branches": 0, "percent_branches_covered": 100.0, "percent_branches_covered_display": "100"}, "missing_lines": [], "excluded_lines": [], "start_line": 22, "executed_branches": [[32, 33], [32, 35], [40, 41], [40, 42], [42, 43], [42, 45]], "missing_branches": []}, "": {"executed_lines": [5, 6, 8, 9, 14, 19, 22, 25, 27, 30], "summary": {"covered_lines": 10, "num_statements": 10, "percent_covered": 100.0, "percent_covered_display": "100", "missing_lines": 0, "excluded_lines": 0, "percent_statements_covered": 100.0, "percent_statements_covered_display": "100", "num_branches": 0, "num_partial_branches": 0, "covered_branches": 0, "missing_branches": 0, "percent_branches_covered": 100.0, "percent_branches_covered_display": "100"}, "missing_lines": [], "excluded_lines": [], "start_line": 1, "executed_branches": [], "missing_branches": []}}}, "src\\iatb\\sentiment\\base.py": {"executed_lines": [5, 6, 7, 9, 12, 13, 14, 15, 16, 17, 18, 19, 20, 21, 24, 26, 27, 28, 29, 30, 33, 34, 35, 36, 37, 38, 39, 40, 42, 43, 44, 45, 46, 47, 48, 49, 50, 53, 54, 55, 56, 57, 58, 59, 66, 67, 70], "summary": {"covered_lines": 47, "num_statements": 48, "percent_covered": 98.38709677419355, "percent_covered_display": "98", "missing_lines": 1, "excluded_lines": 0, "percent_statements_covered": 97.91666666666667, "percent_statements_covered_display": "98", "num_branches": 14, "num_partial_branches": 0, "covered_branches": 14, "missing_branches": 0, "percent_branches_covered": 100.0, "percent_branches_covered_display": "100"}, "missing_lines": [71], "excluded_lines": [], "executed_branches": [[18, 19], [18, 21], [26, 27], [26, 28], [28, 29], [28, 30], [43, 44], [43, 46], [46, 47], [46, 49], [53, 54], [53, 56], [56, 57], [56, 59]], "missing_branches": [], "functions": {"_as_decimal": {"executed_lines": [13, 14, 15, 16, 17, 18, 19, 20, 21], "summary": {"covered_lines": 9, "num_statements": 9, "percent_covered": 100.0, "percent_covered_display": "100", "missing_lines": 0, "excluded_lines": 0, "percent_statements_covered": 100.0, "percent_statements_covered_display": "100", "num_branches": 2, "num_partial_branches": 0, "covered_branches": 2, "missing_branches": 0, "percent_branches_covered": 100.0, "percent_branches_covered_display": "100"}, "missing_lines": [], "excluded_lines": [], "start_line": 12, "executed_branches": [[18, 19], [18, 21]], "missing_branches": []}, "sentiment_label_from_score": {"executed_lines": [26, 27, 28, 29, 30], "summary": {"covered_lines": 5, "num_statements": 5, "percent_covered": 100.0, "percent_covered_display": "100", "missing_lines": 0, "excluded_lines": 0, "percent_statements_covered": 100.0, "percent_statements_covered_display": "100", "num_branches": 4, "num_partial_branches": 0, "covered_branches": 4, "missing_branches": 0, "percent_branches_covered": 100.0, "percent_branches_covered_display": "100"}, "missing_lines": [], "excluded_lines": [], "start_line": 24, "executed_branches": [[26, 27], [26, 28], [28, 29], [28, 30]], "missing_branches": []}, "SentimentScore.__post_init__": {"executed_lines": [43, 44, 45, 46, 47, 48, 49, 50, 53, 54, 55, 56, 57, 58, 59], "summary": {"covered_lines": 15, "num_statements": 15, "percent_covered": 100.0, "percent_covered_display": "100", "missing_lines": 0, "excluded_lines": 0, "percent_statements_covered": 100.0, "percent_statements_covered_display": "100", "num_branches": 8, "num_partial_branches": 0, "covered_branches": 8, "missing_branches": 0, "percent_branches_covered": 100.0, "percent_branches_covered_display": "100"}, "missing_lines": [], "excluded_lines": [], "start_line": 42, "executed_branches": [[43, 44], [43, 46], [46, 47], [46, 49], [53, 54], [53, 56], [56, 57], [56, 59]], "missing_branches": []}, "SentimentAnalyzer.analyze": {"executed_lines": [], "summary": {"covered_lines": 0, "num_statements": 1, "percent_covered": 0.0, "percent_covered_display": "0", "missing_lines": 1, "excluded_lines": 0, "percent_statements_covered": 0.0, "percent_statements_covered_display": "0", "num_branches": 0, "num_partial_branches": 0, "covered_branches": 0, "missing_branches": 0, "percent_branches_covered": 100.0, "percent_branches_covered_display": "100"}, "missing_lines": [71], "excluded_lines": [], "start_line": 70, "executed_branches": [], "missing_branches": []}, "": {"executed_lines": [5, 6, 7, 9, 12, 24, 33, 34, 35, 36, 37, 38, 39, 40, 42, 66, 67, 70], "summary": {"covered_lines": 18, "num_statements": 18, "percent_covered": 100.0, "percent_covered_display": "100", "missing_lines": 0, "excluded_lines": 0, "percent_statements_covered": 100.0, "percent_statements_covered_display": "100", "num_branches": 0, "num_partial_branches": 0, "covered_branches": 0, "missing_branches": 0, "percent_branches_covered": 100.0, "percent_branches_covered_display": "100"}, "missing_lines": [], "excluded_lines": [], "start_line": 1, "executed_branches": [], "missing_branches": []}}, "classes": {"SentimentScore": {"executed_lines": [43, 44, 45, 46, 47, 48, 49, 50, 53, 54, 55, 56, 57, 58, 59], "summary": {"covered_lines": 15, "num_statements": 15, "percent_covered": 100.0, "percent_covered_display": "100", "missing_lines": 0, "excluded_lines": 0, "percent_statements_covered": 100.0, "percent_statements_covered_display": "100", "num_branches": 8, "num_partial_branches": 0, "covered_branches": 8, "missing_branches": 0, "percent_branches_covered": 100.0, "percent_branches_covered_display": "100"}, "missing_lines": [], "excluded_lines": [], "start_line": 34, "executed_branches": [[43, 44], [43, 46], [46, 47], [46, 49], [53, 54], [53, 56], [56, 57], [56, 59]], "missing_branches": []}, "SentimentAnalyzer": {"executed_lines": [], "summary": {"covered_lines": 0, "num_statements": 1, "percent_covered": 0.0, "percent_covered_display": "0", "missing_lines": 1, "excluded_lines": 0, "percent_statements_covered": 0.0, "percent_statements_covered_display": "0", "num_branches": 0, "num_partial_branches": 0, "covered_branches": 0, "missing_branches": 0, "percent_branches_covered": 100.0, "percent_branches_covered_display": "100"}, "missing_lines": [71], "excluded_lines": [], "start_line": 67, "executed_branches": [], "missing_branches": []}, "": {"executed_lines": [5, 6, 7, 9, 12, 13, 14, 15, 16, 17, 18, 19, 20, 21, 24, 26, 27, 28, 29, 30, 33, 34, 35, 36, 37, 38, 39, 40, 42, 66, 67, 70], "summary": {"covered_lines": 32, "num_statements": 32, "percent_covered": 100.0, "percent_covered_display": "100", "missing_lines": 0, "excluded_lines": 0, "percent_statements_covered": 100.0, "percent_statements_covered_display": "100", "num_branches": 6, "num_partial_branches": 0, "covered_branches": 6, "missing_branches": 0, "percent_branches_covered": 100.0, "percent_branches_covered_display": "100"}, "missing_lines": [], "excluded_lines": [], "start_line": 1, "executed_branches": [[18, 19], [18, 21], [26, 27], [26, 28], [28, 29], [28, 30]], "missing_branches": []}}}, "src\\iatb\\sentiment\\finbert_analyzer.py": {"executed_lines": [5, 6, 8, 9, 14, 16, 19, 22, 24, 29, 31, 32, 33, 34, 35, 36, 37, 38, 39, 40, 42, 43], "summary": {"covered_lines": 22, "num_statements": 22, "percent_covered": 100.0, "percent_covered_display": "100", "missing_lines": 0, "excluded_lines": 0, "percent_statements_covered": 100.0, "percent_statements_covered_display": "100", "num_branches": 6, "num_partial_branches": 0, "covered_branches": 6, "missing_branches": 0, "percent_branches_covered": 100.0, "percent_branches_covered_display": "100"}, "missing_lines": [], "excluded_lines": [], "executed_branches": [[33, 34], [33, 36], [37, 38], [37, 39], [39, 40], [39, 42]], "missing_branches": [], "functions": {"FinbertAnalyzer.__init__": {"executed_lines": [29], "summary": {"covered_lines": 1, "num_statements": 1, "percent_covered": 100.0, "percent_covered_display": "100", "missing_lines": 0, "excluded_lines": 0, "percent_statements_covered": 100.0, "percent_statements_covered_display": "100", "num_branches": 0, "num_partial_branches": 0, "covered_branches": 0, "missing_branches": 0, "percent_branches_covered": 100.0, "percent_branches_covered_display": "100"}, "missing_lines": [], "excluded_lines": [], "start_line": 24, "executed_branches": [], "missing_branches": []}, "FinbertAnalyzer.analyze": {"executed_lines": [32, 33, 34, 35, 36, 37, 38, 39, 40, 42, 43], "summary": {"covered_lines": 11, "num_statements": 11, "percent_covered": 100.0, "percent_covered_display": "100", "missing_lines": 0, "excluded_lines": 0, "percent_statements_covered": 100.0, "percent_statements_covered_display": "100", "num_branches": 6, "num_partial_branches": 0, "covered_branches": 6, "missing_branches": 0, "percent_branches_covered": 100.0, "percent_branches_covered_display": "100"}, "missing_lines": [], "excluded_lines": [], "start_line": 31, "executed_branches": [[33, 34], [33, 36], [37, 38], [37, 39], [39, 40], [39, 42]], "missing_branches": []}, "": {"executed_lines": [5, 6, 8, 9, 14, 16, 19, 22, 24, 31], "summary": {"covered_lines": 10, "num_statements": 10, "percent_covered": 100.0, "percent_covered_display": "100", "missing_lines": 0, "excluded_lines": 0, "percent_statements_covered": 100.0, "percent_statements_covered_display": "100", "num_branches": 0, "num_partial_branches": 0, "covered_branches": 0, "missing_branches": 0, "percent_branches_covered": 100.0, "percent_branches_covered_display": "100"}, "missing_lines": [], "excluded_lines": [], "start_line": 1, "executed_branches": [], "missing_branches": []}}, "classes": {"FinbertAnalyzer": {"executed_lines": [29, 32, 33, 34, 35, 36, 37, 38, 39, 40, 42, 43], "summary": {"covered_lines": 12, "num_statements": 12, "percent_covered": 100.0, "percent_covered_display": "100", "missing_lines": 0, "excluded_lines": 0, "percent_statements_covered": 100.0, "percent_statements_covered_display": "100", "num_branches": 6, "num_partial_branches": 0, "covered_branches": 6, "missing_branches": 0, "percent_branches_covered": 100.0, "percent_branches_covered_display": "100"}, "missing_lines": [], "excluded_lines": [], "start_line": 19, "executed_branches": [[33, 34], [33, 36], [37, 38], [37, 39], [39, 40], [39, 42]], "missing_branches": []}, "": {"executed_lines": [5, 6, 8, 9, 14, 16, 19, 22, 24, 31], "summary": {"covered_lines": 10, "num_statements": 10, "percent_covered": 100.0, "percent_covered_display": "100", "missing_lines": 0, "excluded_lines": 0, "percent_statements_covered": 100.0, "percent_statements_covered_display": "100", "num_branches": 0, "num_partial_branches": 0, "covered_branches": 0, "missing_branches": 0, "percent_branches_covered": 100.0, "percent_branches_covered_display": "100"}, "missing_lines": [], "excluded_lines": [], "start_line": 1, "executed_branches": [], "missing_branches": []}}}, "src\\iatb\\sentiment\\helpers.py": {"executed_lines": [5, 6, 7, 8, 10, 15, 18, 20, 21, 22, 23, 24, 25, 26, 27, 28, 29, 30, 31, 32, 33, 34, 35, 36, 37, 40, 42, 43, 46, 47, 48, 49, 50, 51, 52, 53, 54, 55, 56, 57, 60, 64, 65, 66, 67, 68, 69, 71, 72, 74, 75, 76, 77, 78, 81, 83, 84, 86, 89, 93, 94, 95, 96, 97, 98, 101, 106, 107, 111, 115, 116, 117], "summary": {"covered_lines": 72, "num_statements": 72, "percent_covered": 98.93617021276596, "percent_covered_display": "99", "missing_lines": 0, "excluded_lines": 2, "percent_statements_covered": 100.0, "percent_statements_covered_display": "100", "num_branches": 22, "num_partial_branches": 1, "covered_branches": 21, "missing_branches": 1, "percent_branches_covered": 95.45454545454545, "percent_branches_covered_display": "95"}, "missing_lines": [], "excluded_lines": [12, 13], "executed_branches": [[25, 26], [25, 29], [27, 25], [27, 28], [30, 31], [30, 36], [32, 33], [34, 32], [34, 35], [42, 43], [42, 52], [48, 49], [48, 51], [52, 53], [52, 54], [54, 55], [54, 56], [74, 75], [74, 77], [93, 94], [93, 96]], "missing_branches": [[32, 36]], "functions": {"resolve_aion_predictor": {"executed_lines": [20, 21, 22, 23, 24, 25, 26, 27, 28, 29, 30, 31, 32, 33, 34, 35, 36, 37], "summary": {"covered_lines": 18, "num_statements": 18, "percent_covered": 96.42857142857143, "percent_covered_display": "96", "missing_lines": 0, "excluded_lines": 0, "percent_statements_covered": 100.0, "percent_statements_covered_display": "100", "num_branches": 10, "num_partial_branches": 1, "covered_branches": 9, "missing_branches": 1, "percent_branches_covered": 90.0, "percent_branches_covered_display": "90"}, "missing_lines": [], "excluded_lines": [], "start_line": 18, "executed_branches": [[25, 26], [25, 29], [27, 25], [27, 28], [30, 31], [30, 36], [32, 33], [34, 32], [34, 35]], "missing_branches": [[32, 36]]}, "validate_and_parse_aion_prediction": {"executed_lines": [42, 43, 46, 47, 48, 49, 50, 51, 52, 53, 54, 55, 56, 57], "summary": {"covered_lines": 14, "num_statements": 14, "percent_covered": 100.0, "percent_covered_display": "100", "missing_lines": 0, "excluded_lines": 0, "percent_statements_covered": 100.0, "percent_statements_covered_display": "100", "num_branches": 8, "num_partial_branches": 0, "covered_branches": 8, "missing_branches": 0, "percent_branches_covered": 100.0, "percent_branches_covered_display": "100"}, "missing_lines": [], "excluded_lines": [], "start_line": 40, "executed_branches": [[42, 43], [42, 52], [48, 49], [48, 51], [52, 53], [52, 54], [54, 55], [54, 56]], "missing_branches": []}, "resolve_finbert_predictor": {"executed_lines": [64, 65, 66, 67, 68, 69, 71, 72, 74, 75, 76, 77, 78, 81, 83, 84, 86], "summary": {"covered_lines": 17, "num_statements": 17, "percent_covered": 100.0, "percent_covered_display": "100", "missing_lines": 0, "excluded_lines": 0, "percent_statements_covered": 100.0, "percent_statements_covered_display": "100", "num_branches": 2, "num_partial_branches": 0, "covered_branches": 2, "missing_branches": 0, "percent_branches_covered": 100.0, "percent_branches_covered_display": "100"}, "missing_lines": [], "excluded_lines": [], "start_line": 60, "executed_branches": [[74, 75], [74, 77]], "missing_branches": []}, "parse_finbert_label_score": {"executed_lines": [93, 94, 95, 96, 97, 98], "summary": {"covered_lines": 6, "num_statements": 6, "percent_covered": 100.0, "percent_covered_display": "100", "missing_lines": 0, "excluded_lines": 0, "percent_statements_covered": 100.0, "percent_statements_covered_display": "100", "num_branches": 2, "num_partial_branches": 0, "covered_branches": 2, "missing_branches": 0, "percent_branches_covered": 100.0, "percent_branches_covered_display": "100"}, "missing_lines": [], "excluded_lines": [], "start_line": 89, "executed_branches": [[93, 94], [93, 96]], "missing_branches": []}, "compute_weighted_ensemble": {"executed_lines": [106, 107, 111, 115, 116, 117], "summary": {"covered_lines": 6, "num_statements": 6, "percent_covered": 100.0, "percent_covered_display": "100", "missing_lines": 0, "excluded_lines": 0, "percent_statements_covered": 100.0, "percent_statements_covered_display": "100", "num_branches": 0, "num_partial_branches": 0, "covered_branches": 0, "missing_branches": 0, "percent_branches_covered": 100.0, "percent_branches_covered_display": "100"}, "missing_lines": [], "excluded_lines": [], "start_line": 101, "executed_branches": [], "missing_branches": []}, "": {"executed_lines": [5, 6, 7, 8, 10, 15, 18, 40, 60, 89, 101], "summary": {"covered_lines": 11, "num_statements": 11, "percent_covered": 100.0, "percent_covered_display": "100", "missing_lines": 0, "excluded_lines": 2, "percent_statements_covered": 100.0, "percent_statements_covered_display": "100", "num_branches": 0, "num_partial_branches": 0, "covered_branches": 0, "missing_branches": 0, "percent_branches_covered": 100.0, "percent_branches_covered_display": "100"}, "missing_lines": [], "excluded_lines": [12, 13], "start_line": 1, "executed_branches": [], "missing_branches": []}}, "classes": {"": {"executed_lines": [5, 6, 7, 8, 10, 15, 18, 20, 21, 22, 23, 24, 25, 26, 27, 28, 29, 30, 31, 32, 33, 34, 35, 36, 37, 40, 42, 43, 46, 47, 48, 49, 50, 51, 52, 53, 54, 55, 56, 57, 60, 64, 65, 66, 67, 68, 69, 71, 72, 74, 75, 76, 77, 78, 81, 83, 84, 86, 89, 93, 94, 95, 96, 97, 98, 101, 106, 107, 111, 115, 116, 117], "summary": {"covered_lines": 72, "num_statements": 72, "percent_covered": 98.93617021276596, "percent_covered_display": "99", "missing_lines": 0, "excluded_lines": 2, "percent_statements_covered": 100.0, "percent_statements_covered_display": "100", "num_branches": 22, "num_partial_branches": 1, "covered_branches": 21, "missing_branches": 1, "percent_branches_covered": 95.45454545454545, "percent_branches_covered_display": "95"}, "missing_lines": [], "excluded_lines": [12, 13], "start_line": 1, "executed_branches": [[25, 26], [25, 29], [27, 25], [27, 28], [30, 31], [30, 36], [32, 33], [34, 32], [34, 35], [42, 43], [42, 52], [48, 49], [48, 51], [52, 53], [52, 54], [54, 55], [54, 56], [74, 75], [74, 77], [93, 94], [93, 96]], "missing_branches": [[32, 36]]}}}, "src\\iatb\\sentiment\\news_analyzer.py": {"executed_lines": [8, 9, 10, 11, 12, 14, 15, 20, 23, 24, 27, 28, 29, 30, 31, 32, 33, 34, 37, 38, 41, 42, 43, 66, 89, 90, 92, 93, 94, 95, 96, 97, 98, 99, 100, 101, 102, 107, 108, 111, 112, 113, 114, 115, 116, 117, 120, 121, 124, 129, 132, 133, 135, 137, 138, 139, 141, 142, 146, 147, 148, 150, 158, 168, 185, 187, 188, 190, 194, 195, 196, 197, 198, 200, 204, 205, 206, 207, 208, 209, 210, 211, 212, 216, 217, 218, 220, 222, 223, 224, 225, 226, 227, 241, 243, 244, 247, 250, 251, 252, 253, 254, 255, 257, 259, 260, 264, 265, 266, 271, 273, 277, 280, 281, 282, 283, 284, 286, 289, 290, 291, 293, 295, 306, 309, 310, 312, 314, 319, 321, 323], "summary": {"covered_lines": 131, "num_statements": 138, "percent_covered": 93.45238095238095, "percent_covered_display": "93", "missing_lines": 7, "excluded_lines": 2, "percent_statements_covered": 94.92753623188406, "percent_statements_covered_display": "95", "num_branches": 30, "num_partial_branches": 4, "covered_branches": 26, "missing_branches": 4, "percent_branches_covered": 86.66666666666667, "percent_branches_covered_display": "87"}, "missing_lines": [103, 104, 126, 143, 144, 278, 287], "excluded_lines": [17, 18], "executed_branches": [[93, 94], [93, 96], [96, 97], [96, 99], [99, 100], [99, 102], [102, -92], [137, 138], [137, 141], [142, 146], [195, 196], [195, 197], [206, 207], [206, 218], [207, 208], [207, 209], [210, 211], [210, 212], [212, 216], [212, 217], [251, 252], [251, 253], [277, 280], [282, 283], [282, 286], [286, 289]], "missing_branches": [[102, 103], [142, 143], [277, 278], [286, 287]], "functions": {"NewsAnalyzerConfig.__post_init__": {"executed_lines": [93, 94, 95, 96, 97, 98, 99, 100, 101, 102], "summary": {"covered_lines": 10, "num_statements": 12, "percent_covered": 85.0, "percent_covered_display": "85", "missing_lines": 2, "excluded_lines": 0, "percent_statements_covered": 83.33333333333333, "percent_statements_covered_display": "83", "num_branches": 8, "num_partial_branches": 1, "covered_branches": 7, "missing_branches": 1, "percent_branches_covered": 87.5, "percent_branches_covered_display": "88"}, "missing_lines": [103, 104], "excluded_lines": [], "start_line": 92, "executed_branches": [[93, 94], [93, 96], [96, 97], [96, 99], [99, 100], [99, 102], [102, -92]], "missing_branches": [[102, 103]]}, "NewsSource.fetch_articles": {"executed_lines": [], "summary": {"covered_lines": 0, "num_statements": 1, "percent_covered": 0.0, "percent_covered_display": "0", "missing_lines": 1, "excluded_lines": 0, "percent_statements_covered": 0.0, "percent_statements_covered_display": "0", "num_branches": 0, "num_partial_branches": 0, "covered_branches": 0, "missing_branches": 0, "percent_branches_covered": 100.0, "percent_branches_covered_display": "100"}, "missing_lines": [126], "excluded_lines": [], "start_line": 124, "executed_branches": [], "missing_branches": []}, "NewsAnalyzer.__init__": {"executed_lines": [133], "summary": {"covered_lines": 1, "num_statements": 1, "percent_covered": 100.0, "percent_covered_display": "100", "missing_lines": 0, "excluded_lines": 0, "percent_statements_covered": 100.0, "percent_statements_covered_display": "100", "num_branches": 0, "num_partial_branches": 0, "covered_branches": 0, "missing_branches": 0, "percent_branches_covered": 100.0, "percent_branches_covered_display": "100"}, "missing_lines": [], "excluded_lines": [], "start_line": 132, "executed_branches": [], "missing_branches": []}, "NewsAnalyzer.analyze": {"executed_lines": [137, 138, 139, 141, 142, 146, 147, 148, 150, 158], "summary": {"covered_lines": 10, "num_statements": 12, "percent_covered": 81.25, "percent_covered_display": "81", "missing_lines": 2, "excluded_lines": 0, "percent_statements_covered": 83.33333333333333, "percent_statements_covered_display": "83", "num_branches": 4, "num_partial_branches": 1, "covered_branches": 3, "missing_branches": 1, "percent_branches_covered": 75.0, "percent_branches_covered_display": "75"}, "missing_lines": [143, 144], "excluded_lines": [], "start_line": 135, "executed_branches": [[137, 138], [137, 141], [142, 146]], "missing_branches": [[142, 143]]}, "NewsAnalyzer.analyze_headlines": {"executed_lines": [185, 187, 188], "summary": {"covered_lines": 3, "num_statements": 3, "percent_covered": 100.0, "percent_covered_display": "100", "missing_lines": 0, "excluded_lines": 0, "percent_statements_covered": 100.0, "percent_statements_covered_display": "100", "num_branches": 0, "num_partial_branches": 0, "covered_branches": 0, "missing_branches": 0, "percent_branches_covered": 100.0, "percent_branches_covered_display": "100"}, "missing_lines": [], "excluded_lines": [], "start_line": 168, "executed_branches": [], "missing_branches": []}, "NewsAnalyzer.analyze_batch": {"executed_lines": [194, 195, 196, 197, 198], "summary": {"covered_lines": 5, "num_statements": 5, "percent_covered": 100.0, "percent_covered_display": "100", "missing_lines": 0, "excluded_lines": 0, "percent_statements_covered": 100.0, "percent_statements_covered_display": "100", "num_branches": 2, "num_partial_branches": 0, "covered_branches": 2, "missing_branches": 0, "percent_branches_covered": 100.0, "percent_branches_covered_display": "100"}, "missing_lines": [], "excluded_lines": [], "start_line": 190, "executed_branches": [[195, 196], [195, 197]], "missing_branches": []}, "NewsAnalyzer._filter_articles": {"executed_lines": [204, 205, 206, 207, 208, 209, 210, 211, 212, 216, 217, 218], "summary": {"covered_lines": 12, "num_statements": 12, "percent_covered": 100.0, "percent_covered_display": "100", "missing_lines": 0, "excluded_lines": 0, "percent_statements_covered": 100.0, "percent_statements_covered_display": "100", "num_branches": 8, "num_partial_branches": 0, "covered_branches": 8, "missing_branches": 0, "percent_branches_covered": 100.0, "percent_branches_covered_display": "100"}, "missing_lines": [], "excluded_lines": [], "start_line": 200, "executed_branches": [[206, 207], [206, 218], [207, 208], [207, 209], [210, 211], [210, 212], [212, 216], [212, 217]], "missing_branches": []}, "NewsAnalyzer._analyze_article": {"executed_lines": [222, 223, 224, 225, 226, 227], "summary": {"covered_lines": 6, "num_statements": 6, "percent_covered": 100.0, "percent_covered_display": "100", "missing_lines": 0, "excluded_lines": 0, "percent_statements_covered": 100.0, "percent_statements_covered_display": "100", "num_branches": 0, "num_partial_branches": 0, "covered_branches": 0, "missing_branches": 0, "percent_branches_covered": 100.0, "percent_branches_covered_display": "100"}, "missing_lines": [], "excluded_lines": [], "start_line": 220, "executed_branches": [], "missing_branches": []}, "NewsAnalyzer._compute_sentiment_score": {"executed_lines": [243, 244, 247, 250, 251, 252, 253, 254, 255], "summary": {"covered_lines": 9, "num_statements": 9, "percent_covered": 100.0, "percent_covered_display": "100", "missing_lines": 0, "excluded_lines": 0, "percent_statements_covered": 100.0, "percent_statements_covered_display": "100", "num_branches": 2, "num_partial_branches": 0, "covered_branches": 2, "missing_branches": 0, "percent_branches_covered": 100.0, "percent_branches_covered_display": "100"}, "missing_lines": [], "excluded_lines": [], "start_line": 241, "executed_branches": [[251, 252], [251, 253]], "missing_branches": []}, "NewsAnalyzer._compute_confidence": {"executed_lines": [259, 260, 264, 265, 266, 271], "summary": {"covered_lines": 6, "num_statements": 6, "percent_covered": 100.0, "percent_covered_display": "100", "missing_lines": 0, "excluded_lines": 0, "percent_statements_covered": 100.0, "percent_statements_covered_display": "100", "num_branches": 0, "num_partial_branches": 0, "covered_branches": 0, "missing_branches": 0, "percent_branches_covered": 100.0, "percent_branches_covered_display": "100"}, "missing_lines": [], "excluded_lines": [], "start_line": 257, "executed_branches": [], "missing_branches": []}, "NewsAnalyzer._aggregate_sentiments": {"executed_lines": [277, 280, 281, 282, 283, 284, 286, 289, 290, 291], "summary": {"covered_lines": 10, "num_statements": 12, "percent_covered": 77.77777777777777, "percent_covered_display": "78", "missing_lines": 2, "excluded_lines": 0, "percent_statements_covered": 83.33333333333333, "percent_statements_covered_display": "83", "num_branches": 6, "num_partial_branches": 2, "covered_branches": 4, "missing_branches": 2, "percent_branches_covered": 66.66666666666667, "percent_branches_covered_display": "67"}, "missing_lines": [278, 287], "excluded_lines": [], "start_line": 273, "executed_branches": [[277, 280], [282, 283], [282, 286], [286, 289]], "missing_branches": [[277, 278], [286, 287]]}, "NewsAnalyzer._empty_result": {"executed_lines": [295], "summary": {"covered_lines": 1, "num_statements": 1, "percent_covered": 100.0, "percent_covered_display": "100", "missing_lines": 0, "excluded_lines": 0, "percent_statements_covered": 100.0, "percent_statements_covered_display": "100", "num_branches": 0, "num_partial_branches": 0, "covered_branches": 0, "missing_branches": 0, "percent_branches_covered": 100.0, "percent_branches_covered_display": "100"}, "missing_lines": [], "excluded_lines": [], "start_line": 293, "executed_branches": [], "missing_branches": []}, "MockNewsSource.__init__": {"executed_lines": [310], "summary": {"covered_lines": 1, "num_statements": 1, "percent_covered": 100.0, "percent_covered_display": "100", "missing_lines": 0, "excluded_lines": 0, "percent_statements_covered": 100.0, "percent_statements_covered_display": "100", "num_branches": 0, "num_partial_branches": 0, "covered_branches": 0, "missing_branches": 0, "percent_branches_covered": 100.0, "percent_branches_covered_display": "100"}, "missing_lines": [], "excluded_lines": [], "start_line": 309, "executed_branches": [], "missing_branches": []}, "MockNewsSource.fetch_articles": {"executed_lines": [314, 319], "summary": {"covered_lines": 2, "num_statements": 2, "percent_covered": 100.0, "percent_covered_display": "100", "missing_lines": 0, "excluded_lines": 0, "percent_statements_covered": 100.0, "percent_statements_covered_display": "100", "num_branches": 0, "num_partial_branches": 0, "covered_branches": 0, "missing_branches": 0, "percent_branches_covered": 100.0, "percent_branches_covered_display": "100"}, "missing_lines": [], "excluded_lines": [], "start_line": 312, "executed_branches": [], "missing_branches": []}, "MockNewsSource.add_article": {"executed_lines": [323], "summary": {"covered_lines": 1, "num_statements": 1, "percent_covered": 100.0, "percent_covered_display": "100", "missing_lines": 0, "excluded_lines": 0, "percent_statements_covered": 100.0, "percent_statements_covered_display": "100", "num_branches": 0, "num_partial_branches": 0, "covered_branches": 0, "missing_branches": 0, "percent_branches_covered": 100.0, "percent_branches_covered_display": "100"}, "missing_lines": [], "excluded_lines": [], "start_line": 321, "executed_branches": [], "missing_branches": []}, "": {"executed_lines": [8, 9, 10, 11, 12, 14, 15, 20, 23, 24, 27, 28, 29, 30, 31, 32, 33, 34, 37, 38, 41, 42, 43, 66, 89, 90, 92, 107, 108, 111, 112, 113, 114, 115, 116, 117, 120, 121, 124, 129, 132, 135, 168, 190, 200, 220, 241, 257, 273, 293, 306, 309, 312, 321], "summary": {"covered_lines": 54, "num_statements": 54, "percent_covered": 100.0, "percent_covered_display": "100", "missing_lines": 0, "excluded_lines": 2, "percent_statements_covered": 100.0, "percent_statements_covered_display": "100", "num_branches": 0, "num_partial_branches": 0, "covered_branches": 0, "missing_branches": 0, "percent_branches_covered": 100.0, "percent_branches_covered_display": "100"}, "missing_lines": [], "excluded_lines": [17, 18], "start_line": 1, "executed_branches": [], "missing_branches": []}}, "classes": {"NewsArticle": {"executed_lines": [], "summary": {"covered_lines": 0, "num_statements": 0, "percent_covered": 100.0, "percent_covered_display": "100", "missing_lines": 0, "excluded_lines": 0, "percent_statements_covered": 100.0, "percent_statements_covered_display": "100", "num_branches": 0, "num_partial_branches": 0, "covered_branches": 0, "missing_branches": 0, "percent_branches_covered": 100.0, "percent_branches_covered_display": "100"}, "missing_lines": [], "excluded_lines": [], "start_line": 24, "executed_branches": [], "missing_branches": []}, "NewsAnalyzerConfig": {"executed_lines": [93, 94, 95, 96, 97, 98, 99, 100, 101, 102], "summary": {"covered_lines": 10, "num_statements": 12, "percent_covered": 85.0, "percent_covered_display": "85", "missing_lines": 2, "excluded_lines": 0, "percent_statements_covered": 83.33333333333333, "percent_statements_covered_display": "83", "num_branches": 8, "num_partial_branches": 1, "covered_branches": 7, "missing_branches": 1, "percent_branches_covered": 87.5, "percent_branches_covered_display": "88"}, "missing_lines": [103, 104], "excluded_lines": [], "start_line": 38, "executed_branches": [[93, 94], [93, 96], [96, 97], [96, 99], [99, 100], [99, 102], [102, -92]], "missing_branches": [[102, 103]]}, "NewsSentimentResult": {"executed_lines": [], "summary": {"covered_lines": 0, "num_statements": 0, "percent_covered": 100.0, "percent_covered_display": "100", "missing_lines": 0, "excluded_lines": 0, "percent_statements_covered": 100.0, "percent_statements_covered_display": "100", "num_branches": 0, "num_partial_branches": 0, "covered_branches": 0, "missing_branches": 0, "percent_branches_covered": 100.0, "percent_branches_covered_display": "100"}, "missing_lines": [], "excluded_lines": [], "start_line": 108, "executed_branches": [], "missing_branches": []}, "NewsSource": {"executed_lines": [], "summary": {"covered_lines": 0, "num_statements": 1, "percent_covered": 0.0, "percent_covered_display": "0", "missing_lines": 1, "excluded_lines": 0, "percent_statements_covered": 0.0, "percent_statements_covered_display": "0", "num_branches": 0, "num_partial_branches": 0, "covered_branches": 0, "missing_branches": 0, "percent_branches_covered": 100.0, "percent_branches_covered_display": "100"}, "missing_lines": [126], "excluded_lines": [], "start_line": 121, "executed_branches": [], "missing_branches": []}, "NewsAnalyzer": {"executed_lines": [133, 137, 138, 139, 141, 142, 146, 147, 148, 150, 158, 185, 187, 188, 194, 195, 196, 197, 198, 204, 205, 206, 207, 208, 209, 210, 211, 212, 216, 217, 218, 222, 223, 224, 225, 226, 227, 243, 244, 247, 250, 251, 252, 253, 254, 255, 259, 260, 264, 265, 266, 271, 277, 280, 281, 282, 283, 284, 286, 289, 290, 291, 295], "summary": {"covered_lines": 63, "num_statements": 67, "percent_covered": 92.13483146067416, "percent_covered_display": "92", "missing_lines": 4, "excluded_lines": 0, "percent_statements_covered": 94.02985074626865, "percent_statements_covered_display": "94", "num_branches": 22, "num_partial_branches": 3, "covered_branches": 19, "missing_branches": 3, "percent_branches_covered": 86.36363636363636, "percent_branches_covered_display": "86"}, "missing_lines": [143, 144, 278, 287], "excluded_lines": [], "start_line": 129, "executed_branches": [[137, 138], [137, 141], [142, 146], [195, 196], [195, 197], [206, 207], [206, 218], [207, 208], [207, 209], [210, 211], [210, 212], [212, 216], [212, 217], [251, 252], [251, 253], [277, 280], [282, 283], [282, 286], [286, 289]], "missing_branches": [[142, 143], [277, 278], [286, 287]]}, "MockNewsSource": {"executed_lines": [310, 314, 319, 323], "summary": {"covered_lines": 4, "num_statements": 4, "percent_covered": 100.0, "percent_covered_display": "100", "missing_lines": 0, "excluded_lines": 0, "percent_statements_covered": 100.0, "percent_statements_covered_display": "100", "num_branches": 0, "num_partial_branches": 0, "covered_branches": 0, "missing_branches": 0, "percent_branches_covered": 100.0, "percent_branches_covered_display": "100"}, "missing_lines": [], "excluded_lines": [], "start_line": 306, "executed_branches": [], "missing_branches": []}, "": {"executed_lines": [8, 9, 10, 11, 12, 14, 15, 20, 23, 24, 27, 28, 29, 30, 31, 32, 33, 34, 37, 38, 41, 42, 43, 66, 89, 90, 92, 107, 108, 111, 112, 113, 114, 115, 116, 117, 120, 121, 124, 129, 132, 135, 168, 190, 200, 220, 241, 257, 273, 293, 306, 309, 312, 321], "summary": {"covered_lines": 54, "num_statements": 54, "percent_covered": 100.0, "percent_covered_display": "100", "missing_lines": 0, "excluded_lines": 2, "percent_statements_covered": 100.0, "percent_statements_covered_display": "100", "num_branches": 0, "num_partial_branches": 0, "covered_branches": 0, "missing_branches": 0, "percent_branches_covered": 100.0, "percent_branches_covered_display": "100"}, "missing_lines": [], "excluded_lines": [17, 18], "start_line": 1, "executed_branches": [], "missing_branches": []}}}, "src\\iatb\\sentiment\\news_scraper.py": {"executed_lines": [5, 6, 7, 8, 9, 10, 11, 12, 13, 15, 20, 21, 28, 29, 31, 34, 37, 41, 42, 43, 44, 45, 46, 47, 50, 55, 57, 58, 59, 61, 62, 65, 66, 67, 69, 70, 71, 73, 80, 91, 93, 94, 95, 96, 108, 111, 112, 113, 114, 115, 116, 117, 120, 121, 122, 123, 124, 125, 126, 127, 128, 129, 130, 131, 132, 133, 136, 139, 149, 150, 151, 152, 153, 154, 155, 156, 158, 159, 160, 161, 162, 163, 164, 165, 166, 167, 168, 169, 171, 174, 175, 179, 180, 181, 182, 183, 185, 186, 187, 188, 198, 199, 207, 208, 209, 210, 211, 212, 215, 216, 217, 218, 219, 220, 221, 222, 223, 225, 226, 227, 228, 229, 230, 231, 232], "summary": {"covered_lines": 125, "num_statements": 134, "percent_covered": 92.6829268292683, "percent_covered_display": "93", "missing_lines": 9, "excluded_lines": 2, "percent_statements_covered": 93.28358208955224, "percent_statements_covered_display": "93", "num_branches": 30, "num_partial_branches": 3, "covered_branches": 27, "missing_branches": 3, "percent_branches_covered": 90.0, "percent_branches_covered_display": "90"}, "missing_lines": [32, 35, 38, 64, 72, 74, 75, 77, 213], "excluded_lines": [17, 18], "executed_branches": [[57, 58], [57, 59], [62, 65], [71, 73], [94, 95], [94, 108], [115, 116], [115, 117], [127, 128], [127, 130], [149, 150], [149, 152], [159, 160], [159, 162], [164, 165], [164, 169], [167, 164], [167, 168], [209, 210], [211, 209], [211, 212], [218, 219], [218, 220], [221, 222], [221, 223], [226, 227], [226, 228]], "missing_branches": [[62, 64], [71, 72], [209, 213]], "functions": {"XmlNode.findtext": {"executed_lines": [], "summary": {"covered_lines": 0, "num_statements": 1, "percent_covered": 0.0, "percent_covered_display": "0", "missing_lines": 1, "excluded_lines": 0, "percent_statements_covered": 0.0, "percent_statements_covered_display": "0", "num_branches": 0, "num_partial_branches": 0, "covered_branches": 0, "missing_branches": 0, "percent_branches_covered": 100.0, "percent_branches_covered_display": "100"}, "missing_lines": [32], "excluded_lines": [], "start_line": 31, "executed_branches": [], "missing_branches": []}, "XmlNode.find": {"executed_lines": [], "summary": {"covered_lines": 0, "num_statements": 1, "percent_covered": 0.0, "percent_covered_display": "0", "missing_lines": 1, "excluded_lines": 0, "percent_statements_covered": 0.0, "percent_statements_covered_display": "0", "num_branches": 0, "num_partial_branches": 0, "covered_branches": 0, "missing_branches": 0, "percent_branches_covered": 100.0, "percent_branches_covered_display": "100"}, "missing_lines": [35], "excluded_lines": [], "start_line": 34, "executed_branches": [], "missing_branches": []}, "XmlNode.findall": {"executed_lines": [], "summary": {"covered_lines": 0, "num_statements": 1, "percent_covered": 0.0, "percent_covered_display": "0", "missing_lines": 1, "excluded_lines": 0, "percent_statements_covered": 0.0, "percent_statements_covered_display": "0", "num_branches": 0, "num_partial_branches": 0, "covered_branches": 0, "missing_branches": 0, "percent_branches_covered": 100.0, "percent_branches_covered_display": "100"}, "missing_lines": [38], "excluded_lines": [], "start_line": 37, "executed_branches": [], "missing_branches": []}, "_parse_rss_date": {"executed_lines": [55, 57, 58, 59, 61, 62, 65, 66, 67, 69, 70, 71, 73], "summary": {"covered_lines": 13, "num_statements": 18, "percent_covered": 70.83333333333333, "percent_covered_display": "71", "missing_lines": 5, "excluded_lines": 0, "percent_statements_covered": 72.22222222222223, "percent_statements_covered_display": "72", "num_branches": 6, "num_partial_branches": 2, "covered_branches": 4, "missing_branches": 2, "percent_branches_covered": 66.66666666666667, "percent_branches_covered_display": "67"}, "missing_lines": [64, 72, 74, 75, 77], "excluded_lines": [], "start_line": 50, "executed_branches": [[57, 58], [57, 59], [62, 65], [71, 73]], "missing_branches": [[62, 64], [71, 72]]}, "headlines_to_articles": {"executed_lines": [91, 93, 94, 95, 96, 108], "summary": {"covered_lines": 6, "num_statements": 6, "percent_covered": 100.0, "percent_covered_display": "100", "missing_lines": 0, "excluded_lines": 0, "percent_statements_covered": 100.0, "percent_statements_covered_display": "100", "num_branches": 2, "num_partial_branches": 0, "covered_branches": 2, "missing_branches": 0, "percent_branches_covered": 100.0, "percent_branches_covered_display": "100"}, "missing_lines": [], "excluded_lines": [], "start_line": 80, "executed_branches": [[94, 95], [94, 108]], "missing_branches": []}, "_default_fetcher": {"executed_lines": [112, 113, 114, 115, 116, 117], "summary": {"covered_lines": 6, "num_statements": 6, "percent_covered": 100.0, "percent_covered_display": "100", "missing_lines": 0, "excluded_lines": 0, "percent_statements_covered": 100.0, "percent_statements_covered_display": "100", "num_branches": 2, "num_partial_branches": 0, "covered_branches": 2, "missing_branches": 0, "percent_branches_covered": 100.0, "percent_branches_covered_display": "100"}, "missing_lines": [], "excluded_lines": [], "start_line": 111, "executed_branches": [[115, 116], [115, 117]], "missing_branches": []}, "_default_article_extractor": {"executed_lines": [121, 122, 123, 124, 125, 126, 127, 128, 129, 130, 131, 132, 133], "summary": {"covered_lines": 13, "num_statements": 13, "percent_covered": 100.0, "percent_covered_display": "100", "missing_lines": 0, "excluded_lines": 0, "percent_statements_covered": 100.0, "percent_statements_covered_display": "100", "num_branches": 2, "num_partial_branches": 0, "covered_branches": 2, "missing_branches": 0, "percent_branches_covered": 100.0, "percent_branches_covered_display": "100"}, "missing_lines": [], "excluded_lines": [], "start_line": 120, "executed_branches": [[127, 128], [127, 130]], "missing_branches": []}, "NewsScraper.__init__": {"executed_lines": [149, 150, 151, 152, 153, 154, 155, 156], "summary": {"covered_lines": 8, "num_statements": 8, "percent_covered": 100.0, "percent_covered_display": "100", "missing_lines": 0, "excluded_lines": 0, "percent_statements_covered": 100.0, "percent_statements_covered_display": "100", "num_branches": 2, "num_partial_branches": 0, "covered_branches": 2, "missing_branches": 0, "percent_branches_covered": 100.0, "percent_branches_covered_display": "100"}, "missing_lines": [], "excluded_lines": [], "start_line": 139, "executed_branches": [[149, 150], [149, 152]], "missing_branches": []}, "NewsScraper.fetch_headlines": {"executed_lines": [159, 160, 161, 162, 163, 164, 165, 166, 167, 168, 169], "summary": {"covered_lines": 11, "num_statements": 11, "percent_covered": 100.0, "percent_covered_display": "100", "missing_lines": 0, "excluded_lines": 0, "percent_statements_covered": 100.0, "percent_statements_covered_display": "100", "num_branches": 6, "num_partial_branches": 0, "covered_branches": 6, "missing_branches": 0, "percent_branches_covered": 100.0, "percent_branches_covered_display": "100"}, "missing_lines": [], "excluded_lines": [], "start_line": 158, "executed_branches": [[159, 160], [159, 162], [164, 165], [164, 169], [167, 164], [167, 168]], "missing_branches": []}, "NewsScraper._parse_feed": {"executed_lines": [174, 175, 179, 180, 181, 182, 183], "summary": {"covered_lines": 7, "num_statements": 7, "percent_covered": 100.0, "percent_covered_display": "100", "missing_lines": 0, "excluded_lines": 0, "percent_statements_covered": 100.0, "percent_statements_covered_display": "100", "num_branches": 0, "num_partial_branches": 0, "covered_branches": 0, "missing_branches": 0, "percent_branches_covered": 100.0, "percent_branches_covered_display": "100"}, "missing_lines": [], "excluded_lines": [], "start_line": 171, "executed_branches": [], "missing_branches": []}, "NewsScraper._entry_to_headline": {"executed_lines": [186, 187, 188, 198, 199], "summary": {"covered_lines": 5, "num_statements": 5, "percent_covered": 100.0, "percent_covered_display": "100", "missing_lines": 0, "excluded_lines": 0, "percent_statements_covered": 100.0, "percent_statements_covered_display": "100", "num_branches": 0, "num_partial_branches": 0, "covered_branches": 0, "missing_branches": 0, "percent_branches_covered": 100.0, "percent_branches_covered_display": "100"}, "missing_lines": [], "excluded_lines": [], "start_line": 185, "executed_branches": [], "missing_branches": []}, "NewsScraper._find_text": {"executed_lines": [209, 210, 211, 212], "summary": {"covered_lines": 4, "num_statements": 5, "percent_covered": 77.77777777777777, "percent_covered_display": "78", "missing_lines": 1, "excluded_lines": 0, "percent_statements_covered": 80.0, "percent_statements_covered_display": "80", "num_branches": 4, "num_partial_branches": 1, "covered_branches": 3, "missing_branches": 1, "percent_branches_covered": 75.0, "percent_branches_covered_display": "75"}, "missing_lines": [213], "excluded_lines": [], "start_line": 208, "executed_branches": [[209, 210], [211, 209], [211, 212]], "missing_branches": [[209, 213]]}, "NewsScraper._resolve_link": {"executed_lines": [217, 218, 219, 220, 221, 222, 223], "summary": {"covered_lines": 7, "num_statements": 7, "percent_covered": 100.0, "percent_covered_display": "100", "missing_lines": 0, "excluded_lines": 0, "percent_statements_covered": 100.0, "percent_statements_covered_display": "100", "num_branches": 4, "num_partial_branches": 0, "covered_branches": 4, "missing_branches": 0, "percent_branches_covered": 100.0, "percent_branches_covered_display": "100"}, "missing_lines": [], "excluded_lines": [], "start_line": 216, "executed_branches": [[218, 219], [218, 220], [221, 222], [221, 223]], "missing_branches": []}, "NewsScraper._safe_extract_article": {"executed_lines": [226, 227, 228, 229, 230, 231, 232], "summary": {"covered_lines": 7, "num_statements": 7, "percent_covered": 100.0, "percent_covered_display": "100", "missing_lines": 0, "excluded_lines": 0, "percent_statements_covered": 100.0, "percent_statements_covered_display": "100", "num_branches": 2, "num_partial_branches": 0, "covered_branches": 2, "missing_branches": 0, "percent_branches_covered": 100.0, "percent_branches_covered_display": "100"}, "missing_lines": [], "excluded_lines": [], "start_line": 225, "executed_branches": [[226, 227], [226, 228]], "missing_branches": []}, "": {"executed_lines": [5, 6, 7, 8, 9, 10, 11, 12, 13, 15, 20, 21, 28, 29, 31, 34, 37, 41, 42, 43, 44, 45, 46, 47, 50, 80, 111, 120, 136, 139, 158, 171, 185, 207, 208, 215, 216, 225], "summary": {"covered_lines": 38, "num_statements": 38, "percent_covered": 100.0, "percent_covered_display": "100", "missing_lines": 0, "excluded_lines": 2, "percent_statements_covered": 100.0, "percent_statements_covered_display": "100", "num_branches": 0, "num_partial_branches": 0, "covered_branches": 0, "missing_branches": 0, "percent_branches_covered": 100.0, "percent_branches_covered_display": "100"}, "missing_lines": [], "excluded_lines": [17, 18], "start_line": 1, "executed_branches": [], "missing_branches": []}}, "classes": {"XmlNode": {"executed_lines": [], "summary": {"covered_lines": 0, "num_statements": 3, "percent_covered": 0.0, "percent_covered_display": "0", "missing_lines": 3, "excluded_lines": 0, "percent_statements_covered": 0.0, "percent_statements_covered_display": "0", "num_branches": 0, "num_partial_branches": 0, "covered_branches": 0, "missing_branches": 0, "percent_branches_covered": 100.0, "percent_branches_covered_display": "100"}, "missing_lines": [32, 35, 38], "excluded_lines": [], "start_line": 28, "executed_branches": [], "missing_branches": []}, "NewsHeadline": {"executed_lines": [], "summary": {"covered_lines": 0, "num_statements": 0, "percent_covered": 100.0, "percent_covered_display": "100", "missing_lines": 0, "excluded_lines": 0, "percent_statements_covered": 100.0, "percent_statements_covered_display": "100", "num_branches": 0, "num_partial_branches": 0, "covered_branches": 0, "missing_branches": 0, "percent_branches_covered": 100.0, "percent_branches_covered_display": "100"}, "missing_lines": [], "excluded_lines": [], "start_line": 42, "executed_branches": [], "missing_branches": []}, "NewsScraper": {"executed_lines": [149, 150, 151, 152, 153, 154, 155, 156, 159, 160, 161, 162, 163, 164, 165, 166, 167, 168, 169, 174, 175, 179, 180, 181, 182, 183, 186, 187, 188, 198, 199, 209, 210, 211, 212, 217, 218, 219, 220, 221, 222, 223, 226, 227, 228, 229, 230, 231, 232], "summary": {"covered_lines": 49, "num_statements": 50, "percent_covered": 97.05882352941177, "percent_covered_display": "97", "missing_lines": 1, "excluded_lines": 0, "percent_statements_covered": 98.0, "percent_statements_covered_display": "98", "num_branches": 18, "num_partial_branches": 1, "covered_branches": 17, "missing_branches": 1, "percent_branches_covered": 94.44444444444444, "percent_branches_covered_display": "94"}, "missing_lines": [213], "excluded_lines": [], "start_line": 136, "executed_branches": [[149, 150], [149, 152], [159, 160], [159, 162], [164, 165], [164, 169], [167, 164], [167, 168], [209, 210], [211, 209], [211, 212], [218, 219], [218, 220], [221, 222], [221, 223], [226, 227], [226, 228]], "missing_branches": [[209, 213]]}, "": {"executed_lines": [5, 6, 7, 8, 9, 10, 11, 12, 13, 15, 20, 21, 28, 29, 31, 34, 37, 41, 42, 43, 44, 45, 46, 47, 50, 55, 57, 58, 59, 61, 62, 65, 66, 67, 69, 70, 71, 73, 80, 91, 93, 94, 95, 96, 108, 111, 112, 113, 114, 115, 116, 117, 120, 121, 122, 123, 124, 125, 126, 127, 128, 129, 130, 131, 132, 133, 136, 139, 158, 171, 185, 207, 208, 215, 216, 225], "summary": {"covered_lines": 76, "num_statements": 81, "percent_covered": 92.47311827956989, "percent_covered_display": "92", "missing_lines": 5, "excluded_lines": 2, "percent_statements_covered": 93.82716049382717, "percent_statements_covered_display": "94", "num_branches": 12, "num_partial_branches": 2, "covered_branches": 10, "missing_branches": 2, "percent_branches_covered": 83.33333333333333, "percent_branches_covered_display": "83"}, "missing_lines": [64, 72, 74, 75, 77], "excluded_lines": [17, 18], "start_line": 1, "executed_branches": [[57, 58], [57, 59], [62, 65], [71, 73], [94, 95], [94, 108], [115, 116], [115, 117], [127, 128], [127, 130]], "missing_branches": [[62, 64], [71, 72]]}}}, "src\\iatb\\sentiment\\recency_weighting.py": {"executed_lines": [7, 8, 9, 11, 13, 14, 17, 22, 23, 24, 25, 26, 27, 28, 29, 30, 31, 32, 33, 34, 35, 36, 39, 40, 41, 42, 43, 46, 47, 48, 50, 52, 53, 54], "summary": {"covered_lines": 34, "num_statements": 34, "percent_covered": 100.0, "percent_covered_display": "100", "missing_lines": 0, "excluded_lines": 0, "percent_statements_covered": 100.0, "percent_statements_covered_display": "100", "num_branches": 12, "num_partial_branches": 0, "covered_branches": 12, "missing_branches": 0, "percent_branches_covered": 100.0, "percent_branches_covered_display": "100"}, "missing_lines": [], "excluded_lines": [], "executed_branches": [[22, 23], [22, 25], [25, 26], [25, 28], [30, 31], [30, 34], [34, 35], [34, 36], [40, 41], [40, 43], [46, 47], [46, 48]], "missing_branches": [], "functions": {"recency_weighted_score": {"executed_lines": [22, 23, 24, 25, 26, 27, 28, 29, 30, 31, 32, 33, 34, 35, 36], "summary": {"covered_lines": 15, "num_statements": 15, "percent_covered": 100.0, "percent_covered_display": "100", "missing_lines": 0, "excluded_lines": 0, "percent_statements_covered": 100.0, "percent_statements_covered_display": "100", "num_branches": 8, "num_partial_branches": 0, "covered_branches": 8, "missing_branches": 0, "percent_branches_covered": 100.0, "percent_branches_covered_display": "100"}, "missing_lines": [], "excluded_lines": [], "start_line": 17, "executed_branches": [[22, 23], [22, 25], [25, 26], [25, 28], [30, 31], [30, 34], [34, 35], [34, 36]], "missing_branches": []}, "_article_weight": {"executed_lines": [40, 41, 42, 43, 46, 47, 48, 50, 52, 53, 54], "summary": {"covered_lines": 11, "num_statements": 11, "percent_covered": 100.0, "percent_covered_display": "100", "missing_lines": 0, "excluded_lines": 0, "percent_statements_covered": 100.0, "percent_statements_covered_display": "100", "num_branches": 4, "num_partial_branches": 0, "covered_branches": 4, "missing_branches": 0, "percent_branches_covered": 100.0, "percent_branches_covered_display": "100"}, "missing_lines": [], "excluded_lines": [], "start_line": 39, "executed_branches": [[40, 41], [40, 43], [46, 47], [46, 48]], "missing_branches": []}, "": {"executed_lines": [7, 8, 9, 11, 13, 14, 17, 39], "summary": {"covered_lines": 8, "num_statements": 8, "percent_covered": 100.0, "percent_covered_display": "100", "missing_lines": 0, "excluded_lines": 0, "percent_statements_covered": 100.0, "percent_statements_covered_display": "100", "num_branches": 0, "num_partial_branches": 0, "covered_branches": 0, "missing_branches": 0, "percent_branches_covered": 100.0, "percent_branches_covered_display": "100"}, "missing_lines": [], "excluded_lines": [], "start_line": 1, "executed_branches": [], "missing_branches": []}}, "classes": {"": {"executed_lines": [7, 8, 9, 11, 13, 14, 17, 22, 23, 24, 25, 26, 27, 28, 29, 30, 31, 32, 33, 34, 35, 36, 39, 40, 41, 42, 43, 46, 47, 48, 50, 52, 53, 54], "summary": {"covered_lines": 34, "num_statements": 34, "percent_covered": 100.0, "percent_covered_display": "100", "missing_lines": 0, "excluded_lines": 0, "percent_statements_covered": 100.0, "percent_statements_covered_display": "100", "num_branches": 12, "num_partial_branches": 0, "covered_branches": 12, "missing_branches": 0, "percent_branches_covered": 100.0, "percent_branches_covered_display": "100"}, "missing_lines": [], "excluded_lines": [], "start_line": 1, "executed_branches": [[22, 23], [22, 25], [25, 26], [25, 28], [30, 31], [30, 34], [34, 35], [34, 36], [40, 41], [40, 43], [46, 47], [46, 48]], "missing_branches": []}}}, "src\\iatb\\sentiment\\social_sentiment.py": {"executed_lines": [8, 9, 10, 11, 12, 14, 15, 17, 20, 21, 24, 25, 26, 27, 28, 29, 30, 31, 32, 33, 34, 37, 38, 41, 42, 43, 44, 71, 96, 97, 98, 99, 101, 102, 103, 104, 105, 106, 107, 108, 109, 110, 111, 114, 115, 116, 117, 118, 119, 122, 123, 126, 127, 128, 129, 130, 131, 132, 133, 136, 137, 140, 145, 148, 149, 151, 153, 154, 155, 157, 158, 159, 160, 162, 163, 164, 165, 167, 176, 187, 204, 205, 206, 219, 223, 224, 225, 226, 227, 229, 231, 232, 233, 234, 235, 236, 237, 238, 239, 240, 241, 242, 243, 244, 245, 247, 249, 250, 251, 252, 255, 272, 274, 275, 278, 281, 282, 283, 284, 285, 286, 288, 290, 291, 292, 293, 295, 301, 304, 306, 308, 309, 311, 312, 314, 316, 317, 318, 319, 320, 322, 324, 328, 330, 331, 333, 338, 342, 345, 346, 347, 348, 349, 351, 354, 355, 356, 358, 360, 372, 375, 376, 378, 380, 383, 385, 387], "summary": {"covered_lines": 167, "num_statements": 174, "percent_covered": 94.03669724770643, "percent_covered_display": "94", "missing_lines": 7, "excluded_lines": 0, "percent_statements_covered": 95.97701149425288, "percent_statements_covered_display": "96", "num_branches": 44, "num_partial_branches": 6, "covered_branches": 38, "missing_branches": 6, "percent_branches_covered": 86.36363636363636, "percent_branches_covered_display": "86"}, "missing_lines": [142, 310, 321, 323, 332, 343, 352], "excluded_lines": [], "executed_branches": [[102, 103], [102, 105], [105, 106], [105, 108], [108, 109], [108, 111], [114, 115], [114, 117], [117, -101], [117, 118], [153, 154], [153, 157], [158, 159], [158, 162], [224, 225], [224, 226], [233, 234], [233, 245], [234, 235], [234, 236], [237, 238], [237, 239], [240, 241], [240, 242], [242, 243], [242, 244], [282, 283], [282, 284], [309, 311], [316, 317], [316, 318], [320, 322], [322, 324], [331, 333], [342, 345], [347, 348], [347, 351], [351, 354]], "missing_branches": [[309, 310], [320, 321], [322, 323], [331, 332], [342, 343], [351, 352]], "functions": {"SocialSentimentConfig.__post_init__": {"executed_lines": [102, 103, 104, 105, 106, 107, 108, 109, 110, 111, 114, 115, 116, 117, 118, 119], "summary": {"covered_lines": 16, "num_statements": 16, "percent_covered": 100.0, "percent_covered_display": "100", "missing_lines": 0, "excluded_lines": 0, "percent_statements_covered": 100.0, "percent_statements_covered_display": "100", "num_branches": 10, "num_partial_branches": 0, "covered_branches": 10, "missing_branches": 0, "percent_branches_covered": 100.0, "percent_branches_covered_display": "100"}, "missing_lines": [], "excluded_lines": [], "start_line": 101, "executed_branches": [[102, 103], [102, 105], [105, 106], [105, 108], [108, 109], [108, 111], [114, 115], [114, 117], [117, -101], [117, 118]], "missing_branches": []}, "SocialSource.fetch_posts": {"executed_lines": [], "summary": {"covered_lines": 0, "num_statements": 1, "percent_covered": 0.0, "percent_covered_display": "0", "missing_lines": 1, "excluded_lines": 0, "percent_statements_covered": 0.0, "percent_statements_covered_display": "0", "num_branches": 0, "num_partial_branches": 0, "covered_branches": 0, "missing_branches": 0, "percent_branches_covered": 100.0, "percent_branches_covered_display": "100"}, "missing_lines": [142], "excluded_lines": [], "start_line": 140, "executed_branches": [], "missing_branches": []}, "SocialSentimentAnalyzer.__init__": {"executed_lines": [149], "summary": {"covered_lines": 1, "num_statements": 1, "percent_covered": 100.0, "percent_covered_display": "100", "missing_lines": 0, "excluded_lines": 0, "percent_statements_covered": 100.0, "percent_statements_covered_display": "100", "num_branches": 0, "num_partial_branches": 0, "covered_branches": 0, "missing_branches": 0, "percent_branches_covered": 100.0, "percent_branches_covered_display": "100"}, "missing_lines": [], "excluded_lines": [], "start_line": 148, "executed_branches": [], "missing_branches": []}, "SocialSentimentAnalyzer.analyze": {"executed_lines": [153, 154, 155, 157, 158, 159, 160, 162, 163, 164, 165, 167, 176], "summary": {"covered_lines": 13, "num_statements": 13, "percent_covered": 100.0, "percent_covered_display": "100", "missing_lines": 0, "excluded_lines": 0, "percent_statements_covered": 100.0, "percent_statements_covered_display": "100", "num_branches": 4, "num_partial_branches": 0, "covered_branches": 4, "missing_branches": 0, "percent_branches_covered": 100.0, "percent_branches_covered_display": "100"}, "missing_lines": [], "excluded_lines": [], "start_line": 151, "executed_branches": [[153, 154], [153, 157], [158, 159], [158, 162]], "missing_branches": []}, "SocialSentimentAnalyzer.analyze_to_sentiment_score": {"executed_lines": [204, 205, 206], "summary": {"covered_lines": 3, "num_statements": 3, "percent_covered": 100.0, "percent_covered_display": "100", "missing_lines": 0, "excluded_lines": 0, "percent_statements_covered": 100.0, "percent_statements_covered_display": "100", "num_branches": 0, "num_partial_branches": 0, "covered_branches": 0, "missing_branches": 0, "percent_branches_covered": 100.0, "percent_branches_covered_display": "100"}, "missing_lines": [], "excluded_lines": [], "start_line": 187, "executed_branches": [], "missing_branches": []}, "SocialSentimentAnalyzer.analyze_batch": {"executed_lines": [223, 224, 225, 226, 227], "summary": {"covered_lines": 5, "num_statements": 5, "percent_covered": 100.0, "percent_covered_display": "100", "missing_lines": 0, "excluded_lines": 0, "percent_statements_covered": 100.0, "percent_statements_covered_display": "100", "num_branches": 2, "num_partial_branches": 0, "covered_branches": 2, "missing_branches": 0, "percent_branches_covered": 100.0, "percent_branches_covered_display": "100"}, "missing_lines": [], "excluded_lines": [], "start_line": 219, "executed_branches": [[224, 225], [224, 226]], "missing_branches": []}, "SocialSentimentAnalyzer._filter_posts": {"executed_lines": [231, 232, 233, 234, 235, 236, 237, 238, 239, 240, 241, 242, 243, 244, 245], "summary": {"covered_lines": 15, "num_statements": 15, "percent_covered": 100.0, "percent_covered_display": "100", "missing_lines": 0, "excluded_lines": 0, "percent_statements_covered": 100.0, "percent_statements_covered_display": "100", "num_branches": 10, "num_partial_branches": 0, "covered_branches": 10, "missing_branches": 0, "percent_branches_covered": 100.0, "percent_branches_covered_display": "100"}, "missing_lines": [], "excluded_lines": [], "start_line": 229, "executed_branches": [[233, 234], [233, 245], [234, 235], [234, 236], [237, 238], [237, 239], [240, 241], [240, 242], [242, 243], [242, 244]], "missing_branches": []}, "SocialSentimentAnalyzer._analyze_post": {"executed_lines": [249, 250, 251, 252, 255], "summary": {"covered_lines": 5, "num_statements": 5, "percent_covered": 100.0, "percent_covered_display": "100", "missing_lines": 0, "excluded_lines": 0, "percent_statements_covered": 100.0, "percent_statements_covered_display": "100", "num_branches": 0, "num_partial_branches": 0, "covered_branches": 0, "missing_branches": 0, "percent_branches_covered": 100.0, "percent_branches_covered_display": "100"}, "missing_lines": [], "excluded_lines": [], "start_line": 247, "executed_branches": [], "missing_branches": []}, "SocialSentimentAnalyzer._compute_sentiment_score": {"executed_lines": [274, 275, 278, 281, 282, 283, 284, 285, 286], "summary": {"covered_lines": 9, "num_statements": 9, "percent_covered": 100.0, "percent_covered_display": "100", "missing_lines": 0, "excluded_lines": 0, "percent_statements_covered": 100.0, "percent_statements_covered_display": "100", "num_branches": 2, "num_partial_branches": 0, "covered_branches": 2, "missing_branches": 0, "percent_branches_covered": 100.0, "percent_branches_covered_display": "100"}, "missing_lines": [], "excluded_lines": [], "start_line": 272, "executed_branches": [[282
[...]
00.0, "percent_branches_covered_display": "100"}, "missing_lines": [], "excluded_lines": [], "start_line": 288, "executed_branches": [], "missing_branches": []}, "SocialSentimentAnalyzer._compute_engagement_score": {"executed_lines": [308, 309, 311, 312], "summary": {"covered_lines": 4, "num_statements": 5, "percent_covered": 71.42857142857143, "percent_covered_display": "71", "missing_lines": 1, "excluded_lines": 0, "percent_statements_covered": 80.0, "percent_statements_covered_display": "80", "num_branches": 2, "num_partial_branches": 1, "covered_branches": 1, "missing_branches": 1, "percent_branches_covered": 50.0, "percent_branches_covered_display": "50"}, "missing_lines": [310], "excluded_lines": [], "start_line": 306, "executed_branches": [[309, 311]], "missing_branches": [[309, 310]]}, "SocialSentimentAnalyzer._compute_follower_score": {"executed_lines": [316, 317, 318, 319, 320, 322, 324], "summary": {"covered_lines": 7, "num_statements": 9, "percent_covered": 73.33333333333333, "percent_covered_display": "73", "missing_lines": 2, "excluded_lines": 0, "percent_statements_covered": 77.77777777777777, "percent_statements_covered_display": "78", "num_branches": 6, "num_partial_branches": 2, "covered_branches": 4, "missing_branches": 2, "percent_branches_covered": 66.66666666666667, "percent_branches_covered_display": "67"}, "missing_lines": [321, 323], "excluded_lines": [], "start_line": 314, "executed_branches": [[316, 317], [316, 318], [320, 322], [322, 324]], "missing_branches": [[320, 321], [322, 323]]}, "SocialSentimentAnalyzer._compute_recency_score": {"executed_lines": [330, 331, 333], "summary": {"covered_lines": 3, "num_statements": 4, "percent_covered": 66.66666666666667, "percent_covered_display": "67", "missing_lines": 1, "excluded_lines": 0, "percent_statements_covered": 75.0, "percent_statements_covered_display": "75", "num_branches": 2, "num_partial_branches": 1, "covered_branches": 1, "missing_branches": 1, "percent_branches_covered": 50.0, "percent_branches_covered_display": "50"}, "missing_lines": [332], "excluded_lines": [], "start_line": 328, "executed_branches": [[331, 333]], "missing_branches": [[331, 332]]}, "SocialSentimentAnalyzer._aggregate_sentiments": {"executed_lines": [342, 345, 346, 347, 348, 349, 351, 354, 355, 356], "summary": {"covered_lines": 10, "num_statements": 12, "percent_covered": 77.77777777777777, "percent_covered_display": "78", "missing_lines": 2, "excluded_lines": 0, "percent_statements_covered": 83.33333333333333, "percent_statements_covered_display": "83", "num_branches": 6, "num_partial_branches": 2, "covered_branches": 4, "missing_branches": 2, "percent_branches_covered": 66.66666666666667, "percent_branches_covered_display": "67"}, "missing_lines": [343, 352], "excluded_lines": [], "start_line": 338, "executed_branches": [[342, 345], [347, 348], [347, 351], [351, 354]], "missing_branches": [[342, 343], [351, 352]]}, "SocialSentimentAnalyzer._empty_result": {"executed_lines": [360], "summary": {"covered_lines": 1, "num_statements": 1, "percent_covered": 100.0, "percent_covered_display": "100", "missing_lines": 0, "excluded_lines": 0, "percent_statements_covered": 100.0, "percent_statements_covered_display": "100", "num_branches": 0, "num_partial_branches": 0, "covered_branches": 0, "missing_branches": 0, "percent_branches_covered": 100.0, "percent_branches_covered_display": "100"}, "missing_lines": [], "excluded_lines": [], "start_line": 358, "executed_branches": [], "missing_branches": []}, "MockSocialSource.__init__": {"executed_lines": [376], "summary": {"covered_lines": 1, "num_statements": 1, "percent_covered": 100.0, "percent_covered_display": "100", "missing_lines": 0, "excluded_lines": 0, "percent_statements_covered": 100.0, "percent_statements_covered_display": "100", "num_branches": 0, "num_partial_branches": 0, "covered_branches": 0, "missing_branches": 0, "percent_branches_covered": 100.0, "percent_branches_covered_display": "100"}, "missing_lines": [], "excluded_lines": [], "start_line": 375, "executed_branches": [], "missing_branches": []}, "MockSocialSource.fetch_posts": {"executed_lines": [380, 383], "summary": {"covered_lines": 2, "num_statements": 2, "percent_covered": 100.0, "percent_covered_display": "100", "missing_lines": 0, "excluded_lines": 0, "percent_statements_covered": 100.0, "percent_statements_covered_display": "100", "num_branches": 0, "num_partial_branches": 0, "covered_branches": 0, "missing_branches": 0, "percent_branches_covered": 100.0, "percent_branches_covered_display": "100"}, "missing_lines": [], "excluded_lines": [], "start_line": 378, "executed_branches": [], "missing_branches": []}, "MockSocialSource.add_post": {"executed_lines": [387], "summary": {"covered_lines": 1, "num_statements": 1, "percent_covered": 100.0, "percent_covered_display": "100", "missing_lines": 0, "excluded_lines": 0, "percent_statements_covered": 100.0, "percent_statements_covered_display": "100", "num_branches": 0, "num_partial_branches": 0, "covered_branches": 0, "missing_branches": 0, "percent_branches_covered": 100.0, "percent_branches_covered_display": "100"}, "missing_lines": [], "excluded_lines": [], "start_line": 385, "executed_branches": [], "missing_branches": []}, "": {"executed_lines": [8, 9, 10, 11, 12, 14, 15, 17, 20, 21, 24, 25, 26, 27, 28, 29, 30, 31, 32, 33, 34, 37, 38, 41, 42, 43, 44, 71, 96, 97, 98, 99, 101, 122, 123, 126, 127, 128, 129, 130, 131, 132, 133, 136, 137, 140, 145, 148, 151, 187, 219, 229, 247, 272, 288, 306, 314, 328, 338, 358, 372, 375, 378, 385], "summary": {"covered_lines": 64, "num_statements": 64, "percent_covered": 100.0, "percent_covered_display": "100", "missing_lines": 0, "excluded_lines": 0, "percent_statements_covered": 100.0, "percent_statements_covered_display": "100", "num_branches": 0, "num_partial_branches": 0, "covered_branches": 0, "missing_branches": 0, "percent_branches_covered": 100.0, "percent_branches_covered_display": "100"}, "missing_lines": [], "excluded_lines": [], "start_line": 1, "executed_branches": [], "missing_branches": []}}, "classes": {"SocialPost": {"executed_lines": [], "summary": {"covered_lines": 0, "num_statements": 0, "percent_covered": 100.0, "percent_covered_display": "100", "missing_lines": 0, "excluded_lines": 0, "percent_statements_covered": 100.0, "percent_statements_covered_display": "100", "num_branches": 0, "num_partial_branches": 0, "covered_branches": 0, "missing_branches": 0, "percent_branches_covered": 100.0, "percent_branches_covered_display": "100"}, "missing_lines": [], "excluded_lines": [], "start_line": 21, "executed_branches": [], "missing_branches": []}, "SocialSentimentConfig": {"executed_lines": [102, 103, 104, 105, 106, 107, 108, 109, 110, 111, 114, 115, 116, 117, 118, 119], "summary": {"covered_lines": 16, "num_statements": 16, "percent_covered": 100.0, "percent_covered_display": "100", "missing_lines": 0, "excluded_lines": 0, "percent_statements_covered": 100.0, "percent_statements_covered_display": "100", "num_branches": 10, "num_partial_branches": 0, "covered_branches": 10, "missing_branches": 0, "percent_branches_covered": 100.0, "percent_branches_covered_display": "100"}, "missing_lines": [], "excluded_lines": [], "start_line": 38, "executed_branches": [[102, 103], [102, 105], [105, 106], [105, 108], [108, 109], [108, 111], [114, 115], [114, 117], [117, -101], [117, 118]], "missing_branches": []}, "SocialSentimentResult": {"executed_lines": [], "summary": {"covered_lines": 0, "num_statements": 0, "percent_covered": 100.0, "percent_covered_display": "100", "missing_lines": 0, "excluded_lines": 0, "percent_statements_covered": 100.0, "percent_statements_covered_display": "100", "num_branches": 0, "num_partial_branches": 0, "covered_branches": 0, "missing_branches": 0, "percent_branches_covered": 100.0, "percent_branches_covered_display": "100"}, "missing_lines": [], "excluded_lines": [], "start_line": 123, "executed_branches": [], "missing_branches": []}, "SocialSource": {"executed_lines": [], "summary": {"covered_lines": 0, "num_statements": 1, "percent_covered": 0.0, "percent_covered_display": "0", "missing_lines": 1, "excluded_lines": 0, "percent_statements_covered": 0.0, "percent_statements_covered_display": "0", "num_branches": 0, "num_partial_branches": 0, "covered_branches": 0, "missing_branches": 0, "percent_branches_covered": 100.0, "percent_branches_covered_display": "100"}, "missing_lines": [142], "excluded_lines": [], "start_line": 137, "executed_branches": [], "missing_branches": []}, "SocialSentimentAnalyzer": {"executed_lines": [149, 153, 154, 155, 157, 158, 159, 160, 162, 163, 164, 165, 167, 176, 204, 205, 206, 223, 224, 225, 226, 227, 231, 232, 233, 234, 235, 236, 237, 238, 239, 240, 241, 242, 243, 244, 245, 249, 250, 251, 252, 255, 274, 275, 278, 281, 282, 283, 284, 285, 286, 290, 291, 292, 293, 295, 301, 304, 308, 309, 311, 312, 316, 317, 318, 319, 320, 322, 324, 330, 331, 333, 342, 345, 346, 347, 348, 349, 351, 354, 355, 356, 360], "summary": {"covered_lines": 83, "num_statements": 89, "percent_covered": 90.2439024390244, "percent_covered_display": "90", "missing_lines": 6, "excluded_lines": 0, "percent_statements_covered": 93.25842696629213, "percent_statements_covered_display": "93", "num_branches": 34, "num_partial_branches": 6, "covered_branches": 28, "missing_branches": 6, "percent_branches_covered": 82.3529411764706, "percent_branches_covered_display": "82"}, "missing_lines": [310, 321, 323, 332, 343, 352], "excluded_lines": [], "start_line": 145, "executed_branches": [[153, 154], [153, 157], [158, 159], [158, 162], [224, 225], [224, 226], [233, 234], [233, 245], [234, 235], [234, 236], [237, 238], [237, 239], [240, 241], [240, 242], [242, 243], [242, 244], [282, 283], [282, 284], [309, 311], [316, 317], [316, 318], [320, 322], [322, 324], [331, 333], [342, 345], [347, 348], [347, 351], [351, 354]], "missing_branches": [[309, 310], [320, 321], [322, 323], [331, 332], [342, 343], [351, 352]]}, "MockSocialSource": {"executed_lines": [376, 380, 383, 387], "summary": {"covered_lines": 4, "num_statements": 4, "percent_covered": 100.0, "percent_covered_display": "100", "missing_lines": 0, "excluded_lines": 0, "percent_statements_covered": 100.0, "percent_statements_covered_display": "100", "num_branches": 0, "num_partial_branches": 0, "covered_branches": 0, "missing_branches": 0, "percent_branches_covered": 100.0, "percent_branches_covered_display": "100"}, "missing_lines": [], "excluded_lines": [], "start_line": 372, "executed_branches": [], "missing_branches": []}, "": {"executed_lines": [8, 9, 10, 11, 12, 14, 15, 17, 20, 21, 24, 25, 26, 27, 28, 29, 30, 31, 32, 33, 34, 37, 38, 41, 42, 43, 44, 71, 96, 97, 98, 99, 101, 122, 123, 126, 127, 128, 129, 130, 131, 132, 133, 136, 137, 140, 145, 148, 151, 187, 219, 229, 247, 272, 288, 306, 314, 328, 338, 358, 372, 375, 378, 385], "summary": {"covered_lines": 64, "num_statements": 64, "percent_covered": 100.0, "percent_covered_display": "100", "missing_lines": 0, "excluded_lines": 0, "percent_statements_covered": 100.0, "percent_statements_covered_display": "100", "num_branches": 0, "num_partial_branches": 0, "covered_branches": 0, "missing_branches": 0, "percent_branches_covered": 100.0, "percent_branches_covered_display": "100"}, "missing_lines": [], "excluded_lines": [], "start_line": 1, "executed_branches": [], "missing_branches": []}}}, "src\\iatb\\sentiment\\vader_analyzer.py": {"executed_lines": [5, 6, 7, 8, 10, 11, 18, 19, 23, 26, 27, 28, 29, 30, 31, 32, 33, 34, 35, 36, 39, 42, 44, 45, 46, 48, 49, 50, 51, 52, 53, 54, 55, 56, 57, 58, 59, 60], "summary": {"covered_lines": 38, "num_statements": 39, "percent_covered": 97.77777777777777, "percent_covered_display": "98", "missing_lines": 1, "excluded_lines": 0, "percent_statements_covered": 97.43589743589743, "percent_statements_covered_display": "97", "num_branches": 6, "num_partial_branches": 0, "covered_branches": 6, "missing_branches": 0, "percent_branches_covered": 100.0, "percent_branches_covered_display": "100"}, "missing_lines": [20], "excluded_lines": [], "executed_branches": [[33, 34], [33, 36], [50, 51], [50, 53], [54, 55], [54, 57]], "missing_branches": [], "functions": {"VaderLike.polarity_scores": {"executed_lines": [], "summary": {"covered_lines": 0, "num_statements": 1, "percent_covered": 0.0, "percent_covered_display": "0", "missing_lines": 1, "excluded_lines": 0, "percent_statements_covered": 0.0, "percent_statements_covered_display": "0", "num_branches": 0, "num_partial_branches": 0, "covered_branches": 0, "missing_branches": 0, "percent_branches_covered": 100.0, "percent_branches_covered_display": "100"}, "missing_lines": [20], "excluded_lines": [], "start_line": 19, "executed_branches": [], "missing_branches": []}, "_default_factory": {"executed_lines": [27, 28, 29, 30, 31, 32, 33, 34, 35, 36], "summary": {"covered_lines": 10, "num_statements": 10, "percent_covered": 100.0, "percent_covered_display": "100", "missing_lines": 0, "excluded_lines": 0, "percent_statements_covered": 100.0, "percent_statements_covered_display": "100", "num_branches": 2, "num_partial_branches": 0, "covered_branches": 2, "missing_branches": 0, "percent_branches_covered": 100.0, "percent_branches_covered_display": "100"}, "missing_lines": [], "excluded_lines": [], "start_line": 26, "executed_branches": [[33, 34], [33, 36]], "missing_branches": []}, "VaderAnalyzer.__init__": {"executed_lines": [45, 46], "summary": {"covered_lines": 2, "num_statements": 2, "percent_covered": 100.0, "percent_covered_display": "100", "missing_lines": 0, "excluded_lines": 0, "percent_statements_covered": 100.0, "percent_statements_covered_display": "100", "num_branches": 0, "num_partial_branches": 0, "covered_branches": 0, "missing_branches": 0, "percent_branches_covered": 100.0, "percent_branches_covered_display": "100"}, "missing_lines": [], "excluded_lines": [], "start_line": 44, "executed_branches": [], "missing_branches": []}, "VaderAnalyzer.analyze": {"executed_lines": [49, 50, 51, 52, 53, 54, 55, 56, 57, 58, 59, 60], "summary": {"covered_lines": 12, "num_statements": 12, "percent_covered": 100.0, "percent_covered_display": "100", "missing_lines": 0, "excluded_lines": 0, "percent_statements_covered": 100.0, "percent_statements_covered_display": "100", "num_branches": 4, "num_partial_branches": 0, "covered_branches": 4, "missing_branches": 0, "percent_branches_covered": 100.0, "percent_branches_covered_display": "100"}, "missing_lines": [], "excluded_lines": [], "start_line": 48, "executed_branches": [[50, 51], [50, 53], [54, 55], [54, 57]], "missing_branches": []}, "": {"executed_lines": [5, 6, 7, 8, 10, 11, 18, 19, 23, 26, 39, 42, 44, 48], "summary": {"covered_lines": 14, "num_statements": 14, "percent_covered": 100.0, "percent_covered_display": "100", "missing_lines": 0, "excluded_lines": 0, "percent_statements_covered": 100.0, "percent_statements_covered_display": "100", "num_branches": 0, "num_partial_branches": 0, "covered_branches": 0, "missing_branches": 0, "percent_branches_covered": 100.0, "percent_branches_covered_display": "100"}, "missing_lines": [], "excluded_lines": [], "start_line": 1, "executed_branches": [], "missing_branches": []}}, "classes": {"VaderLike": {"executed_lines": [], "summary": {"covered_lines": 0, "num_statements": 1, "percent_covered": 0.0, "percent_covered_display": "0", "missing_lines": 1, "excluded_lines": 0, "percent_statements_covered": 0.0, "percent_statements_covered_display": "0", "num_branches": 0, "num_partial_branches": 0, "covered_branches": 0, "missing_branches": 0, "percent_branches_covered": 100.0, "percent_branches_covered_display": "100"}, "missing_lines": [20], "excluded_lines": [], "start_line": 18, "executed_branches": [], "missing_branches": []}, "VaderAnalyzer": {"executed_lines": [45, 46, 49, 50, 51, 52, 53, 54, 55, 56, 57, 58, 59, 60], "summary": {"covered_lines": 14, "num_statements": 14, "percent_covered": 100.0, "percent_covered_display": "100", "missing_lines": 0, "excluded_lines": 0, "percent_statements_covered": 100.0, "percent_statements_covered_display": "100", "num_branches": 4, "num_partial_branches": 0, "covered_branches": 4, "missing_branches": 0, "percent_branches_covered": 100.0, "percent_branches_covered_display": "100"}, "missing_lines": [], "excluded_lines": [], "start_line": 39, "executed_branches": [[50, 51], [50, 53], [54, 55], [54, 57]], "missing_branches": []}, "": {"executed_lines": [5, 6, 7, 8, 10, 11, 18, 19, 23, 26, 27, 28, 29, 30, 31, 32, 33, 34, 35, 36, 39, 42, 44, 48], "summary": {"covered_lines": 24, "num_statements": 24, "percent_covered": 100.0, "percent_covered_display": "100", "missing_lines": 0, "excluded_lines": 0, "percent_statements_covered": 100.0, "percent_statements_covered_display": "100", "num_branches": 2, "num_partial_branches": 0, "covered_branches": 2, "missing_branches": 0, "percent_branches_covered": 100.0, "percent_branches_covered_display": "100"}, "missing_lines": [], "excluded_lines": [], "start_line": 1, "executed_branches": [[33, 34], [33, 36]], "missing_branches": []}}}, "src\\iatb\\sentiment\\volume_filter.py": {"executed_lines": [5, 7, 9, 12, 17, 18, 19, 20, 21, 22, 23], "summary": {"covered_lines": 11, "num_statements": 11, "percent_covered": 100.0, "percent_covered_display": "100", "missing_lines": 0, "excluded_lines": 0, "percent_statements_covered": 100.0, "percent_statements_covered_display": "100", "num_branches": 4, "num_partial_branches": 0, "covered_branches": 4, "missing_branches": 0, "percent_branches_covered": 100.0, "percent_branches_covered_display": "100"}, "missing_lines": [], "excluded_lines": [], "executed_branches": [[17, 18], [17, 20], [20, 21], [20, 23]], "missing_branches": [], "functions": {"has_volume_confirmation": {"executed_lines": [17, 18, 19, 20, 21, 22, 23], "summary": {"covered_lines": 7, "num_statements": 7, "percent_covered": 100.0, "percent_covered_display": "100", "missing_lines": 0, "excluded_lines": 0, "percent_statements_covered": 100.0, "percent_statements_covered_display": "100", "num_branches": 4, "num_partial_branches": 0, "covered_branches": 4, "missing_branches": 0, "percent_branches_covered": 100.0, "percent_branches_covered_display": "100"}, "missing_lines": [], "excluded_lines": [], "start_line": 12, "executed_branches": [[17, 18], [17, 20], [20, 21], [20, 23]], "missing_branches": []}, "": {"executed_lines": [5, 7, 9, 12], "summary": {"covered_lines": 4, "num_statements": 4, "percent_covered": 100.0, "percent_covered_display": "100", "missing_lines": 0, "excluded_lines": 0, "percent_statements_covered": 100.0, "percent_statements_covered_display": "100", "num_branches": 0, "num_partial_branches": 0, "covered_branches": 0, "missing_branches": 0, "percent_branches_covered": 100.0, "percent_branches_covered_display": "100"}, "missing_lines": [], "excluded_lines": [], "start_line": 1, "executed_branches": [], "missing_branches": []}}, "classes": {"": {"executed_lines": [5, 7, 9, 12, 17, 18, 19, 20, 21, 22, 23], "summary": {"covered_lines": 11, "num_statements": 11, "percent_covered": 100.0, "percent_covered_display": "100", "missing_lines": 0, "excluded_lines": 0, "percent_statements_covered": 100.0, "percent_statements_covered_display": "100", "num_branches": 4, "num_partial_branches": 0, "covered_branches": 4, "missing_branches": 0, "percent_branches_covered": 100.0, "percent_branches_covered_display": "100"}, "missing_lines": [], "excluded_lines": [], "start_line": 1, "executed_branches": [[17, 18], [17, 20], [20, 21], [20, 23]], "missing_branches": []}}}}, "totals": {"covered_lines": 816, "num_statements": 858, "percent_covered": 93.86792452830188, "percent_covered_display": "94", "missing_lines": 42, "excluded_lines": 6, "percent_statements_covered": 95.1048951048951, "percent_statements_covered_display": "95", "num_branches": 202, "num_partial_branches": 23, "covered_branches": 179, "missing_branches": 23, "percent_branches_covered": 88.61386138613861, "percent_branches_covered_display": "89"}}