{"meta": {"format": 3, "version": "7.13.5", "timestamp": "2026-04-07T09:23:53.579005", "branch_coverage": true, "show_contexts": false}, "files": {"src\\iatb\\__init__.py": {"executed_lines": [8, 9], "summary": {"covered_lines": 2, "num_statements": 2, "percent_covered": 100.0, "percent_covered_display": "100.00", "missing_lines": 0, "excluded_lines": 0, "percent_statements_covered": 100.0, "percent_statements_covered_display": "100.00", "num_branches": 0, "num_partial_branches": 0, "covered_branches": 0, "missing_branches": 0, "percent_branches_covered": 100.0, "percent_branches_covered_display": "100.00"}, "missing_lines": [], "excluded_lines": [], "executed_branches": [], "missing_branches": [], "functions": {"": {"executed_lines": [8, 9], "summary": {"covered_lines": 2, "num_statements": 2, "percent_covered": 100.0, "percent_covered_display": "100.00", "missing_lines": 0, "excluded_lines": 0, "percent_statements_covered": 100.0, "percent_statements_covered_display": "100.00", "num_branches": 0, "num_partial_branches": 0, "covered_branches": 0, "missing_branches": 0, "percent_branches_covered": 100.0, "percent_branches_covered_display": "100.00"}, "missing_lines": [], "excluded_lines": [], "start_line": 1, "executed_branches": [], "missing_branches": []}}, "classes": {"": {"executed_lines": [8, 9], "summary": {"covered_lines": 2, "num_statements": 2, "percent_covered": 100.0, "percent_covered_display": "100.00", "missing_lines": 0, "excluded_lines": 0, "percent_statements_covered": 100.0, "percent_statements_covered_display": "100.00", "num_branches": 0, "num_partial_branches": 0, "covered_branches": 0, "missing_branches": 0, "percent_branches_covered": 100.0, "percent_branches_covered_display": "100.00"}, "missing_lines": [], "excluded_lines": [], "start_line": 1, "executed_branches": [], "missing_branches": []}}}, "src\\iatb\\backtesting\\__init__.py": {"executed_lines": [5, 6, 7, 8, 9, 10, 11, 12, 14], "summary": {"covered_lines": 9, "num_statements": 9, "percent_covered": 100.0, "percent_covered_display": "100.00", "missing_lines": 0, "excluded_lines": 0, "percent_statements_covered": 100.0, "percent_statements_covered_display": "100.00", "num_branches": 0, "num_partial_branches": 0, "covered_branches": 0, "missing_branches": 0, "percent_branches_covered": 100.0, "percent_branches_covered_display": "100.00"}, "missing_lines": [], "excluded_lines": [], "executed_branches": [], "missing_branches": [], "functions": {"": {"executed_lines": [5, 6, 7, 8, 9, 10, 11, 12, 14], "summary": {"covered_lines": 9, "num_statements": 9, "percent_covered": 100.0, "percent_covered_display": "100.00", "missing_lines": 0, "excluded_lines": 0, "percent_statements_covered": 100.0, "percent_statements_covered_display": "100.00", "num_branches": 0, "num_partial_branches": 0, "covered_branches": 0, "missing_branches": 0, "percent_branches_covered": 100.0, "percent_branches_covered_display": "100.00"}, "missing_lines": [], "excluded_lines": [], "start_line": 1, "executed_branches": [], "missing_branches": []}}, "classes": {"": {"executed_lines": [5, 6, 7, 8, 9, 10, 11, 12, 14], "summary": {"covered_lines": 9, "num_statements": 9, "percent_covered": 100.0, "percent_covered_display": "100.00", "missing_lines": 0, "excluded_lines": 0, "percent_statements_covered": 100.0, "percent_statements_covered_display": "100.00", "num_branches": 0, "num_partial_branches": 0, "covered_branches": 0, "missing_branches": 0, "percent_branches_covered": 100.0, "percent_branches_covered_display": "100.00"}, "missing_lines": [], "excluded_lines": [], "start_line": 1, "executed_branches": [], "missing_branches": []}}}, "src\\iatb\\backtesting\\event_driven.py": {"executed_lines": [5, 6, 7, 8, 10, 12, 15, 16, 17, 18, 19, 22, 25, 26, 28, 29, 30, 31, 32, 33, 34, 35, 42, 43, 44, 45, 46, 47, 55, 56, 57, 58, 59, 60, 61, 64, 65, 66, 67, 68, 69], "summary": {"covered_lines": 41, "num_statements": 46, "percent_covered": 85.18518518518519, "percent_covered_display": "85.19", "missing_lines": 5, "excluded_lines": 0, "percent_statements_covered": 89.1304347826087, "percent_statements_covered_display": "89.13", "num_branches": 8, "num_partial_branches": 1, "covered_branches": 5, "missing_branches": 3, "percent_branches_covered": 62.5, "percent_branches_covered_display": "62.50"}, "missing_lines": [48, 49, 50, 51, 52], "excluded_lines": [], "executed_branches": [[29, 30], [29, 32], [45, 46], [58, 59], [58, 61]], "missing_branches": [[45, 48], [49, 50], [49, 52]], "functions": {"EventDrivenBacktester.__init__": {"executed_lines": [26], "summary": {"covered_lines": 1, "num_statements": 1, "percent_covered": 100.0, "percent_covered_display": "100.00", "missing_lines": 0, "excluded_lines": 0, "percent_statements_covered": 100.0, "percent_statements_covered_display": "100.00", "num_branches": 0, "num_partial_branches": 0, "covered_branches": 0, "missing_branches": 0, "percent_branches_covered": 100.0, "percent_branches_covered_display": "100.00"}, "missing_lines": [], "excluded_lines": [], "start_line": 25, "executed_branches": [], "missing_branches": []}, "EventDrivenBacktester.run": {"executed_lines": [29, 30, 31, 32, 33, 34, 35], "summary": {"covered_lines": 7, "num_statements": 7, "percent_covered": 100.0, "percent_covered_display": "100.00", "missing_lines": 0, "excluded_lines": 0, "percent_statements_covered": 100.0, "percent_statements_covered_display": "100.00", "num_branches": 2, "num_partial_branches": 0, "covered_branches": 2, "missing_branches": 0, "percent_branches_covered": 100.0, "percent_branches_covered_display": "100.00"}, "missing_lines": [], "excluded_lines": [], "start_line": 28, "executed_branches": [[29, 30], [29, 32]], "missing_branches": []}, "_default_engine_runner": {"executed_lines": [43, 44, 45, 46, 47], "summary": {"covered_lines": 5, "num_statements": 10, "percent_covered": 42.857142857142854, "percent_covered_display": "42.86", "missing_lines": 5, "excluded_lines": 0, "percent_statements_covered": 50.0, "percent_statements_covered_display": "50.00", "num_branches": 4, "num_partial_branches": 1, "covered_branches": 1, "missing_branches": 3, "percent_branches_covered": 25.0, "percent_branches_covered_display": "25.00"}, "missing_lines": [48, 49, 50, 51, 52], "excluded_lines": [], "start_line": 42, "executed_branches": [[45, 46]], "missing_branches": [[45, 48], [49, 50], [49, 52]]}, "_equity_curve": {"executed_lines": [56, 57, 58, 59, 60, 61], "summary": {"covered_lines": 6, "num_statements": 6, "percent_covered": 100.0, "percent_covered_display": "100.00", "missing_lines": 0, "excluded_lines": 0, "percent_statements_covered": 100.0, "percent_statements_covered_display": "100.00", "num_branches": 2, "num_partial_branches": 0, "covered_branches": 2, "missing_branches": 0, "percent_branches_covered": 100.0, "percent_branches_covered_display": "100.00"}, "missing_lines": [], "excluded_lines": [], "start_line": 55, "executed_branches": [[58, 59], [58, 61]], "missing_branches": []}, "_load_openengine_module": {"executed_lines": [65, 66, 67, 68, 69], "summary": {"covered_lines": 5, "num_statements": 5, "percent_covered": 100.0, "percent_covered_display": "100.00", "missing_lines": 0, "excluded_lines": 0, "percent_statements_covered": 100.0, "percent_statements_covered_display": "100.00", "num_branches": 0, "num_partial_branches": 0, "covered_branches": 0, "missing_branches": 0, "percent_branches_covered": 100.0, "percent_branches_covered_display": "100.00"}, "missing_lines": [], "excluded_lines": [], "start_line": 64, "executed_branches": [], "missing_branches": []}, "": {"executed_lines": [5, 6, 7, 8, 10, 12, 15, 16, 17, 18, 19, 22, 25, 28, 42, 55, 64], "summary": {"covered_lines": 17, "num_statements": 17, "percent_covered": 100.0, "percent_covered_display": "100.00", "missing_lines": 0, "excluded_lines": 0, "percent_statements_covered": 100.0, "percent_statements_covered_display": "100.00", "num_branches": 0, "num_partial_branches": 0, "covered_branches": 0, "missing_branches": 0, "percent_branches_covered": 100.0, "percent_branches_covered_display": "100.00"}, "missing_lines": [], "excluded_lines": [], "start_line": 1, "executed_branches": [], "missing_branches": []}}, "classes": {"EventDrivenResult": {"executed_lines": [], "summary": {"covered_lines": 0, "num_statements": 0, "percent_covered": 100.0, "percent_covered_display": "100.00", "missing_lines": 0, "excluded_lines": 0, "percent_statements_covered": 100.0, "percent_statements_covered_display": "100.00", "num_branches": 0, "num_partial_branches": 0, "covered_branches": 0, "missing_branches": 0, "percent_branches_covered": 100.0, "percent_branches_covered_display": "100.00"}, "missing_lines": [], "excluded_lines": [], "start_line": 16, "executed_branches": [], "missing_branches": []}, "EventDrivenBacktester": {"executed_lines": [26, 29, 30, 31, 32, 33, 34, 35], "summary": {"covered_lines": 8, "num_statements": 8, "percent_covered": 100.0, "percent_covered_display": "100.00", "missing_lines": 0, "excluded_lines": 0, "percent_statements_covered": 100.0, "percent_statements_covered_display": "100.00", "num_branches": 2, "num_partial_branches": 0, "covered_branches": 2, "missing_branches": 0, "percent_branches_covered": 100.0, "percent_branches_covered_display": "100.00"}, "missing_lines": [], "excluded_lines": [], "start_line": 22, "executed_branches": [[29, 30], [29, 32]], "missing_branches": []}, "": {"executed_lines": [5, 6, 7, 8, 10, 12, 15, 16, 17, 18, 19, 22, 25, 28, 42, 43, 44, 45, 46, 47, 55, 56, 57, 58, 59, 60, 61, 64, 65, 66, 67, 68, 69], "summary": {"covered_lines": 33, "num_statements": 38, "percent_covered": 81.81818181818181, "percent_covered_display": "81.82", "missing_lines": 5, "excluded_lines": 0, "percent_statements_covered": 86.84210526315789, "percent_statements_covered_display": "86.84", "num_branches": 6, "num_partial_branches": 1, "covered_branches": 3, "missing_branches": 3, "percent_branches_covered": 50.0, "percent_branches_covered_display": "50.00"}, "missing_lines": [48, 49, 50, 51, 52], "excluded_lines": [], "start_line": 1, "executed_branches": [[45, 46], [58, 59], [58, 61]], "missing_branches": [[45, 48], [49, 50], [49, 52]]}}}, "src\\iatb\\backtesting\\forward_test.py": {"executed_lines": [5, 6, 8, 9, 12, 13, 14, 15, 18, 19, 20, 21, 22, 25, 28, 34, 35, 36, 37, 38, 39, 40, 41, 43, 44, 51, 52, 53, 54, 55, 56, 57], "summary": {"covered_lines": 32, "num_statements": 32, "percent_covered": 100.0, "percent_covered_display": "100.00", "missing_lines": 0, "excluded_lines": 0, "percent_statements_covered": 100.0, "percent_statements_covered_display": "100.00", "num_branches": 8, "num_partial_branches": 0, "covered_branches": 8, "missing_branches": 0, "percent_branches_covered": 100.0, "percent_branches_covered_display": "100.00"}, "missing_lines": [], "excluded_lines": [], "executed_branches": [[37, 38], [37, 44], [40, 41], [40, 43], [52, 53], [52, 55], [55, -51], [55, 56]], "missing_branches": [], "functions": {"ForwardTester.run": {"executed_lines": [34, 35, 36, 37, 38, 39, 40, 41, 43, 44], "summary": {"covered_lines": 10, "num_statements": 10, "percent_covered": 100.0, "percent_covered_display": "100.00", "missing_lines": 0, "excluded_lines": 0, "percent_statements_covered": 100.0, "percent_statements_covered_display": "100.00", "num_branches": 4, "num_partial_branches": 0, "covered_branches": 4, "missing_branches": 0, "percent_branches_covered": 100.0, "percent_branches_covered_display": "100.00"}, "missing_lines": [], "excluded_lines": [], "start_line": 28, "executed_branches": [[37, 38], [37, 44], [40, 41], [40, 43]], "missing_branches": []}, "_validate_config": {"executed_lines": [52, 53, 54, 55, 56, 57], "summary": {"covered_lines": 6, "num_statements": 6, "percent_covered": 100.0, "percent_covered_display": "100.00", "missing_lines": 0, "excluded_lines": 0, "percent_statements_covered": 100.0, "percent_statements_covered_display": "100.00", "num_branches": 4, "num_partial_branches": 0, "covered_branches": 4, "missing_branches": 0, "percent_branches_covered": 100.0, "percent_branches_covered_display": "100.00"}, "missing_lines": [], "excluded_lines": [], "start_line": 51, "executed_branches": [[52, 53], [52, 55], [55, -51], [55, 56]], "missing_branches": []}, "": {"executed_lines": [5, 6, 8, 9, 12, 13, 14, 15, 18, 19, 20, 21, 22, 25, 28, 51], "summary": {"covered_lines": 16, "num_statements": 16, "percent_covered": 100.0, "percent_covered_display": "100.00", "missing_lines": 0, "excluded_lines": 0, "percent_statements_covered": 100.0, "percent_statements_covered_display": "100.00", "num_branches": 0, "num_partial_branches": 0, "covered_branches": 0, "missing_branches": 0, "percent_branches_covered": 100.0, "percent_branches_covered_display": "100.00"}, "missing_lines": [], "excluded_lines": [], "start_line": 1, "executed_branches": [], "missing_branches": []}}, "classes": {"ForwardTestConfig": {"executed_lines": [], "summary": {"covered_lines": 0, "num_statements": 0, "percent_covered": 100.0, "percent_covered_display": "100.00", "missing_lines": 0, "excluded_lines": 0, "percent_statements_covered": 100.0, "percent_statements_covered_display": "100.00", "num_branches": 0, "num_partial_branches": 0, "covered_branches": 0, "missing_branches": 0, "percent_branches_covered": 100.0, "percent_branches_covered_display": "100.00"}, "missing_lines": [], "excluded_lines": [], "start_line": 13, "executed_branches": [], "missing_branches": []}, "ForwardTestResult": {"executed_lines": [], "summary": {"covered_lines": 0, "num_statements": 0, "percent_covered": 100.0, "percent_covered_display": "100.00", "missing_lines": 0, "excluded_lines": 0, "percent_statements_covered": 100.0, "percent_statements_covered_display": "100.00", "num_branches": 0, "num_partial_branches": 0, "covered_branches": 0, "missing_branches": 0, "percent_branches_covered": 100.0, "percent_branches_covered_display": "100.00"}, "missing_lines": [], "excluded_lines": [], "start_line": 19, "executed_branches": [], "missing_branches": []}, "ForwardTester": {"executed_lines": [34, 35, 36, 37, 38, 39, 40, 41, 43, 44], "summary": {"covered_lines": 10, "num_statements": 10, "percent_covered": 100.0, "percent_covered_display": "100.00", "missing_lines": 0, "excluded_lines": 0, "percent_statements_covered": 100.0, "percent_statements_covered_display": "100.00", "num_branches": 4, "num_partial_branches": 0, "covered_branches": 4, "missing_branches": 0, "percent_branches_covered": 100.0, "percent_branches_covered_display": "100.00"}, "missing_lines": [], "excluded_lines": [], "start_line": 25, "executed_branches": [[37, 38], [37, 44], [40, 41], [40, 43]], "missing_branches": []}, "": {"executed_lines": [5, 6, 8, 9, 12, 13, 14, 15, 18, 19, 20, 21, 22, 25, 28, 51, 52, 53, 54, 55, 56, 57], "summary": {"covered_lines": 22, "num_statements": 22, "percent_covered": 100.0, "percent_covered_display": "100.00", "missing_lines": 0, "excluded_lines": 0, "percent_statements_covered": 100.0, "percent_statements_covered_display": "100.00", "num_branches": 4, "num_partial_branches": 0, "covered_branches": 4, "missing_branches": 0, "percent_branches_covered": 100.0, "percent_branches_covered_display": "100.00"}, "missing_lines": [], "excluded_lines": [], "start_line": 1, "executed_branches": [[52, 53], [52, 55], [55, -51], [55, 56]], "missing_branches": []}}}, "src\\iatb\\backtesting\\indian_costs.py": {"executed_lines": [5, 6, 7, 9, 11, 13, 14, 15, 16, 17, 18, 26, 27, 28, 29, 30, 31, 32, 33, 36, 37, 38, 39, 40, 41, 42, 43, 44, 45, 46, 47, 48, 49, 59, 60, 61, 62], "summary": {"covered_lines": 37, "num_statements": 37, "percent_covered": 100.0, "percent_covered_display": "100.00", "missing_lines": 0, "excluded_lines": 0, "percent_statements_covered": 100.0, "percent_statements_covered_display": "100.00", "num_branches": 6, "num_partial_branches": 0, "covered_branches": 6, "missing_branches": 0, "percent_branches_covered": 100.0, "percent_branches_covered_display": "100.00"}, "missing_lines": [], "excluded_lines": [], "executed_branches": [[37, 38], [37, 40], [40, 41], [40, 43], [60, 61], [60, 62]], "missing_branches": [], "functions": {"calculate_indian_costs": {"executed_lines": [37, 38, 39, 40, 41, 42, 43, 44, 45, 46, 47, 48, 49], "summary": {"covered_lines": 13, "num_statements": 13, "percent_covered": 100.0, "percent_covered_display": "100.00", "missing_lines": 0, "excluded_lines": 0, "percent_statements_covered": 100.0, "percent_statements_covered_display": "100.00", "num_branches": 4, "num_partial_branches": 0, "covered_branches": 4, "missing_branches": 0, "percent_branches_covered": 100.0, "percent_branches_covered_display": "100.00"}, "missing_lines": [], "excluded_lines": [], "start_line": 36, "executed_branches": [[37, 38], [37, 40], [40, 41], [40, 43]], "missing_branches": []}, "_exchange_rate": {"executed_lines": [60, 61, 62], "summary": {"covered_lines": 3, "num_statements": 3, "percent_covered": 100.0, "percent_covered_display": "100.00", "missing_lines": 0, "excluded_lines": 0, "percent_statements_covered": 100.0, "percent_statements_covered_display": "100.00", "num_branches": 2, "num_partial_branches": 0, "covered_branches": 2, "missing_branches": 0, "percent_branches_covered": 100.0, "percent_branches_covered_display": "100.00"}, "missing_lines": [], "excluded_lines": [], "start_line": 59, "executed_branches": [[60, 61], [60, 62]], "missing_branches": []}, "": {"executed_lines": [5, 6, 7, 9, 11, 13, 14, 15, 16, 17, 18, 26, 27, 28, 29, 30, 31, 32, 33, 36, 59], "summary": {"covered_lines": 21, "num_statements": 21, "percent_covered": 100.0, "percent_covered_display": "100.00", "missing_lines": 0, "excluded_lines": 0, "percent_statements_covered": 100.0, "percent_statements_covered_display": "100.00", "num_branches": 0, "num_partial_branches": 0, "covered_branches": 0, "missing_branches": 0, "percent_branches_covered": 100.0, "percent_branches_covered_display": "100.00"}, "missing_lines": [], "excluded_lines": [], "start_line": 1, "executed_branches": [], "missing_branches": []}}, "classes": {"CostBreakdown": {"executed_lines": [], "summary": {"covered_lines": 0, "num_statements": 0, "percent_covered": 100.0, "percent_covered_display": "100.00", "missing_lines": 0, "excluded_lines": 0, "percent_statements_covered": 100.0, "percent_statements_covered_display": "100.00", "num_branches": 0, "num_partial_branches": 0, "covered_branches": 0, "missing_branches": 0, "percent_branches_covered": 100.0, "percent_branches_covered_display": "100.00"}, "missing_lines": [], "excluded_lines": [], "start_line": 27, "executed_branches": [], "missing_branches": []}, "": {"executed_lines": [5, 6, 7, 9, 11, 13, 14, 15, 16, 17, 18, 26, 27, 28, 29, 30, 31, 32, 33, 36, 37, 38, 39, 40, 41, 42, 43, 44, 45, 46, 47, 48, 49, 59, 60, 61, 62], "summary": {"covered_lines": 37, "num_statements": 37, "percent_covered": 100.0, "percent_covered_display": "100.00", "missing_lines": 0, "excluded_lines": 0, "percent_statements_covered": 100.0, "percent_statements_covered_display": "100.00", "num_branches": 6, "num_partial_branches": 0, "covered_branches": 6, "missing_branches": 0, "percent_branches_covered": 100.0, "percent_branches_covered_display": "100.00"}, "missing_lines": [], "excluded_lines": [], "start_line": 1, "executed_branches": [[37, 38], [37, 40], [40, 41], [40, 43], [60, 61], [60, 62]], "missing_branches": []}}}, "src\\iatb\\backtesting\\monte_carlo.py": {"executed_lines": [5, 6, 7, 9, 11, 14, 15, 16, 17, 18, 19, 22, 25, 26, 27, 28, 29, 30, 32, 33, 34, 35, 36, 37, 38, 39, 40, 47, 48, 49, 50, 53, 54, 55, 56, 57, 59], "summary": {"covered_lines": 37, "num_statements": 38, "percent_covered": 95.45454545454545, "percent_covered_display": "95.45", "missing_lines": 1, "excluded_lines": 0, "percent_statements_covered": 97.36842105263158, "percent_statements_covered_display": "97.37", "num_branches": 6, "num_partial_branches": 1, "covered_branches": 5, "missing_branches": 1, "percent_branches_covered": 83.33333333333333, "percent_branches_covered_display": "83.33"}, "missing_lines": [58], "excluded_lines": [], "executed_branches": [[26, 27], [26, 29], [33, 34], [33, 36], [57, 59]], "missing_branches": [[57, 58]], "functions": {"MonteCarloAnalyzer.__init__": {"executed_lines": [26, 27, 28, 29, 30], "summary": {"covered_lines": 5, "num_statements": 5, "percent_covered": 100.0, "percent_covered_display": "100.00", "missing_lines": 0, "excluded_lines": 0, "percent_statements_covered": 100.0, "percent_statements_covered_display": "100.00", "num_branches": 2, "num_partial_branches": 0, "covered_branches": 2, "missing_branches": 0, "percent_branches_covered": 100.0, "percent_branches_covered_display": "100.00"}, "missing_lines": [], "excluded_lines": [], "start_line": 25, "executed_branches": [[26, 27], [26, 29]], "missing_branches": []}, "MonteCarloAnalyzer.run": {"executed_lines": [33, 34, 35, 36, 37, 38, 39, 40], "summary": {"covered_lines": 8, "num_statements": 8, "percent_covered": 100.0, "percent_covered_display": "100.00", "missing_lines": 0, "excluded_lines": 0, "percent_statements_covered": 100.0, "percent_statements_covered_display": "100.00", "num_branches": 2, "num_partial_branches": 0, "covered_branches": 2, "missing_branches": 0, "percent_branches_covered": 100.0, "percent_branches_covered_display": "100.00"}, "missing_lines": [], "excluded_lines": [], "start_line": 32, "executed_branches": [[33, 34], [33, 36]], "missing_branches": []}, "MonteCarloAnalyzer._permute": {"executed_lines": [48, 49, 50], "summary": {"covered_lines": 3, "num_statements": 3, "percent_covered": 100.0, "percent_covered_display": "100.00", "missing_lines": 0, "excluded_lines": 0, "percent_statements_covered": 100.0, "percent_statements_covered_display": "100.00", "num_branches": 0, "num_partial_branches": 0, "covered_branches": 0, "missing_branches": 0, "percent_branches_covered": 100.0, "percent_branches_covered_display": "100.00"}, "missing_lines": [], "excluded_lines": [], "start_line": 47, "executed_branches": [], "missing_branches": []}, "_sharpe_like": {"executed_lines": [54, 55, 56, 57, 59], "summary": {"covered_lines": 5, "num_statements": 6, "percent_covered": 75.0, "percent_covered_display": "75.00", "missing_lines": 1, "excluded_lines": 0, "percent_statements_covered": 83.33333333333333, "percent_statements_covered_display": "83.33", "num_branches": 2, "num_partial_branches": 1, "covered_branches": 1, "missing_branches": 1, "percent_branches_covered": 50.0, "percent_branches_covered_display": "50.00"}, "missing_lines": [58], "excluded_lines": [], "start_line": 53, "executed_branches": [[57, 59]], "missing_branches": [[57, 58]]}, "": {"executed_lines": [5, 6, 7, 9, 11, 14, 15, 16, 17, 18, 19, 22, 25, 32, 47, 53], "summary": {"covered_lines": 16, "num_statements": 16, "percent_covered": 100.0, "percent_covered_display": "100.00", "missing_lines": 0, "excluded_lines": 0, "percent_statements_covered": 100.0, "percent_statements_covered_display": "100.00", "num_branches": 0, "num_partial_branches": 0, "covered_branches": 0, "missing_branches": 0, "percent_branches_covered": 100.0, "percent_branches_covered_display": "100.00"}, "missing_lines": [], "excluded_lines": [], "start_line": 1, "executed_branches": [], "missing_branches": []}}, "classes": {"MonteCarloResult": {"executed_lines": [], "summary": {"covered_lines": 0, "num_statements": 0, "percent_covered": 100.0, "percent_covered_display": "100.00", "missing_lines": 0, "excluded_lines": 0, "percent_statements_covered": 100.0, "percent_statements_covered_display": "100.00", "num_branches": 0, "num_partial_branches": 0, "covered_branches": 0, "missing_branches": 0, "percent_branches_covered": 100.0, "percent_branches_covered_display": "100.00"}, "missing_lines": [], "excluded_lines": [], "start_line": 15, "executed_branches": [], "missing_branches": []}, "MonteCarloAnalyzer": {"executed_lines": [26, 27, 28, 29, 30, 33, 34, 35, 36, 37, 38, 39, 40, 48, 49, 50], "summary": {"covered_lines": 16, "num_statements": 16, "percent_covered": 100.0, "percent_covered_display": "100.00", "missing_lines": 0, "excluded_lines": 0, "percent_statements_covered": 100.0, "percent_statements_covered_display": "100.00", "num_branches": 4, "num_partial_branches": 0, "covered_branches": 4, "missing_branches": 0, "percent_branches_covered": 100.0, "percent_branches_covered_display": "100.00"}, "missing_lines": [], "excluded_lines": [], "start_line": 22, "executed_branches": [[26, 27], [26, 29], [33, 34], [33, 36]], "missing_branches": []}, "": {"executed_lines": [5, 6, 7, 9, 11, 14, 15, 16, 17, 18, 19, 22, 25, 32, 47, 53, 54, 55, 56, 57, 59], "summary": {"covered_lines": 21, "num_statements": 22, "percent_covered": 91.66666666666667, "percent_covered_display": "91.67", "missing_lines": 1, "excluded_lines": 0, "percent_statements_covered": 95.45454545454545, "percent_statements_covered_display": "95.45", "num_branches": 2, "num_partial_branches": 1, "covered_branches": 1, "missing_branches": 1, "percent_branches_covered": 50.0, "percent_branches_covered_display": "50.00"}, "missing_lines": [58], "excluded_lines": [], "start_line": 1, "executed_branches": [[57, 59]], "missing_branches": [[57, 58]]}}}, "src\\iatb\\backtesting\\report.py": {"executed_lines": [5, 6, 7, 9, 11, 14, 17, 18, 20, 26, 27, 28, 29, 30, 31, 32, 33, 36, 41, 42, 43, 44, 45, 46, 55, 56, 57, 58, 59, 60], "summary": {"covered_lines": 30, "num_statements": 31, "percent_covered": 94.5945945945946, "percent_covered_display": "94.59", "missing_lines": 1, "excluded_lines": 0, "percent_statements_covered": 96.7741935483871, "percent_statements_covered_display": "96.77", "num_branches": 6, "num_partial_branches": 1, "covered_branches": 5, "missing_branches": 1, "percent_branches_covered": 83.33333333333333, "percent_branches_covered_display": "83.33"}, "missing_lines": [47], "excluded_lines": [], "executed_branches": [[26, 27], [26, 29], [29, 30], [29, 32], [44, 45]], "missing_branches": [[44, 47]], "functions": {"QuantStatsReporter.__init__": {"executed_lines": [18], "summary": {"covered_lines": 1, "num_statements": 1, "percent_covered": 100.0, "percent_covered_display": "100.00", "missing_lines": 0, "excluded_lines": 0, "percent_statements_covered": 100.0, "percent_statements_covered_display": "100.00", "num_branches": 0, "num_partial_branches": 0, "covered_branches": 0, "missing_branches": 0, "percent_branches_covered": 100.0, "percent_branches_covered_display": "100.00"}, "missing_lines": [], "excluded_lines": [], "start_line": 17, "executed_branches": [], "missing_branches": []}, "QuantStatsReporter.build_report": {"executed_lines": [26, 27, 28, 29, 30, 31, 32, 33], "summary": {"covered_lines": 8, "num_statements": 8, "percent_covered": 100.0, "percent_covered_display": "100.00", "missing_lines": 0, "excluded_lines": 0, "percent_statements_covered": 100.0, "percent_statements_covered_display": "100.00", "num_branches": 4, "num_partial_branches": 0, "covered_branches": 4, "missing_branches": 0, "percent_branches_covered": 100.0, "percent_branches_covered_display": "100.00"}, "missing_lines": [], "excluded_lines": [], "start_line": 20, "executed_branches": [[26, 27], [26, 29], [29, 30], [29, 32]], "missing_branches": []}, "_default_renderer": {"executed_lines": [41, 42, 43, 44, 45, 46], "summary": {"covered_lines": 6, "num_statements": 7, "percent_covered": 77.77777777777777, "percent_covered_display": "77.78", "missing_lines": 1, "excluded_lines": 0, "percent_statements_covered": 85.71428571428571, "percent_statements_covered_display": "85.71", "num_branches": 2, "num_partial_branches": 1, "covered_branches": 1, "missing_branches": 1, "percent_branches_covered": 50.0, "percent_branches_covered_display": "50.00"}, "missing_lines": [47], "excluded_lines": [], "start_line": 36, "executed_branches": [[44, 45]], "missing_branches": [[44, 47]]}, "_load_quantstats_module": {"executed_lines": [56, 57, 58, 59, 60], "summary": {"covered_lines": 5, "num_statements": 5, "percent_covered": 100.0, "percent_covered_display": "100.00", "missing_lines": 0, "excluded_lines": 0, "percent_statements_covered": 100.0, "percent_statements_covered_display": "100.00", "num_branches": 0, "num_partial_branches": 0, "covered_branches": 0, "missing_branches": 0, "percent_branches_covered": 100.0, "percent_branches_covered_display": "100.00"}, "missing_lines": [], "excluded_lines": [], "start_line": 55, "executed_branches": [], "missing_branches": []}, "": {"executed_lines": [5, 6, 7, 9, 11, 14, 17, 20, 36, 55], "summary": {"covered_lines": 10, "num_statements": 10, "percent_covered": 100.0, "percent_covered_display": "100.00", "missing_lines": 0, "excluded_lines": 0, "percent_statements_covered": 100.0, "percent_statements_covered_display": "100.00", "num_branches": 0, "num_partial_branches": 0, "covered_branches": 0, "missing_branches": 0, "percent_branches_covered": 100.0, "percent_branches_covered_display": "100.00"}, "missing_lines": [], "excluded_lines": [], "start_line": 1, "executed_branches": [], "missing_branches": []}}, "classes": {"QuantStatsReporter": {"executed_lines": [18, 26, 27, 28, 29, 30, 31, 32, 33], "summary": {"covered_lines": 9, "num_statements": 9, "percent_covered": 100.0, "percent_covered_display": "100.00", "missing_lines": 0, "excluded_lines": 0, "percent_statements_covered": 100.0, "percent_statements_covered_display": "100.00", "num_branches": 4, "num_partial_branches": 0, "covered_branches": 4, "missing_branches": 0, "percent_branches_covered": 100.0, "percent_branches_covered_display": "100.00"}, "missing_lines": [], "excluded_lines": [], "start_line": 14, "executed_branches": [[26, 27], [26, 29], [29, 30], [29, 32]], "missing_branches": []}, "": {"executed_lines": [5, 6, 7, 9, 11, 14, 17, 20, 36, 41, 42, 43, 44, 45, 46, 55, 56, 57, 58, 59, 60], "summary": {"covered_lines": 21, "num_statements": 22, "percent_covered": 91.66666666666667, "percent_covered_display": "91.67", "missing_lines": 1, "excluded_lines": 0, "percent_statements_covered": 95.45454545454545, "percent_statements_covered_display": "95.45", "num_branches": 2, "num_partial_branches": 1, "covered_branches": 1, "missing_branches": 1, "percent_branches_covered": 50.0, "percent_branches_covered_display": "50.00"}, "missing_lines": [47], "excluded_lines": [], "start_line": 1, "executed_branches": [[44, 45]], "missing_branches": [[44, 47]]}}}, "src\\iatb\\backtesting\\session_masks.py": {"executed_lines": [8, 9, 11, 17, 18, 19, 21, 24, 27, 29, 30, 33, 38, 39, 42, 48, 49, 51, 55, 56, 57, 59, 62, 69, 70, 72, 73, 74, 78, 79, 80, 83, 84, 85, 86, 90, 92, 93, 94, 98, 100, 104, 107, 113, 115, 118, 119, 120, 121, 123, 124, 127, 134, 136, 139, 140, 141, 143, 144, 145, 146, 147, 148, 152, 155, 162, 164, 165, 166], "summary": {"covered_lines": 69, "num_statements": 79, "percent_covered": 83.4862385321101, "percent_covered_display": "83.49", "missing_lines": 10, "excluded_lines": 0, "percent_statements_covered": 87.34177215189874, "percent_statements_covered_display": "87.34", "num_branches": 30, "num_partial_branches": 8, "covered_branches": 22, "missing_branches": 8, "percent_branches_covered": 73.33333333333333, "percent_branches_covered_display": "73.33"}, "missing_lines": [52, 53, 81, 101, 102, 116, 137, 150, 157, 159], "excluded_lines": [], "executed_branches": [[51, 55], [55, 56], [55, 59], [73, 74], [73, 83], [79, 80], [83, 84], [84, 85], [84, 92], [92, 93], [92, 100], [100, 104], [115, 118], [120, 121], [120, 123], [136, 139], [143, 144], [143, 152], [145, 146], [147, 148], [164, -162], [164, 165]], "missing_branches": [[51, 52], [79, 81], [83, 104], [100, 101], [115, 116], [136, 137], [145, 147], [147, 150]], "functions": {"is_in_session": {"executed_lines": [29, 30], "summary": {"covered_lines": 2, "num_statements": 2, "percent_covered": 100.0, "percent_covered_display": "100.00", "missing_lines": 0, "excluded_lines": 0, "percent_statements_covered": 100.0, "percent_statements_covered_display": "100.00", "num_branches": 0, "num_partial_branches": 0, "covered_branches": 0, "missing_branches": 0, "percent_branches_covered": 100.0, "percent_branches_covered_display": "100.00"}, "missing_lines": [], "excluded_lines": [], "start_line": 27, "executed_branches": [], "missing_branches": []}, "filter_timestamps_in_session": {"executed_lines": [38, 39], "summary": {"covered_lines": 2, "num_statements": 2, "percent_covered": 100.0, "percent_covered_display": "100.00", "missing_lines": 0, "excluded_lines": 0, "percent_statements_covered": 100.0, "percent_statements_covered_display": "100.00", "num_branches": 0, "num_partial_branches": 0, "covered_branches": 0, "missing_branches": 0, "percent_branches_covered": 100.0, "percent_branches_covered_display": "100.00"}, "missing_lines": [], "excluded_lines": [], "start_line": 33, "executed_branches": [], "missing_branches": []}, "is_mis_trading_allowed": {"executed_lines": [48, 49, 51, 55, 56, 57, 59], "summary": {"covered_lines": 7, "num_statements": 9, "percent_covered": 76.92307692307692, "percent_covered_display": "76.92", "missing_lines": 2, "excluded_lines": 0, "percent_statements_covered": 77.77777777777777, "percent_statements_covered_display": "77.78", "num_branches": 4, "num_partial_branches": 1, "covered_branches": 3, "missing_branches": 1, "percent_branches_covered": 75.0, "percent_branches_covered_display": "75.00"}, "missing_lines": [52, 53], "excluded_lines": [], "start_line": 42, "executed_branches": [[51, 55], [55, 56], [55, 59]], "missing_branches": [[51, 52]]}, "validate_trade_product": {"executed_lines": [69, 70, 72, 73, 74, 78, 79, 80, 83, 84, 85, 86, 90, 92, 93, 94, 98, 100, 104], "summary": {"covered_lines": 19, "num_statements": 22, "percent_covered": 82.3529411764706, "percent_covered_display": "82.35", "missing_lines": 3, "excluded_lines": 0, "percent_statements_covered": 86.36363636363636, "percent_statements_covered_display": "86.36", "num_branches": 12, "num_partial_branches": 3, "covered_branches": 9, "missing_branches": 3, "percent_branches_covered": 75.0, "percent_branches_covered_display": "75.00"}, "missing_lines": [81, 101, 102], "excluded_lines": [], "start_line": 62, "executed_branches": [[73, 74], [73, 83], [79, 80], [83, 84], [84, 85], [84, 92], [92, 93], [92, 100], [100, 104]], "missing_branches": [[79, 81], [83, 104], [100, 101]]}, "get_mis_session_window": {"executed_lines": [113, 115, 118, 119, 120, 121, 123, 124], "summary": {"covered_lines": 8, "num_statements": 9, "percent_covered": 84.61538461538461, "percent_covered_display": "84.62", "missing_lines": 1, "excluded_lines": 0, "percent_statements_covered": 88.88888888888889, "percent_statements_covered_display": "88.89", "num_branches": 4, "num_partial_branches": 1, "covered_branches": 3, "missing_branches": 1, "percent_branches_covered": 75.0, "percent_branches_covered_display": "75.00"}, "missing_lines": [116], "excluded_lines": [], "start_line": 107, "executed_branches": [[115, 118], [120, 121], [120, 123]], "missing_branches": [[115, 116]]}, "create_mis_session_mask": {"executed_lines": [134, 136, 139, 140, 141, 143, 144, 145, 146, 147, 148, 152], "summary": {"covered_lines": 12, "num_statements": 14, "percent_covered": 77.27272727272727, "percent_covered_display": "77.27", "missing_lines": 2, "excluded_lines": 0, "percent_statements_covered": 85.71428571428571, "percent_statements_covered_display": "85.71", "num_branches": 8, "num_partial_branches": 3, "covered_branches": 5, "missing_branches": 3, "percent_branches_covered": 62.5, "percent_branches_covered_display": "62.50"}, "missing_lines": [137, 150], "excluded_lines": [], "start_line": 127, "executed_branches": [[136, 139], [143, 144], [143, 152], [145, 146], [147, 148]], "missing_branches": [[136, 137], [145, 147], [147, 150]]}, "_next_date": {"executed_lines": [], "summary": {"covered_lines": 0, "num_statements": 2, "percent_covered": 0.0, "percent_covered_display": "0.00", "missing_lines": 2, "excluded_lines": 0, "percent_statements_covered": 0.0, "percent_statements_covered_display": "0.00", "num_branches": 0, "num_partial_branches": 0, "covered_branches": 0, "missing_branches": 0, "percent_branches_covered": 100.0, "percent_branches_covered_display": "100.00"}, "missing_lines": [157, 159], "excluded_lines": [], "start_line": 155, "executed_branches": [], "missing_branches": []}, "_validate_exchange": {"executed_lines": [164, 165, 166], "summary": {"covered_lines": 3, "num_statements": 3, "percent_covered": 100.0, "percent_covered_display": "100.00", "missing_lines": 0, "excluded_lines": 0, "percent_statements_covered": 100.0, "percent_statements_covered_display": "100.00", "num_branches": 2, "num_partial_branches": 0, "covered_branches": 2, "missing_branches": 0, "percent_branches_covered": 100.0, "percent_branches_covered_display": "100.00"}, "missing_lines": [], "excluded_lines": [], "start_line": 162, "executed_branches": [[164, -162], [164, 165]], "missing_branches": []}, "": {"executed_lines": [8, 9, 11, 17, 18, 19, 21, 24, 27, 33, 42, 62, 107, 127, 155, 162], "summary": {"covered_lines": 16, "num_statements": 16, "percent_covered": 100.0, "percent_covered_display": "100.00", "missing_lines": 0, "excluded_lines": 0, "percent_statements_covered": 100.0, "percent_statements_covered_display": "100.00", "num_branches": 0, "num_partial_branches": 0, "covered_branches": 0, "missing_branches": 0, "percent_branches_covered": 100.0, "percent_branches_covered_display": "100.00"}, "missing_lines": [], "excluded_lines": [], "start_line": 1, "executed_branches": [], "missing_branches": []}}, "classes": {"": {"executed_lines": [8, 9, 11, 17, 18, 19, 21, 24, 27, 29, 30, 33, 38, 39, 42, 48, 49, 51, 55, 56, 57, 59, 62, 69, 70, 72, 73, 74, 78, 79, 80, 83, 84, 85, 86, 90, 92, 93, 94, 98, 100, 104, 107, 113, 115, 118, 119, 120, 121, 123, 124, 127, 134, 136, 139, 140, 141, 143, 144, 145, 146, 147, 148, 152, 155, 162, 164, 165, 166], "summary": {"covered_lines": 69, "num_statements": 79, "percent_covered": 83.4862385321101, "percent_covered_display": "83.49", "missing_lines": 10, "excluded_lines": 0, "percent_statements_covered": 87.34177215189874, "percent_statements_covered_display": "87.34", "num_branches": 30, "num_partial_branches": 8, "covered_branches": 22, "missing_branches": 8, "percent_branches_covered": 73.33333333333333, "percent_branches_covered_display": "73.33"}, "missing_lines": [52, 53, 81, 101, 102, 116, 137, 150, 157, 159], "excluded_lines": [], "start_line": 1, "executed_branches": [[51, 55], [55, 56], [55, 59], [73, 74], [73, 83], [79, 80], [83, 84], [84, 85], [84, 92], [92, 93], [92, 100], [100, 104], [115, 118], [120, 121], [120, 123], [136, 139], [143, 144], [143, 152], [145, 146], [147, 148], [164, -162], [164, 165]], "missing_branches": [[51, 52], [79, 81], [83, 104], [100, 101], [115, 116], [136, 137], [145, 147], [147, 150]]}}}, "src\\iatb\\backtesting\\vectorized.py": {"executed_lines": [5, 6, 7, 8, 9, 11, 13, 16, 17, 18, 19, 20, 23, 26, 27, 29, 34, 35, 36, 37, 38, 39, 40, 41, 42, 43, 44, 45, 46, 47, 48, 49, 50, 53, 54, 65, 66, 67, 68, 69, 70, 71, 74, 75, 76, 79, 80, 81, 82, 83, 84], "summary": {"covered_lines": 51, "num_statements": 59, "percent_covered": 86.95652173913044, "percent_covered_display": "86.96", "missing_lines": 8, "excluded_lines": 0, "percent_statements_covered": 86.44067796610169, "percent_statements_covered_display": "86.44", "num_branches": 10, "num_partial_branches": 1, "covered_branches": 9, "missing_branches": 1, "percent_branches_covered": 90.0, "percent_branches_covered_display": "90.00"}, "missing_lines": [55, 56, 57, 58, 59, 60, 61, 62], "excluded_lines": [], "executed_branches": [[34, 35], [34, 37], [37, 38], [37, 40], [43, 44], [43, 50], [47, 48], [69, 70], [69, 71]], "missing_branches": [[47, 43]], "functions": {"VectorizedBacktester.__init__": {"executed_lines": [27], "summary": {"covered_lines": 1, "num_statements": 1, "percent_covered": 100.0, "percent_covered_display": "100.00", "missing_lines": 0, "excluded_lines": 0, "percent_statements_covered": 100.0, "percent_statements_covered_display": "100.00", "num_branches": 0, "num_partial_branches": 0, "covered_branches": 0, "missing_branches": 0, "percent_branches_covered": 100.0, "percent_branches_covered_display": "100.00"}, "missing_lines": [], "excluded_lines": [], "start_line": 26, "executed_branches": [], "missing_branches": []}, "VectorizedBacktester.run_sweep": {"executed_lines": [34, 35, 36, 37, 38, 39, 40, 41, 42, 43, 44, 45, 46, 47, 48, 49, 50], "summary": {"covered_lines": 17, "num_statements": 17, "percent_covered": 96.0, "percent_covered_display": "96.00", "missing_lines": 0, "excluded_lines": 0, "percent_statements_covered": 100.0, "percent_statements_covered_display": "100.00", "num_branches": 8, "num_partial_branches": 1, "covered_branches": 7, "missing_branches": 1, "percent_branches_covered": 87.5, "percent_branches_covered_display": "87.50"}, "missing_lines": [], "excluded_lines": [], "start_line": 29, "executed_branches": [[34, 35], [34, 37], [37, 38], [37, 40], [43, 44], [43, 50], [47, 48]], "missing_branches": [[47, 43]]}, "_default_evaluator": {"executed_lines": [54], "summary": {"covered_lines": 1, "num_statements": 9, "percent_covered": 11.11111111111111, "percent_covered_display": "11.11", "missing_lines": 8, "excluded_lines": 0, "percent_statements_covered": 11.11111111111111, "percent_statements_covered_display": "11.11", "num_branches": 0, "num_partial_branches": 0, "covered_branches": 0, "missing_branches": 0, "percent_branches_covered": 100.0, "percent_branches_covered_display": "100.00"}, "missing_lines": [55, 56, 57, 58, 59, 60, 61, 62], "excluded_lines": [], "start_line": 53, "executed_branches": [], "missing_branches": []}, "_iter_parameter_sets": {"executed_lines": [66, 67, 68, 69, 70, 71], "summary": {"covered_lines": 6, "num_statements": 6, "percent_covered": 100.0, "percent_covered_display": "100.00", "missing_lines": 0, "excluded_lines": 0, "percent_statements_covered": 100.0, "percent_statements_covered_display": "100.00", "num_branches": 2, "num_partial_branches": 0, "covered_branches": 2, "missing_branches": 0, "percent_branches_covered": 100.0, "percent_branches_covered_display": "100.00"}, "missing_lines": [], "excluded_lines": [], "start_line": 65, "executed_branches": [[69, 70], [69, 71]], "missing_branches": []}, "_parameter_key": {"executed_lines": [75, 76], "summary": {"covered_lines": 2, "num_statements": 2, "percent_covered": 100.0, "percent_covered_display": "100.00", "missing_lines": 0, "excluded_lines": 0, "percent_statements_covered": 100.0, "percent_statements_covered_display": "100.00", "num_branches": 0, "num_partial_branches": 0, "covered_branches": 0, "missing_branches": 0, "percent_branches_covered": 100.0, "percent_branches_covered_display": "100.00"}, "missing_lines": [], "excluded_lines": [], "start_line": 74, "executed_branches": [], "missing_branches": []}, "_load_vectorbt_module": {"executed_lines": [80, 81, 82, 83, 84], "summary": {"covered_lines": 5, "num_statements": 5, "percent_covered": 100.0, "percent_covered_display": "100.00", "missing_lines": 0, "excluded_lines": 0, "percent_statements_covered": 100.0, "percent_statements_covered_display": "100.00", "num_branches": 0, "num_partial_branches": 0, "covered_branches": 0, "missing_branches": 0, "percent_branches_covered": 100.0, "percent_branches_covered_display": "100.00"}, "missing_lines": [], "excluded_lines": [], "start_line": 79, "executed_branches": [], "missing_branches": []}, "": {"executed_lines": [5, 6, 7, 8, 9, 11, 13, 16, 17, 18, 19, 20, 23, 26, 29, 53, 65, 74, 79], "summary": {"covered_lines": 19, "num_statements": 19, "percent_covered": 100.0, "percent_covered_display": "100.00", "missing_lines": 0, "excluded_lines": 0, "percent_statements_covered": 100.0, "percent_statements_covered_display": "100.00", "num_branches": 0, "num_partial_branches": 0, "covered_branches": 0, "missing_branches": 0, "percent_branches_covered": 100.0, "percent_branches_covered_display": "100.00"}, "missing_lines": [], "excluded_lines": [], "start_line": 1, "executed_branches": [], "missing_branches": []}}, "classes": {"VectorizedSweepResult": {"executed_lines": [], "summary": {"covered_lines": 0, "num_statements": 0, "percent_covered": 100.0, "percent_covered_display": "100.00", "missing_lines": 0, "excluded_lines": 0, "percent_statements_covered": 100.0, "percent_statements_covered_display": "100.00", "num_branches": 0, "num_partial_branches": 0, "covered_branches": 0, "missing_branches": 0, "percent_branches_covered": 100.0, "percent_branches_covered_display": "100.00"}, "missing_lines": [], "excluded_lines": [], "start_line": 17, "executed_branches": [], "missing_branches": []}, "VectorizedBacktester": {"executed_lines": [27, 34, 35, 36, 37, 38, 39, 40, 41, 42, 43, 44, 45, 46, 47, 48, 49, 50], "summary": {"covered_lines": 18, "num_statements": 18, "percent_covered": 96.15384615384616, "percent_covered_display": "96.15", "missing_lines": 0, "excluded_lines": 0, "percent_statements_covered": 100.0, "percent_statements_covered_display": "100.00", "num_branches": 8, "num_partial_branches": 1, "covered_branches": 7, "missing_branches": 1, "percent_branches_covered": 87.5, "percent_branches_covered_display": "87.50"}, "missing_lines": [], "excluded_lines": [], "start_line": 23, "executed_branches": [[34, 35], [34, 37], [37, 38], [37, 40], [43, 44], [43, 50], [47, 48]], "missing_branches": [[47, 43]]}, "": {"executed_lines": [5, 6, 7, 8, 9, 11, 13, 16, 17, 18, 19, 20, 23, 26, 29, 53, 54, 65, 66, 67, 68, 69, 70, 71, 74, 75, 76, 79, 80, 81, 82, 83, 84], "summary": {"covered_lines": 33, "num_statements": 41, "percent_covered": 81.3953488372093, "percent_covered_display": "81.40", "missing_lines": 8, "excluded_lines": 0, "percent_statements_covered": 80.48780487804878, "percent_statements_covered_display": "80.49", "num_branches": 2, "num_partial_branches": 0, "covered_branches": 2, "missing_branches": 0, "percent_branches_covered": 100.0, "percent_branches_covered_display": "100.00"}, "missing_lines": [55, 56, 57, 58, 59, 60, 61, 62], "excluded_lines": [], "start_line": 1, "executed_branches": [[69, 70], [69, 71]], "missing_branches": []}}}, "src\\iatb\\backtesting\\walk_forward.py": {"executed_lines": [5, 6, 7, 8, 10, 12, 13, 16, 17, 18, 19, 20, 21, 22, 25, 26, 27, 28, 29, 32, 35, 36, 37, 38, 39, 40, 42, 43, 46, 47, 48, 49, 50, 51, 52, 53, 62, 69, 70, 72, 73, 74, 75, 76, 80, 84, 85, 88, 89, 90, 91, 92, 93, 96, 97, 98, 101, 102, 103, 104, 105, 106, 107, 108, 111, 112], "summary": {"covered_lines": 66, "num_statements": 74, "percent_covered": 85.55555555555556, "percent_covered_display": "85.56", "missing_lines": 8, "excluded_lines": 0, "percent_statements_covered": 89.1891891891892, "percent_statements_covered_display": "89.19", "num_branches": 16, "num_partial_branches": 5, "covered_branches": 11, "missing_branches": 5, "percent_branches_covered": 68.75, "percent_branches_covered_display": "68.75"}, "missing_lines": [44, 45, 71, 77, 86, 87, 109, 110], "excluded_lines": [], "executed_branches": [[36, 37], [36, 39], [43, 46], [49, 50], [49, 62], [70, 72], [75, 76], [85, 88], [89, 90], [89, 93], [108, 111]], "missing_branches": [[43, 44], [70, 71], [75, 77], [85, 86], [108, 109]], "functions": {"WalkForwardOptimizer.__init__": {"executed_lines": [36, 37, 38, 39, 40], "summary": {"covered_lines": 5, "num_statements": 5, "percent_covered": 100.0, "percent_covered_display": "100.00", "missing_lines": 0, "excluded_lines": 0, "percent_statements_covered": 100.0, "percent_statements_covered_display": "100.00", "num_branches": 2, "num_partial_branches": 0, "covered_branches": 2, "missing_branches": 0, "percent_branches_covered": 100.0, "percent_branches_covered_display": "100.00"}, "missing_lines": [], "excluded_lines": [], "start_line": 35, "executed_branches": [[36, 37], [36, 39]], "missing_branches": []}, "WalkForwardOptimizer.run": {"executed_lines": [43, 46, 47, 48, 49, 50, 51, 52, 53, 62], "summary": {"covered_lines": 10, "num_statements": 12, "percent_covered": 81.25, "percent_covered_display": "81.25", "missing_lines": 2, "excluded_lines": 0, "percent_statements_covered": 83.33333333333333, "percent_statements_covered_display": "83.33", "num_branches": 4, "num_partial_branches": 1, "covered_branches": 3, "missing_branches": 1, "percent_branches_covered": 75.0, "percent_branches_covered_display": "75.00"}, "missing_lines": [44, 45], "excluded_lines": [], "start_line": 42, "executed_branches": [[43, 46], [49, 50], [49, 62]], "missing_branches": [[43, 44]]}, "_default_sharpe_scorer": {"executed_lines": [70, 72, 73, 74, 75, 76], "summary": {"covered_lines": 6, "num_statements": 8, "percent_covered": 66.66666666666667, "percent_covered_display": "66.67", "missing_lines": 2, "excluded_lines": 0, "percent_statements_covered": 75.0, "percent_statements_covered_display": "75.00", "num_branches": 4, "num_partial_branches": 2, "covered_branches": 2, "missing_branches": 2, "percent_branches_covered": 50.0, "percent_branches_covered_display": "50.00"}, "missing_lines": [71, 77], "excluded_lines": [], "start_line": 69, "executed_branches": [[70, 72], [75, 76]], "missing_branches": [[70, 71], [75, 77]]}, "_time_series_splits": {"executed_lines": [84, 85, 88, 89, 90, 91, 92, 93], "summary": {"covered_lines": 8, "num_statements": 10, "percent_covered": 78.57142857142857, "percent_covered_display": "78.57", "missing_lines": 2, "excluded_lines": 0, "percent_statements_covered": 80.0, "percent_statements_covered_display": "80.00", "num_branches": 4, "num_partial_branches": 1, "covered_branches": 3, "missing_branches": 1, "percent_branches_covered": 75.0, "percent_branches_covered_display": "75.00"}, "missing_lines": [86, 87], "excluded_lines": [], "start_line": 80, "executed_branches": [[85, 88], [89, 90], [89, 93]], "missing_branches": [[85, 86]]}, "_overfit_ratio": {"executed_lines": [97, 98], "summary": {"covered_lines": 2, "num_statements": 2, "percent_covered": 100.0, "percent_covered_display": "100.00", "missing_lines": 0, "excluded_lines": 0, "percent_statements_covered": 100.0, "percent_statements_covered_display": "100.00", "num_branches": 0, "num_partial_branches": 0, "covered_branches": 0, "missing_branches": 0, "percent_branches_covered": 100.0, "percent_branches_covered_display": "100.00"}, "missing_lines": [], "excluded_lines": [], "start_line": 96, "executed_branches": [], "missing_branches": []}, "_initialize_tpe_sampler": {"executed_lines": [102, 103, 104, 105, 106, 107, 108, 111, 112], "summary": {"covered_lines": 9, "num_statements": 11, "percent_covered": 76.92307692307692, "percent_covered_display": "76.92", "missing_lines": 2, "excluded_lines": 0, "percent_statements_covered": 81.81818181818181, "percent_statements_covered_display": "81.82", "num_branches": 2, "num_partial_branches": 1, "covered_branches": 1, "missing_branches": 1, "percent_branches_covered": 50.0, "percent_branches_covered_display": "50.00"}, "missing_lines": [109, 110], "excluded_lines": [], "start_line": 101, "executed_branches": [[108, 111]], "missing_branches": [[108, 109]]}, "": {"executed_lines": [5, 6, 7, 8, 10, 12, 13, 16, 17, 18, 19, 20, 21, 22, 25, 26, 27, 28, 29, 32, 35, 42, 69, 80, 96, 101], "summary": {"covered_lines": 26, "num_statements": 26, "percent_covered": 100.0, "percent_covered_display": "100.00", "missing_lines": 0, "excluded_lines": 0, "percent_statements_covered": 100.0, "percent_statements_covered_display": "100.00", "num_branches": 0, "num_partial_branches": 0, "covered_branches": 0, "missing_branches": 0, "percent_branches_covered": 100.0, "percent_branches_covered_display": "100.00"}, "missing_lines": [], "excluded_lines": [], "start_line": 1, "executed_branches": [], "missing_branches": []}}, "classes": {"WalkForwardFold": {"executed_lines": [], "summary": {"covered_lines": 0, "num_statements": 0, "percent_covered": 100.0, "percent_covered_display": "100.00", "missing_lines": 0, "excluded_lines": 0, "percent_statements_covered": 100.0, "percent_statements_covered_display": "100.00", "num_branches": 0, "num_partial_branches": 0, "covered_branches": 0, "missing_branches": 0, "percent_branches_covered": 100.0, "percent_branches_covered_display": "100.00"}, "missing_lines": [], "excluded_lines": [], "start_line": 17, "executed_branches": [], "missing_branches": []}, "WalkForwardResult": {"executed_lines": [], "summary": {"covered_lines": 0, "num_statements": 0, "percent_covered": 100.0, "percent_covered_display": "100.00", "missing_lines": 0, "excluded_lines": 0, "percent_statements_covered": 100.0, "percent_statements_covered_display": "100.00", "num_branches": 0, "num_partial_branches": 0, "covered_branches": 0, "missing_branches": 0, "percent_branches_covered": 100.0, "percent_branches_covered_display": "100.00"}, "missing_lines": [], "excluded_lines": [], "start_line": 26, "executed_branches": [], "missing_branches": []}, "WalkForwardOptimizer": {"executed_lines": [36, 37, 38, 39, 40, 43, 46, 47, 48, 49, 50, 51, 52, 53, 62], "summary": {"covered_lines": 15, "num_statements": 17, "percent_covered": 86.95652173913044, "percent_covered_display": "86.96", "missing_lines": 2, "excluded_lines": 0, "percent_statements_covered": 88.23529411764706, "percent_statements_covered_display": "88.24", "num_branches": 6, "num_partial_branches": 1, "covered_branches": 5, "missing_branches": 1, "percent_branches_covered": 83.33333333333333, "percent_branches_covered_display": "83.33"}, "missing_lines": [44, 45], "excluded_lines": [], "start_line": 32, "executed_branches": [[36, 37], [36, 39], [43, 46], [49, 50], [49, 62]], "missing_branches": [[43, 44]]}, "": {"executed_lines": [5, 6, 7, 8, 10, 12, 13, 16, 17, 18, 19, 20, 21, 22, 25, 26, 27, 28, 29, 32, 35, 42, 69, 70, 72, 73, 74, 75, 76, 80, 84, 85, 88, 89, 90, 91, 92, 93, 96, 97, 98, 101, 102, 103, 104, 105, 106, 107, 108, 111, 112], "summary": {"covered_lines": 51, "num_statements": 57, "percent_covered": 85.07462686567165, "percent_covered_display": "85.07", "missing_lines": 6, "excluded_lines": 0, "percent_statements_covered": 89.47368421052632, "percent_statements_covered_display": "89.47", "num_branches": 10, "num_partial_branches": 4, "covered_branches": 6, "missing_branches": 4, "percent_branches_covered": 60.0, "percent_branches_covered_display": "60.00"}, "missing_lines": [71, 77, 86, 87, 109, 110], "excluded_lines": [], "start_line": 1, "executed_branches": [[70, 72], [75, 76], [85, 88], [89, 90], [89, 93], [108, 111]], "missing_branches": [[70, 71], [75, 77], [85, 86], [108, 109]]}}}, "src\\iatb\\core\\__init__.py": {"executed_lines": [8, 9, 10, 17, 18, 24, 31, 32, 34], "summary": {"covered_lines": 9, "num_statements": 9, "percent_covered": 100.0, "percent_covered_display": "100.00", "missing_lines": 0, "excluded_lines": 0, "percent_statements_covered": 100.0, "percent_statements_covered_display": "100.00", "num_branches": 0, "num_partial_branches": 0, "covered_branches": 0, "missing_branches": 0, "percent_branches_covered": 100.0, "percent_branches_covered_display": "100.00"}, "missing_lines": [], "excluded_lines": [], "executed_branches": [], "missing_branches": [], "functions": {"": {"executed_lines": [8, 9, 10, 17, 18, 24, 31, 32, 34], "summary": {"covered_lines": 9, "num_statements": 9, "percent_covered": 100.0, "percent_covered_display": "100.00", "missing_lines": 0, "excluded_lines": 0, "percent_statements_covered": 100.0, "percent_statements_covered_display": "100.00", "num_branches": 0, "num_partial_branches": 0, "covered_branches": 0, "missing_branches": 0, "percent_branches_covered": 100.0, "percent_branches_covered_display": "100.00"}, "missing_lines": [], "excluded_lines": [], "start_line": 1, "executed_branches": [], "missing_branches": []}}, "classes": {"": {"executed_lines": [8, 9, 10, 17, 18, 24, 31, 32, 34], "summary": {"covered_lines": 9, "num_statements": 9, "percent_covered": 100.0, "percent_covered_display": "100.00", "missing_lines": 0, "excluded_lines": 0, "percent_statements_covered": 100.0, "percent_statements_covered_display": "100.00", "num_branches": 0, "num_partial_branches": 0, "covered_branches": 0, "missing_branches": 0, "percent_branches_covered": 100.0, "percent_branches_covered_display": "100.00"}, "missing_lines": [], "excluded_lines": [], "start_line": 1, "executed_branches": [], "missing_branches": []}}}, "src\\iatb\\core\\clock.py": {"executed_lines": [8, 9, 10, 11, 13, 14, 15, 20, 22, 25, 28, 31, 32, 33, 37, 42, 50, 53, 54, 56, 58, 59, 61, 62, 63, 64, 65, 67, 68, 70, 71, 72, 74, 75, 76, 78, 79, 81, 82, 83, 85, 86, 89, 92, 94, 95, 96, 97, 98, 99, 100, 101, 103, 104, 106, 107, 108, 109, 110, 112, 113, 114, 115, 116, 118, 119, 121, 122, 123, 125, 126, 127, 128, 129, 131, 132, 134, 135, 136, 138, 139, 141, 142, 144, 145, 146, 147, 149, 150, 151, 153, 154, 155, 156, 158, 160, 161, 163, 164, 165, 166, 167, 168, 170, 171, 173, 174, 176, 177, 178, 179, 181, 182, 183, 184, 186, 187, 189, 190, 194, 196, 197, 198, 199, 200, 201, 203, 204, 205, 206, 210, 211, 215, 217, 218, 220, 221, 223, 224, 225, 227], "summary": {"covered_lines": 141, "num_statements": 143, "percent_covered": 97.83783783783784, "percent_covered_display": "97.84", "missing_lines": 2, "excluded_lines": 0, "percent_statements_covered": 98.6013986013986, "percent_statements_covered_display": "98.60", "num_branches": 42, "num_partial_branches": 2, "covered_branches": 40, "missing_branches": 2, "percent_branches_covered": 95.23809523809524, "percent_branches_covered_display": "95.24"}, "missing_lines": [212, 213], "excluded_lines": [], "executed_branches": [[61, 62], [61, 63], [63, 64], [63, 65], [70, 71], [70, 74], [81, 82], [81, 85], [96, 97], [96, 99], [99, -94], [99, 100], [113, 114], [113, 116], [122, 123], [122, 125], [127, 128], [127, 129], [135, 136], [135, 138], [145, 146], [145, 149], [154, 155], [154, 158], [164, 165], [164, 170], [166, 167], [166, 168], [177, 178], [177, 181], [183, 184], [183, 186], [203, 204], [204, 205], [204, 211], [211, 215], [220, 221], [220, 223], [224, 225], [224, 227]], "missing_branches": [[203, 215], [211, 212]], "functions": {"Clock.now": {"executed_lines": [56], "summary": {"covered_lines": 1, "num_statements": 1, "percent_covered": 100.0, "percent_covered_display": "100.00", "missing_lines": 0, "excluded_lines": 0, "percent_statements_covered": 100.0, "percent_statements_covered_display": "100.00", "num_branches": 0, "num_partial_branches": 0, "covered_branches": 0, "missing_branches": 0, "percent_branches_covered": 100.0, "percent_branches_covered_display": "100.00"}, "missing_lines": [], "excluded_lines": [], "start_line": 54, "executed_branches": [], "missing_branches": []}, "Clock.to_utc": {"executed_lines": [61, 62, 63, 64, 65], "summary": {"covered_lines": 5, "num_statements": 5, "percent_covered": 100.0, "percent_covered_display": "100.00", "missing_lines": 0, "excluded_lines": 0, "percent_statements_covered": 100.0, "percent_statements_covered_display": "100.00", "num_branches": 4, "num_partial_branches": 0, "covered_branches": 4, "missing_branches": 0, "percent_branches_covered": 100.0, "percent_branches_covered_display": "100.00"}, "missing_lines": [], "excluded_lines": [], "start_line": 59, "executed_branches": [[61, 62], [61, 63], [63, 64], [63, 65]], "missing_branches": []}, "Clock.to_ist": {"executed_lines": [70, 71, 72, 74, 75, 76], "summary": {"covered_lines": 6, "num_statements": 6, "percent_covered": 100.0, "percent_covered_display": "100.00", "missing_lines": 0, "excluded_lines": 0, "percent_statements_covered": 100.0, "percent_statements_covered_display": "100.00", "num_branches": 2, "num_partial_branches": 0, "covered_branches": 2, "missing_branches": 0, "percent_branches_covered": 100.0, "percent_branches_covered_display": "100.00"}, "missing_lines": [], "excluded_lines": [], "start_line": 68, "executed_branches": [[70, 71], [70, 74]], "missing_branches": []}, "Clock.ist_to_utc": {"executed_lines": [81, 82, 83, 85, 86], "summary": {"covered_lines": 5, "num_statements": 5, "percent_covered": 100.0, "percent_covered_display": "100.00", "missing_lines": 0, "excluded_lines": 0, "percent_statements_covered": 100.0, "percent_statements_covered_display": "100.00", "num_branches": 2, "num_partial_branches": 0, "covered_branches": 2, "missing_branches": 0, "percent_branches_covered": 100.0, "percent_branches_covered_display": "100.00"}, "missing_lines": [], "excluded_lines": [], "start_line": 79, "executed_branches": [[81, 82], [81, 85]], "missing_branches": []}, "TradingSessions._require_utc": {"executed_lines": [96, 97, 98, 99, 100, 101], "summary": {"covered_lines": 6, "num_statements": 6, "percent_covered": 100.0, "percent_covered_display": "100.00", "missing_lines": 0, "excluded_lines": 0, "percent_statements_covered": 100.0, "percent_statements_covered_display": "100.00", "num_branches": 4, "num_partial_branches": 0, "covered_branches": 4, "missing_branches": 0, "percent_branches_covered": 100.0, "percent_branches_covered_display": "100.00"}, "missing_lines": [], "excluded_lines": [], "start_line": 95, "executed_branches": [[96, 97], [96, 99], [99, -94], [99, 100]], "missing_branches": []}, "TradingSessions._get_session_times": {"executed_lines": [106, 107, 108, 109, 110, 112, 113, 114, 115, 116], "summary": {"covered_lines": 10, "num_statements": 10, "percent_covered": 100.0, "percent_covered_display": "100.00", "missing_lines": 0, "excluded_lines": 0, "percent_statements_covered": 100.0, "percent_statements_covered_display": "100.00", "num_branches": 2, "num_partial_branches": 0, "covered_branches": 2, "missing_branches": 0, "percent_branches_covered": 100.0, "percent_branches_covered_display": "100.00"}, "missing_lines": [], "excluded_lines": [], "start_line": 104, "executed_branches": [[113, 114], [113, 116]], "missing_branches": []}, "TradingSessions.is_market_open": {"executed_lines": [121, 122, 123, 125, 126, 127, 128, 129], "summary": {"covered_lines": 8, "num_statements": 8, "percent_covered": 100.0, "percent_covered_display": "100.00", "missing_lines": 0, "excluded_lines": 0, "percent_statements_covered": 100.0, "percent_statements_covered_display": "100.00", "num_branches": 4, "num_partial_branches": 0, "covered_branches": 4, "missing_branches": 0, "percent_branches_covered": 100.0, "percent_branches_covered_display": "100.00"}, "missing_lines": [], "excluded_lines": [], "start_line": 119, "executed_branches": [[122, 123], [122, 125], [127, 128], [127, 129]], "missing_branches": []}, "TradingSessions.is_trading_day": {"executed_lines": [134, 135, 136, 138, 139], "summary": {"covered_lines": 5, "num_statements": 5, "percent_covered": 100.0, "percent_covered_display": "100.00", "missing_lines": 0, "excluded_lines": 0, "percent_statements_covered": 100.0, "percent_statements_covered_display": "100.00", "num_branches": 2, "num_partial_branches": 0, "covered_branches": 2, "missing_branches": 0, "percent_branches_covered": 100.0, "percent_branches_covered_display": "100.00"}, "missing_lines": [], "excluded_lines": [], "start_line": 132, "executed_branches": [[135, 136], [135, 138]], "missing_branches": []}, "TradingSessions.next_open_time": {"executed_lines": [144, 145, 146, 147, 149, 150, 151, 153, 154, 155, 156, 158], "summary": {"covered_lines": 12, "num_statements": 12, "percent_covered": 100.0, "percent_covered_display": "100.00", "missing_lines": 0, "excluded_lines": 0, "percent_statements_covered": 100.0, "percent_statements_covered_display": "100.00", "num_branches": 4, "num_partial_branches": 0, "covered_branches": 4, "missing_branches": 0, "percent_branches_covered": 100.0, "percent_branches_covered_display": "100.00"}, "missing_lines": [], "excluded_lines": [], "start_line": 142, "executed_branches": [[145, 146], [145, 149], [154, 155], [154, 158]], "missing_branches": []}, "TradingSessions._next_open_time_for_date": {"executed_lines": [163, 164, 165, 166, 167, 168, 170, 171], "summary": {"covered_lines": 8, "num_statements": 8, "percent_covered": 100.0, "percent_covered_display": "100.00", "missing_lines": 0, "excluded_lines": 0, "percent_statements_covered": 100.0, "percent_statements_covered_display": "100.00", "num_branches": 4, "num_partial_branches": 0, "covered_branches": 4, "missing_branches": 0, "percent_branches_covered": 100.0, "percent_branches_covered_display": "100.00"}, "missing_lines": [], "excluded_lines": [], "start_line": 161, "executed_branches": [[164, 165], [164, 170], [166, 167], [166, 168]], "missing_branches": []}, "TradingSessions.is_mis_session_active": {"executed_lines": [176, 177, 178, 179, 181, 182, 183, 184, 186, 187], "summary": {"covered_lines": 10, "num_statements": 10, "percent_covered": 100.0, "percent_covered_display": "100.00", "missing_lines": 0, "excluded_lines": 0, "percent_statements_covered": 100.0, "percent_statements_covered_display": "100.00", "num_branches": 4, "num_partial_branches": 0, "covered_branches": 4, "missing_branches": 0, "percent_branches_covered": 100.0, "percent_branches_covered_display": "100.00"}, "missing_lines": [], "excluded_lines": [], "start_line": 174, "executed_branches": [[177, 178], [177, 181], [183, 184], [183, 186]], "missing_branches": []}, "TradingSessions.validate_product_type": {"executed_lines": [194, 196, 197, 198, 199, 200, 201, 203, 204, 205, 206, 210, 211, 215], "summary": {"covered_lines": 14, "num_statements": 16, "percent_covered": 81.81818181818181, "percent_covered_display": "81.82", "missing_lines": 2, "excluded_lines": 0, "percent_statements_covered": 87.5, "percent_statements_covered_display": "87.50", "num_branches": 6, "num_partial_branches": 2, "covered_branches": 4, "missing_branches": 2, "percent_branches_covered": 66.66666666666667, "percent_branches_covered_display": "66.67"}, "missing_lines": [212, 213], "excluded_lines": [], "start_line": 190, "executed_branches": [[203, 204], [204, 205], [204, 211], [211, 215]], "missing_branches": [[203, 215], [211, 212]]}, "TradingSessions.get_mis_square_off_time": {"executed_lines": [220, 221, 223, 224, 225, 227], "summary": {"covered_lines": 6, "num_statements": 6, "percent_covered": 100.0, "percent_covered_display": "100.00", "missing_lines": 0, "excluded_lines": 0, "percent_statements_covered": 100.0, "percent_statements_covered_display": "100.00", "num_branches": 4, "num_partial_branches": 0, "covered_branches": 4, "missing_branches": 0, "percent_branches_covered": 100.0, "percent_branches_covered_display": "100.00"}, "missing_lines": [], "excluded_lines": [], "start_line": 218, "executed_branches": [[220, 221], [220, 223], [224, 225], [224, 227]], "missing_branches": []}, "": {"executed_lines": [8, 9, 10, 11, 13, 14, 15, 20, 22, 25, 28, 31, 32, 33, 37, 42, 50, 53, 54, 58, 59, 67, 68, 78, 79, 89, 92, 94, 95, 103, 104, 118, 119, 131, 132, 141, 142, 160, 161, 173, 174, 189, 190, 217, 218], "summary": {"covered_lines": 45, "num_statements": 45, "percent_covered": 100.0, "percent_covered_display": "100.00", "missing_lines": 0, "excluded_lines": 0, "percent_statements_covered": 100.0, "percent_statements_covered_display": "100.00", "num_branches": 0, "num_partial_branches": 0, "covered_branches": 0, "missing_branches": 0, "percent_branches_covered": 100.0, "percent_branches_covered_display": "100.00"}, "missing_lines": [], "excluded_lines": [], "start_line": 1, "executed_branches": [], "missing_branches": []}}, "classes": {"ProductType": {"executed_lines": [], "summary": {"covered_lines": 0, "num_statements": 0, "percent_covered": 100.0, "percent_covered_display": "100.00", "missing_lines": 0, "excluded_lines": 0, "percent_statements_covered": 100.0, "percent_statements_covered_display": "100.00", "num_branches": 0, "num_partial_branches": 0, "covered_branches": 0, "missing_branches": 0, "percent_branches_covered": 100.0, "percent_branches_covered_display": "100.00"}, "missing_lines": [], "excluded_lines": [], "start_line": 28, "executed_branches": [], "missing_branches": []}, "Clock": {"executed_lines": [56, 61, 62, 63, 64, 65, 70, 71, 72, 74, 75, 76, 81, 82, 83, 85, 86], "summary": {"covered_lines": 17, "num_statements": 17, "percent_covered": 100.0, "percent_covered_display": "100.00", "missing_lines": 0, "excluded_lines": 0, "percent_statements_covered": 100.0, "percent_statements_covered_display": "100.00", "num_branches": 8, "num_partial_branches": 0, "covered_branches": 8, "missing_branches": 0, "percent_branches_covered": 100.0, "percent_branches_covered_display": "100.00"}, "missing_lines": [], "excluded_lines": [], "start_line": 50, "executed_branches": [[61, 62], [61, 63], [63, 64], [63, 65], [70, 71], [70, 74], [81, 82], [81, 85]], "missing_branches": []}, "TradingSessions": {"executed_lines": [96, 97, 98, 99, 100, 101, 106, 107, 108, 109, 110, 112, 113, 114, 115, 116, 121, 122, 123, 125, 126, 127, 128, 129, 134, 135, 136, 138, 139, 144, 145, 146, 147, 149, 150, 151, 153, 154, 155, 156, 158, 163, 164, 165, 166, 167, 168, 170, 171, 176, 177, 178, 179, 181, 182, 183, 184, 186, 187, 194, 196, 197, 198, 199, 200, 201, 203, 204, 205, 206, 210, 211, 215, 220, 221, 223, 224, 225, 227], "summary": {"covered_lines": 79, "num_statements": 81, "percent_covered": 96.52173913043478, "percent_covered_display": "96.52", "missing_lines": 2, "excluded_lines": 0, "percent_statements_covered": 97.53086419753086, "percent_statements_covered_display": "97.53", "num_branches": 34, "num_partial_branches": 2, "covered_branches": 32, "missing_branches": 2, "percent_branches_covered": 94.11764705882354, "percent_branches_covered_display": "94.12"}, "missing_lines": [212, 213], "excluded_lines": [], "start_line": 89, "executed_branches": [[96, 97], [96, 99], [99, -94], [99, 100], [113, 114], [113, 116], [122, 123], [122, 125], [127, 128], [127, 129], [135, 136], [135, 138], [145, 146], [145, 149], [154, 155], [154, 158], [164, 165], [164, 170], [166, 167], [166, 168], [177, 178], [177, 181], [183, 184], [183, 186], [203, 204], [204, 205], [204, 211], [211, 215], [220, 221], [220, 223], [224, 225], [224, 227]], "missing_branches": [[203, 215], [211, 212]]}, "": {"executed_lines": [8, 9, 10, 11, 13, 14, 15, 20, 22, 25, 28, 31, 32, 33, 37, 42, 50, 53, 54, 58, 59, 67, 68, 78, 79, 89, 92, 94, 95, 103, 104, 118, 119, 131, 132, 141, 142, 160, 161, 173, 174, 189, 190, 217, 218], "summary": {"covered_lines": 45, "num_statements": 45, "percent_covered": 100.0, "percent_covered_display": "100.00", "missing_lines": 0, "excluded_lines": 0, "percent_statements_covered": 100.0, "percent_statements_covered_display": "100.00", "num_branches": 0, "num_partial_branches": 0, "covered_branches": 0, "missing_branches": 0, "percent_branches_covered": 100.0, "percent_branches_covered_display": "100.00"}, "missing_lines": [], "excluded_lines": [], "start_line": 1, "executed_branches": [], "missing_branches": []}}}, "src\\iatb\\core\\config.py": {"executed_lines": [7, 8, 10, 12, 14, 17, 20, 28, 29, 30, 33, 34, 37, 38, 41, 44, 45, 48, 49, 50, 52, 54, 55, 56, 58, 60, 61, 62, 63, 65, 66, 67, 68, 70, 71, 72, 74, 75, 76, 78, 80, 81, 82, 83, 88, 89, 91, 92, 93, 94], "summary": {"covered_lines": 50, "num_statements": 56, "percent_covered": 90.9090909090909, "percent_covered_display": "90.91", "missing_lines": 6, "excluded_lines": 0, "percent_statements_covered": 89.28571428571429, "percent_statements_covered_display": "89.29", "num_branches": 10, "num_partial_branches": 0, "covered_branches": 10, "missing_branches": 0, "percent_branches_covered": 100.0, "percent_branches_covered_display": "100.00"}, "missing_lines": [84, 85, 86, 95, 96, 97], "excluded_lines": [], "executed_branches": [[61, 62], [61, 65], [66, 67], [66, 70], [70, 71], [70, 74], [74, -58], [74, 75], [92, 93], [92, 94]], "missing_branches": [], "functions": {"Config.__init__": {"executed_lines": [54, 55, 56], "summary": {"covered_lines": 3, "num_statements": 3, "percent_covered": 100.0, "percent_covered_display": "100.00", "missing_lines": 0, "excluded_lines": 0, "percent_statements_covered": 100.0, "percent_statements_covered_display": "100.00", "num_branches": 0, "num_partial_branches": 0, "covered_branches": 0, "missing_branches": 0, "percent_branches_covered": 100.0, "percent_branches_covered_display": "100.00"}, "missing_lines": [], "excluded_lines": [], "start_line": 52, "executed_branches": [], "missing_branches": []}, "Config._validate_config": {"executed_lines": [60, 61, 62, 63, 65, 66, 67, 68, 70, 71, 72, 74, 75, 76], "summary": {"covered_lines": 14, "num_statements": 14, "percent_covered": 100.0, "percent_covered_display": "100.00", "missing_lines": 0, "excluded_lines": 0, "percent_statements_covered": 100.0, "percent_statements_covered_display": "100.00", "num_branches": 8, "num_partial_branches": 0, "covered_branches": 8, "missing_branches": 0, "percent_branches_covered": 100.0, "percent_branches_covered_display": "100.00"}, "missing_lines": [], "excluded_lines": [], "start_line": 58, "executed_branches": [[61, 62], [61, 65], [66, 67], [66, 70], [70, 71], [70, 74], [74, -58], [74, 75]], "missing_branches": []}, "Config._ensure_directories": {"executed_lines": [80, 81, 82, 83], "summary": {"covered_lines": 4, "num_statements": 7, "percent_covered": 57.142857142857146, "percent_covered_display": "57.14", "missing_lines": 3, "excluded_lines": 0, "percent_statements_covered": 57.142857142857146, "percent_statements_covered_display": "57.14", "num_branches": 0, "num_partial_branches": 0, "covered_branches": 0, "missing_branches": 0, "percent_branches_covered": 100.0, "percent_branches_covered_display": "100.00"}, "missing_lines": [84, 85, 86], "excluded_lines": [], "start_line": 78, "executed_branches": [], "missing_branches": []}, "Config.load": {"executed_lines": [91, 92, 93, 94], "summary": {"covered_lines": 4, "num_statements": 7, "percent_covered": 66.66666666666667, "percent_covered_display": "66.67", "missing_lines": 3, "excluded_lines": 0, "percent_statements_covered": 57.142857142857146, "percent_statements_covered_display": "57.14", "num_branches": 2, "num_partial_branches": 0, "covered_branches": 2, "missing_branches": 0, "percent_branches_covered": 100.0, "percent_branches_covered_display": "100.00"}, "missing_lines": [95, 96, 97], "excluded_lines": [], "start_line": 89, "executed_branches": [[92, 93], [92, 94]], "missing_branches": []}, "": {"executed_lines": [7, 8, 10, 12, 14, 17, 20, 28, 29, 30, 33, 34, 37, 38, 41, 44, 45, 48, 49, 50, 52, 58, 78, 88, 89], "summary": {"covered_lines": 25, "num_statements": 25, "percent_covered": 100.0, "percent_covered_display": "100.00", "missing_lines": 0, "excluded_lines": 0, "percent_statements_covered": 100.0, "percent_statements_covered_display": "100.00", "num_branches": 0, "num_partial_branches": 0, "covered_branches": 0, "missing_branches": 0, "percent_branches_covered": 100.0, "percent_branches_covered_display": "100.00"}, "missing_lines": [], "excluded_lines": [], "start_line": 1, "executed_branches": [], "missing_branches": []}}, "classes": {"Config": {"executed_lines": [54, 55, 56, 60, 61, 62, 63, 65, 66, 67, 68, 70, 71, 72, 74, 75, 76, 80, 81, 82, 83, 91, 92, 93, 94], "summary": {"covered_lines": 25, "num_statements": 31, "percent_covered": 85.36585365853658, "percent_covered_display": "85.37", "missing_lines": 6, "excluded_lines": 0, "percent_statements_covered": 80.64516129032258, "percent_statements_covered_display": "80.65", "num_branches": 10, "num_partial_branches": 0, "covered_branches": 10, "missing_branches": 0, "percent_branches_covered": 100.0, "percent_branches_covered_display": "100.00"}, "missing_lines": [84, 85, 86, 95, 96, 97], "excluded_lines": [], "start_line": 17, "executed_branches": [[61, 62], [61, 65], [66, 67], [66, 70], [70, 71], [70, 74], [74, -58], [74, 75], [92, 93], [92, 94]], "missing_branches": []}, "": {"executed_lines": [7, 8, 10, 12, 14, 17, 20, 28, 29, 30, 33, 34, 37, 38, 41, 44, 45, 48, 49, 50, 52, 58, 78, 88, 89], "summary": {"covered_lines": 25, "num_statements": 25, "percent_covered": 100.0, "percent_covered_display": "100.00", "missing_lines": 0, "excluded_lines": 0, "percent_statements_covered": 100.0, "percent_statements_covered_display": "100.00", "num_branches": 0, "num_partial_branches": 0, "covered_branches": 0, "missing_branches": 0, "percent_branches_covered": 100.0, "percent_branches_covered_display": "100.00"}, "missing_lines": [], "excluded_lines": [], "start_line": 1, "executed_branches": [], "missing_branches": []}}}, "src\\iatb\\core\\engine.py": {"executed_lines": [7, 8, 9, 10, 12, 13, 14, 15, 16, 17, 18, 22, 23, 27, 29, 32, 35, 41, 42, 43, 44, 45, 46, 48, 50, 51, 52, 53, 55, 56, 57, 58, 60, 62, 63, 64, 65, 67, 68, 71, 72, 73, 76, 77, 79, 80, 81, 83, 85, 86, 87, 88, 90, 91, 92, 94, 95, 97, 99, 108, 121, 141, 150, 159, 160, 163, 164, 168, 169, 171], "summary": {"covered_lines": 70, "num_statements": 88, "percent_covered": 78.84615384615384, "percent_covered_display": "78.85", "missing_lines": 18, "excluded_lines": 0, "percent_statements_covered": 79.54545454545455, "percent_statements_covered_display": "79.55", "num_branches": 16, "num_partial_branches": 0, "covered_branches": 12, "missing_branches": 4, "percent_branches_covered": 75.0, "percent_branches_covered_display": "75.00"}, "missing_lines": [106, 117, 118, 119, 130, 131, 143, 144, 145, 146, 148, 152, 153, 154, 155, 157, 161, 166], "excluded_lines": [], "executed_branches": [[51, 52], [51, 55], [63, 64], [63, 67], [71, 72], [71, 76], [72, 71], [72, 73], [76, 77], [76, 79], [85, 86], [85, 90]], "missing_branches": [[143, 144], [143, 146], [152, 153], [152, 155]], "functions": {"Engine.__init__": {"executed_lines": [41, 42, 43, 44, 45, 46], "summary": {"covered_lines": 6, "num_statements": 6, "percent_covered": 100.0, "percent_covered_display": "100.00", "missing_lines": 0, "excluded_lines": 0, "percent_statements_covered": 100.0, "percent_statements_covered_display": "100.00", "num_branches": 0, "num_partial_branches": 0, "covered_branches": 0, "missing_branches": 0, "percent_branches_covered": 100.0, "percent_branches_covered_display": "100.00"}, "missing_lines": [], "excluded_lines": [], "start_line": 35, "executed_branches": [], "missing_branches": []}, "Engine.start": {"executed_lines": [50, 51, 52, 53, 55, 56, 57, 58], "summary": {"covered_lines": 8, "num_statements": 8, "percent_covered": 100.0, "percent_covered_display": "100.00", "missing_lines": 0, "excluded_lines": 0, "percent_statements_covered": 100.0, "percent_statements_covered_display": "100.00", "num_branches": 2, "num_partial_branches": 0, "covered_branches": 2, "missing_branches": 0, "percent_branches_covered": 100.0, "percent_branches_covered_display": "100.00"}, "missing_lines": [], "excluded_lines": [], "start_line": 48, "executed_branches": [[51, 52], [51, 55]], "missing_branches": []}, "Engine.stop": {"executed_lines": [62, 63, 64, 65, 67, 68, 71, 72, 73, 76, 77, 79, 80, 81], "summary": {"covered_lines": 14, "num_statements": 14, "percent_covered": 100.0, "percent_covered_display": "100.00", "missing_lines": 0, "excluded_lines": 0, "percent_statements_covered": 100.0, "percent_statements_covered_display": "100.00", "num_branches": 8, "num_partial_branches": 0, "covered_branches": 8, "missing_branches": 0, "percent_branches_covered": 100.0, "percent_branches_covered_display": "100.00"}, "missing_lines": [], "excluded_lines": [], "start_line": 60, "executed_branches": [[63, 64], [63, 67], [71, 72], [71, 76], [72, 71], [72, 73], [76, 77], [76, 79]], "missing_branches": []}, "Engine.run_task": {"executed_lines": [85, 86, 87, 88, 90, 91, 92], "summary": {"covered_lines": 7, "num_statements": 7, "percent_covered": 100.0, "percent_covered_display": "100.00", "missing_lines": 0, "excluded_lines": 0, "percent_statements_covered": 100.0, "percent_statements_covered_display": "100.00", "num_branches": 2, "num_partial_branches": 0, "covered_branches": 2, "missing_branches": 0, "percent_branches_covered": 100.0, "percent_branches_covered_display": "100.00"}, "missing_lines": [], "excluded_lines": [], "start_line": 83, "executed_branches": [[85, 86], [85, 90]], "missing_branches": []}, "Engine.event_bus": {"executed_lines": [97], "summary": {"covered_lines"
[...]
nches_covered": 100.0, "percent_branches_covered_display": "100.00"}, "missing_lines": [], "excluded_lines": [], "start_line": 98, "executed_branches": [[100, 101], [100, 104]], "missing_branches": []}, "_rolling_mean_abs_dev": {"executed_lines": [108, 109, 110, 111, 112, 113, 116], "summary": {"covered_lines": 7, "num_statements": 7, "percent_covered": 100.0, "percent_covered_display": "100.00", "missing_lines": 0, "excluded_lines": 0, "percent_statements_covered": 100.0, "percent_statements_covered_display": "100.00", "num_branches": 2, "num_partial_branches": 0, "covered_branches": 2, "missing_branches": 0, "percent_branches_covered": 100.0, "percent_branches_covered_display": "100.00"}, "missing_lines": [], "excluded_lines": [], "start_line": 107, "executed_branches": [[109, 110], [109, 116]], "missing_branches": []}, "": {"executed_lines": [5, 6, 7, 9, 12, 34, 48, 56, 69, 73, 77, 85, 89, 98, 107], "summary": {"covered_lines": 15, "num_statements": 15, "percent_covered": 100.0, "percent_covered_display": "100.00", "missing_lines": 0, "excluded_lines": 0, "percent_statements_covered": 100.0, "percent_statements_covered_display": "100.00", "num_branches": 0, "num_partial_branches": 0, "covered_branches": 0, "missing_branches": 0, "percent_branches_covered": 100.0, "percent_branches_covered_display": "100.00"}, "missing_lines": [], "excluded_lines": [], "start_line": 1, "executed_branches": [], "missing_branches": []}}, "classes": {"": {"executed_lines": [5, 6, 7, 9, 12, 17, 18, 19, 20, 21, 22, 23, 24, 25, 26, 27, 28, 29, 30, 31, 34, 35, 36, 37, 38, 41, 42, 43, 44, 45, 48, 49, 50, 56, 57, 69, 70, 73, 74, 77, 78, 79, 85, 86, 89, 90, 91, 92, 93, 94, 95, 98, 99, 100, 101, 102, 103, 104, 107, 108, 109, 110, 111, 112, 113, 116], "summary": {"covered_lines": 66, "num_statements": 74, "percent_covered": 89.77272727272727, "percent_covered_display": "89.77", "missing_lines": 8, "excluded_lines": 0, "percent_statements_covered": 89.1891891891892, "percent_statements_covered_display": "89.19", "num_branches": 14, "num_partial_branches": 1, "covered_branches": 13, "missing_branches": 1, "percent_branches_covered": 92.85714285714286, "percent_branches_covered_display": "92.86"}, "missing_lines": [39, 40, 51, 52, 53, 80, 81, 82], "excluded_lines": [], "start_line": 1, "executed_branches": [[35, 36], [35, 38], [38, 41], [42, -34], [42, 43], [43, 42], [43, 44], [92, 93], [92, 95], [100, 101], [100, 104], [109, 110], [109, 116]], "missing_branches": [[38, 39]]}}}, "src\\iatb\\visualization\\dashboard.py": {"executed_lines": [5, 6, 7, 8, 10, 11, 12, 20, 21, 22, 25, 28, 29, 30, 31, 32, 35, 38, 39, 40, 41, 42, 43, 44, 45, 46, 47, 48, 49, 50, 51, 52, 53, 56, 60, 61, 67, 75, 83, 84, 86, 87, 88, 89, 90, 92, 93, 94, 95, 96, 97, 98, 99, 100, 101, 102, 103, 104, 105, 114, 115, 116, 118, 121, 137, 138, 140, 141, 143, 144, 146, 147, 149, 150, 151, 152, 154, 155, 156, 157, 158, 159, 160, 161, 163, 165, 168, 174, 177, 179, 190, 198, 201, 203, 205, 206, 213, 221, 232, 240, 243, 253, 254, 256, 263, 264, 265, 266, 268, 269, 271, 272, 273, 274, 275, 277, 278, 279, 281, 282, 283, 284, 285, 286, 287, 288, 289, 290, 291, 292, 293, 294, 299, 301, 302, 304, 305, 307, 308, 310, 311, 313, 314, 316, 317, 319, 322, 333, 335, 336, 338, 340, 353, 355, 358, 359, 360, 366, 367, 368], "summary": {"covered_lines": 160, "num_statements": 167, "percent_covered": 88.20960698689956, "percent_covered_display": "88.21", "missing_lines": 7, "excluded_lines": 0, "percent_statements_covered": 95.80838323353294, "percent_statements_covered_display": "95.81", "num_branches": 62, "num_partial_branches": 20, "covered_branches": 42, "missing_branches": 20, "percent_branches_covered": 67.74193548387096, "percent_branches_covered_display": "67.74"}, "missing_lines": [175, 361, 362, 363, 369, 370, 371], "excluded_lines": [], "executed_branches": [[29, 30], [29, 32], [41, 42], [41, 44], [47, 48], [47, 53], [50, 51], [60, 61], [60, 67], [86, 87], [86, 92], [88, 89], [93, 94], [95, 96], [95, 115], [143, 144], [143, 146], [149, 150], [149, 165], [150, 151], [154, 155], [154, 158], [156, 157], [158, 159], [160, 161], [174, 177], [268, 269], [271, 272], [271, 277], [273, 274], [281, 282], [283, 284], [285, 286], [289, 290], [291, 292], [293, 294], [301, 302], [304, 305], [310, 311], [313, 314], [335, 336], [335, 355]], "missing_branches": [[50, 52], [88, 90], [93, 118], [150, 154], [156, 163], [158, 163], [160, 163], [174, 175], [268, 271], [273, 275], [281, 301], [283, 301], [285, 301], [289, 291], [291, 293], [293, 301], [301, 304], [304, 307], [310, 313], [313, 316]], "functions": {"build_dashboard_payload": {"executed_lines": [28, 29, 30, 31, 32], "summary": {"covered_lines": 5, "num_statements": 5, "percent_covered": 100.0, "percent_covered_display": "100.00", "missing_lines": 0, "excluded_lines": 0, "percent_statements_covered": 100.0, "percent_statements_covered_display": "100.00", "num_branches": 2, "num_partial_branches": 0, "covered_branches": 2, "missing_branches": 0, "percent_branches_covered": 100.0, "percent_branches_covered_display": "100.00"}, "missing_lines": [], "excluded_lines": [], "start_line": 25, "executed_branches": [[29, 30], [29, 32]], "missing_branches": []}, "render_dashboard": {"executed_lines": [38, 39, 40, 41, 42, 43, 44, 45, 46, 47, 48, 49, 50, 51, 52, 53], "summary": {"covered_lines": 16, "num_statements": 16, "percent_covered": 95.45454545454545, "percent_covered_display": "95.45", "missing_lines": 0, "excluded_lines": 0, "percent_statements_covered": 100.0, "percent_statements_covered_display": "100.00", "num_branches": 6, "num_partial_branches": 1, "covered_branches": 5, "missing_branches": 1, "percent_branches_covered": 83.33333333333333, "percent_branches_covered_display": "83.33"}, "missing_lines": [], "excluded_lines": [], "start_line": 35, "executed_branches": [[41, 42], [41, 44], [47, 48], [47, 53], [50, 51]], "missing_branches": [[50, 52]]}, "build_scanner_payload": {"executed_lines": [60, 61, 67], "summary": {"covered_lines": 3, "num_statements": 3, "percent_covered": 100.0, "percent_covered_display": "100.00", "missing_lines": 0, "excluded_lines": 0, "percent_statements_covered": 100.0, "percent_statements_covered_display": "100.00", "num_branches": 2, "num_partial_branches": 0, "covered_branches": 2, "missing_branches": 0, "percent_branches_covered": 100.0, "percent_branches_covered_display": "100.00"}, "missing_lines": [], "excluded_lines": [], "start_line": 56, "executed_branches": [[60, 61], [60, 67]], "missing_branches": []}, "render_health_matrix_table": {"executed_lines": [83, 84, 86, 87, 88, 89, 90, 92, 93, 94, 95, 96, 97, 98, 99, 100, 101, 102, 103, 104, 105, 114, 115, 116, 118], "summary": {"covered_lines": 25, "num_statements": 25, "percent_covered": 93.93939393939394, "percent_covered_display": "93.94", "missing_lines": 0, "excluded_lines": 0, "percent_statements_covered": 100.0, "percent_statements_covered_display": "100.00", "num_branches": 8, "num_partial_branches": 2, "covered_branches": 6, "missing_branches": 2, "percent_branches_covered": 75.0, "percent_branches_covered_display": "75.00"}, "missing_lines": [], "excluded_lines": [], "start_line": 75, "executed_branches": [[86, 87], [86, 92], [88, 89], [93, 94], [95, 96], [95, 115]], "missing_branches": [[88, 90], [93, 118]]}, "render_approved_charts": {"executed_lines": [137, 138, 140, 141, 143, 144, 146, 147, 149, 150, 151, 152, 154, 155, 156, 157, 158, 159, 160, 161, 163, 165], "summary": {"covered_lines": 22, "num_statements": 22, "percent_covered": 88.88888888888889, "percent_covered_display": "88.89", "missing_lines": 0, "excluded_lines": 0, "percent_statements_covered": 100.0, "percent_statements_covered_display": "100.00", "num_branches": 14, "num_partial_branches": 4, "covered_branches": 10, "missing_branches": 4, "percent_branches_covered": 71.42857142857143, "percent_branches_covered_display": "71.43"}, "missing_lines": [], "excluded_lines": [], "start_line": 121, "executed_branches": [[143, 144], [143, 146], [149, 150], [149, 165], [150, 151], [154, 155], [154, 158], [156, 157], [158, 159], [160, 161]], "missing_branches": [[150, 154], [156, 163], [158, 163], [160, 163]]}, "_build_approval_chart": {"executed_lines": [174, 177, 179, 190, 198], "summary": {"covered_lines": 5, "num_statements": 6, "percent_covered": 75.0, "percent_covered_display": "75.00", "missing_lines": 1, "excluded_lines": 0, "percent_statements_covered": 83.33333333333333, "percent_statements_covered_display": "83.33", "num_branches": 2, "num_partial_branches": 1, "covered_branches": 1, "missing_branches": 1, "percent_branches_covered": 50.0, "percent_branches_covered_display": "50.00"}, "missing_lines": [175], "excluded_lines": [], "start_line": 168, "executed_branches": [[174, 177]], "missing_branches": [[174, 175]]}, "_build_summary_chart": {"executed_lines": [203, 205, 206, 213, 221, 232, 240], "summary": {"covered_lines": 7, "num_statements": 7, "percent_covered": 100.0, "percent_covered_display": "100.00", "missing_lines": 0, "excluded_lines": 0, "percent_statements_covered": 100.0, "percent_statements_covered_display": "100.00", "num_branches": 0, "num_partial_branches": 0, "covered_branches": 0, "missing_branches": 0, "percent_branches_covered": 100.0, "percent_branches_covered_display": "100.00"}, "missing_lines": [], "excluded_lines": [], "start_line": 201, "executed_branches": [], "missing_branches": []}, "render_instrument_scanner_tab": {"executed_lines": [253, 254, 256, 263, 264, 265, 266, 268, 269, 271, 272, 273, 274, 275, 277, 278, 279, 281, 282, 283, 284, 285, 286, 287, 288, 289, 290, 291, 292, 293, 294, 299, 301, 302, 304, 305, 307, 308, 310, 311, 313, 314, 316, 317, 319], "summary": {"covered_lines": 45, "num_statements": 45, "percent_covered": 83.09859154929578, "percent_covered_display": "83.10", "missing_lines": 0, "excluded_lines": 0, "percent_statements_covered": 100.0, "percent_statements_covered_display": "100.00", "num_branches": 26, "num_partial_branches": 12, "covered_branches": 14, "missing_branches": 12, "percent_branches_covered": 53.84615384615385, "percent_branches_covered_display": "53.85"}, "missing_lines": [], "excluded_lines": [], "start_line": 243, "executed_branches": [[268, 269], [271, 272], [271, 277], [273, 274], [281, 282], [283, 284], [285, 286], [289, 290], [291, 292], [293, 294], [301, 302], [304, 305], [310, 311], [313, 314]], "missing_branches": [[268, 271], [273, 275], [281, 301], [283, 301], [285, 301], [289, 291], [291, 293], [293, 301], [301, 304], [304, 307], [310, 313], [313, 316]]}, "convert_candidates_to_health_matrix": {"executed_lines": [333, 335, 336, 338, 340, 353, 355], "summary": {"covered_lines": 7, "num_statements": 7, "percent_covered": 100.0, "percent_covered_display": "100.00", "missing_lines": 0, "excluded_lines": 0, "percent_statements_covered": 100.0, "percent_statements_covered_display": "100.00", "num_branches": 2, "num_partial_branches": 0, "covered_branches": 2, "missing_branches": 0, "percent_branches_covered": 100.0, "percent_branches_covered_display": "100.00"}, "missing_lines": [], "excluded_lines": [], "start_line": 322, "executed_branches": [[335, 336], [335, 355]], "missing_branches": []}, "_load_streamlit": {"executed_lines": [359, 360], "summary": {"covered_lines": 2, "num_statements": 5, "percent_covered": 40.0, "percent_covered_display": "40.00", "missing_lines": 3, "excluded_lines": 0, "percent_statements_covered": 40.0, "percent_statements_covered_display": "40.00", "num_branches": 0, "num_partial_branches": 0, "covered_branches": 0, "missing_branches": 0, "percent_branches_covered": 100.0, "percent_branches_covered_display": "100.00"}, "missing_lines": [361, 362, 363], "excluded_lines": [], "start_line": 358, "executed_branches": [], "missing_branches": []}, "_load_plotly_go": {"executed_lines": [367, 368], "summary": {"covered_lines": 2, "num_statements": 5, "percent_covered": 40.0, "percent_covered_display": "40.00", "missing_lines": 3, "excluded_lines": 0, "percent_statements_covered": 40.0, "percent_statements_covered_display": "40.00", "num_branches": 0, "num_partial_branches": 0, "covered_branches": 0, "missing_branches": 0, "percent_branches_covered": 100.0, "percent_branches_covered_display": "100.00"}, "missing_lines": [369, 370, 371], "excluded_lines": [], "start_line": 366, "executed_branches": [], "missing_branches": []}, "": {"executed_lines": [5, 6, 7, 8, 10, 11, 12, 20, 21, 22, 25, 35, 56, 75, 121, 168, 201, 243, 322, 358, 366], "summary": {"covered_lines": 21, "num_statements": 21, "percent_covered": 100.0, "percent_covered_display": "100.00", "missing_lines": 0, "excluded_lines": 0, "percent_statements_covered": 100.0, "percent_statements_covered_display": "100.00", "num_branches": 0, "num_partial_branches": 0, "covered_branches": 0, "missing_branches": 0, "percent_branches_covered": 100.0, "percent_branches_covered_display": "100.00"}, "missing_lines": [], "excluded_lines": [], "start_line": 1, "executed_branches": [], "missing_branches": []}}, "classes": {"": {"executed_lines": [5, 6, 7, 8, 10, 11, 12, 20, 21, 22, 25, 28, 29, 30, 31, 32, 35, 38, 39, 40, 41, 42, 43, 44, 45, 46, 47, 48, 49, 50, 51, 52, 53, 56, 60, 61, 67, 75, 83, 84, 86, 87, 88, 89, 90, 92, 93, 94, 95, 96, 97, 98, 99, 100, 101, 102, 103, 104, 105, 114, 115, 116, 118, 121, 137, 138, 140, 141, 143, 144, 146, 147, 149, 150, 151, 152, 154, 155, 156, 157, 158, 159, 160, 161, 163, 165, 168, 174, 177, 179, 190, 198, 201, 203, 205, 206, 213, 221, 232, 240, 243, 253, 254, 256, 263, 264, 265, 266, 268, 269, 271, 272, 273, 274, 275, 277, 278, 279, 281, 282, 283, 284, 285, 286, 287, 288, 289, 290, 291, 292, 293, 294, 299, 301, 302, 304, 305, 307, 308, 310, 311, 313, 314, 316, 317, 319, 322, 333, 335, 336, 338, 340, 353, 355, 358, 359, 360, 366, 367, 368], "summary": {"covered_lines": 160, "num_statements": 167, "percent_covered": 88.20960698689956, "percent_covered_display": "88.21", "missing_lines": 7, "excluded_lines": 0, "percent_statements_covered": 95.80838323353294, "percent_statements_covered_display": "95.81", "num_branches": 62, "num_partial_branches": 20, "covered_branches": 42, "missing_branches": 20, "percent_branches_covered": 67.74193548387096, "percent_branches_covered_display": "67.74"}, "missing_lines": [175, 361, 362, 363, 369, 370, 371], "excluded_lines": [], "start_line": 1, "executed_branches": [[29, 30], [29, 32], [41, 42], [41, 44], [47, 48], [47, 53], [50, 51], [60, 61], [60, 67], [86, 87], [86, 92], [88, 89], [93, 94], [95, 96], [95, 115], [143, 144], [143, 146], [149, 150], [149, 165], [150, 151], [154, 155], [154, 158], [156, 157], [158, 159], [160, 161], [174, 177], [268, 269], [271, 272], [271, 277], [273, 274], [281, 282], [283, 284], [285, 286], [289, 290], [291, 292], [293, 294], [301, 302], [304, 305], [310, 311], [313, 314], [335, 336], [335, 355]], "missing_branches": [[50, 52], [88, 90], [93, 118], [150, 154], [156, 163], [158, 163], [160, 163], [174, 175], [268, 271], [273, 275], [281, 301], [283, 301], [285, 301], [289, 291], [291, 293], [293, 301], [301, 304], [304, 307], [310, 313], [313, 316]]}}}, "src\\iatb\\visualization\\portfolio_view.py": {"executed_lines": [5, 6, 8, 11, 12, 13, 14, 15, 16, 18, 19, 20, 23, 27, 28, 29, 30, 31, 32, 40, 41, 42, 43, 44, 45, 46], "summary": {"covered_lines": 26, "num_statements": 26, "percent_covered": 100.0, "percent_covered_display": "100.00", "missing_lines": 0, "excluded_lines": 0, "percent_statements_covered": 100.0, "percent_statements_covered_display": "100.00", "num_branches": 4, "num_partial_branches": 0, "covered_branches": 4, "missing_branches": 0, "percent_branches_covered": 100.0, "percent_branches_covered_display": "100.00"}, "missing_lines": [], "excluded_lines": [], "executed_branches": [[27, 28], [27, 30], [43, 44], [43, 46]], "missing_branches": [], "functions": {"PositionSnapshot.unrealized_pnl": {"executed_lines": [20], "summary": {"covered_lines": 1, "num_statements": 1, "percent_covered": 100.0, "percent_covered_display": "100.00", "missing_lines": 0, "excluded_lines": 0, "percent_statements_covered": 100.0, "percent_statements_covered_display": "100.00", "num_branches": 0, "num_partial_branches": 0, "covered_branches": 0, "missing_branches": 0, "percent_branches_covered": 100.0, "percent_branches_covered_display": "100.00"}, "missing_lines": [], "excluded_lines": [], "start_line": 19, "executed_branches": [], "missing_branches": []}, "build_portfolio_snapshot": {"executed_lines": [27, 28, 29, 30, 31, 32], "summary": {"covered_lines": 6, "num_statements": 6, "percent_covered": 100.0, "percent_covered_display": "100.00", "missing_lines": 0, "excluded_lines": 0, "percent_statements_covered": 100.0, "percent_statements_covered_display": "100.00", "num_branches": 2, "num_partial_branches": 0, "covered_branches": 2, "missing_branches": 0, "percent_branches_covered": 100.0, "percent_branches_covered_display": "100.00"}, "missing_lines": [], "excluded_lines": [], "start_line": 23, "executed_branches": [[27, 28], [27, 30]], "missing_branches": []}, "_drawdown_series": {"executed_lines": [41, 42, 43, 44, 45, 46], "summary": {"covered_lines": 6, "num_statements": 6, "percent_covered": 100.0, "percent_covered_display": "100.00", "missing_lines": 0, "excluded_lines": 0, "percent_statements_covered": 100.0, "percent_statements_covered_display": "100.00", "num_branches": 2, "num_partial_branches": 0, "covered_branches": 2, "missing_branches": 0, "percent_branches_covered": 100.0, "percent_branches_covered_display": "100.00"}, "missing_lines": [], "excluded_lines": [], "start_line": 40, "executed_branches": [[43, 44], [43, 46]], "missing_branches": []}, "": {"executed_lines": [5, 6, 8, 11, 12, 13, 14, 15, 16, 18, 19, 23, 40], "summary": {"covered_lines": 13, "num_statements": 13, "percent_covered": 100.0, "percent_covered_display": "100.00", "missing_lines": 0, "excluded_lines": 0, "percent_statements_covered": 100.0, "percent_statements_covered_display": "100.00", "num_branches": 0, "num_partial_branches": 0, "covered_branches": 0, "missing_branches": 0, "percent_branches_covered": 100.0, "percent_branches_covered_display": "100.00"}, "missing_lines": [], "excluded_lines": [], "start_line": 1, "executed_branches": [], "missing_branches": []}}, "classes": {"PositionSnapshot": {"executed_lines": [20], "summary": {"covered_lines": 1, "num_statements": 1, "percent_covered": 100.0, "percent_covered_display": "100.00", "missing_lines": 0, "excluded_lines": 0, "percent_statements_covered": 100.0, "percent_statements_covered_display": "100.00", "num_branches": 0, "num_partial_branches": 0, "covered_branches": 0, "missing_branches": 0, "percent_branches_covered": 100.0, "percent_branches_covered_display": "100.00"}, "missing_lines": [], "excluded_lines": [], "start_line": 12, "executed_branches": [], "missing_branches": []}, "": {"executed_lines": [5, 6, 8, 11, 12, 13, 14, 15, 16, 18, 19, 23, 27, 28, 29, 30, 31, 32, 40, 41, 42, 43, 44, 45, 46], "summary": {"covered_lines": 25, "num_statements": 25, "percent_covered": 100.0, "percent_covered_display": "100.00", "missing_lines": 0, "excluded_lines": 0, "percent_statements_covered": 100.0, "percent_statements_covered_display": "100.00", "num_branches": 4, "num_partial_branches": 0, "covered_branches": 4, "missing_branches": 0, "percent_branches_covered": 100.0, "percent_branches_covered_display": "100.00"}, "missing_lines": [], "excluded_lines": [], "start_line": 1, "executed_branches": [[27, 28], [27, 30], [43, 44], [43, 46]], "missing_branches": []}}}}, "totals": {"covered_lines": 6739, "num_statements": 7371, "percent_covered": 89.55062263129399, "percent_covered_display": "89.55", "missing_lines": 632, "excluded_lines": 73, "percent_statements_covered": 91.42585809252476, "percent_statements_covered_display": "91.43", "num_branches": 1864, "num_partial_branches": 261, "covered_branches": 1531, "missing_branches": 333, "percent_branches_covered": 82.13519313304721, "percent_branches_covered_display": "82.14"}}