============================= test session starts =============================
platform win32 -- Python 3.12.7, pytest-8.4.2, pluggy-1.6.0 -- C:\Users\npmvl-KP\AppData\Local\pypoetry\Cache\virtualenvs\iatb-enkvpHiN-py3.12\Scripts\python.exe
cachedir: .pytest_cache
hypothesis profile 'default'
rootdir: G:\IATB-02Apr26\IATB
configfile: pyproject.toml
testpaths: tests
plugins: anyio-4.13.0, hypothesis-6.151.11, asyncio-0.23.8, cov-4.1.0, xdist-3.8.0
asyncio: mode=Mode.AUTO
collecting ... collected 4668 items

tests/backtesting/test_event_driven.py::test_event_driven_backtester_builds_equity_curve PASSED [  0%]
tests/backtesting/test_event_driven.py::test_event_driven_backtester_rejects_non_positive_equity PASSED [  0%]
tests/backtesting/test_event_driven.py::test_event_driven_default_runner_requires_openengine PASSED [  0%]
tests/backtesting/test_event_driven.py::test_event_driven_default_runner_requires_callable PASSED [  0%]
tests/backtesting/test_forward_test.py::test_forward_tester_runs_paper_trade_window PASSED [  0%]
tests/backtesting/test_forward_test.py::test_forward_tester_rejects_invalid_config PASSED [  0%]
tests/backtesting/test_indian_costs.py::test_calculate_indian_costs_equity_delivery PASSED [  0%]
tests/backtesting/test_indian_costs.py::test_calculate_indian_costs_mcx_uses_mcx_exchange_rate PASSED [  0%]
tests/backtesting/test_indian_costs.py::test_calculate_indian_costs_rejects_invalid_inputs PASSED [  0%]
tests/backtesting/test_monte_carlo.py::test_monte_carlo_analyzer_runs_with_seeded_permutations PASSED [  0%]
tests/backtesting/test_monte_carlo.py::test_monte_carlo_analyzer_rejects_invalid_inputs PASSED [  0%]
tests/backtesting/test_monte_carlo.py::test_monte_carlo_zero_dispersion_returns_zero_sharpe PASSED [  0%]
tests/backtesting/test_report.py::test_quantstats_reporter_uses_custom_renderer PASSED [  0%]
tests/backtesting/test_report.py::test_quantstats_reporter_rejects_invalid_inputs PASSED [  0%]
tests/backtesting/test_report.py::test_quantstats_reporter_requires_dependency PASSED [  0%]
tests/backtesting/test_report.py::test_quantstats_reporter_requires_html_callable PASSED [  0%]
tests/backtesting/test_report.py::test_quantstats_reporter_calls_html_function PASSED [  0%]
tests/backtesting/test_session_masks.py::test_is_in_session_detects_nse_open_window PASSED [  0%]
tests/backtesting/test_session_masks.py::test_filter_timestamps_in_session_keeps_only_active_timestamps PASSED [  0%]
tests/backtesting/test_session_masks.py::test_session_masks_reject_unsupported_exchange PASSED [  0%]
tests/backtesting/test_vectorbt_engine.py::TestVectorBTConfig::test_default_config PASSED [  0%]
tests/backtesting/test_vectorbt_engine.py::TestVectorBTConfig::test_zero_initial_capital PASSED [  0%]
tests/backtesting/test_vectorbt_engine.py::TestVectorBTConfig::test_negative_slippage PASSED [  0%]
tests/backtesting/test_vectorbt_engine.py::TestVectorBTConfig::test_negative_commission PASSED [  0%]
tests/backtesting/test_vectorbt_engine.py::TestVectorBTConfig::test_composite_score_out_of_range PASSED [  0%]
tests/backtesting/test_vectorbt_engine.py::TestVectorBTConfig::test_train_pct_boundary PASSED [  0%]
tests/backtesting/test_vectorbt_engine.py::TestVectorBTConfig::test_train_pct_upper PASSED [  0%]
tests/backtesting/test_vectorbt_engine.py::TestVectorBTConfig::test_test_pct_boundary PASSED [  0%]
tests/backtesting/test_vectorbt_engine.py::TestVectorBTConfig::test_num_simulations_zero PASSED [  0%]
tests/backtesting/test_vectorbt_engine.py::TestVectorBTConfig::test_valid_custom_config PASSED [  0%]
tests/backtesting/test_vectorbt_engine.py::TestVectorBTEngine::test_engine_init PASSED [  0%]
tests/backtesting/test_vectorbt_engine.py::TestVectorBTEngine::test_run_backtest_too_few_prices PASSED [  0%]
tests/backtesting/test_vectorbt_engine.py::TestVectorBTEngine::test_run_backtest_length_mismatch PASSED [  0%]
tests/backtesting/test_vectorbt_engine.py::TestVectorBTEngine::test_run_backtest_scores_length_mismatch PASSED [  0%]
tests/backtesting/test_vectorbt_engine.py::TestVectorBTEngine::test_run_backtest_probs_length_mismatch PASSED [  0%]
tests/backtesting/test_vectorbt_engine.py::TestVectorBTEngine::test_run_backtest_no_valid_sessions PASSED [  0%]
tests/backtesting/test_vectorbt_engine.py::TestVectorBTEngine::test_run_backtest_empty_trades PASSED [  0%]
tests/backtesting/test_vectorbt_engine.py::TestVectorBTEngine::test_run_backtest_with_signals PASSED [  0%]
tests/backtesting/test_vectorbt_engine.py::TestVectorBTEngine::test_calculate_degradation_positive PASSED [  0%]
tests/backtesting/test_vectorbt_engine.py::TestVectorBTEngine::test_calculate_degradation_zero_train PASSED [  0%]
tests/backtesting/test_vectorbt_engine.py::TestVectorBTEngine::test_calculate_degradation_negative PASSED [  0%]
tests/backtesting/test_vectorbt_engine.py::TestVectorBTEngine::test_build_equity_curve PASSED [  0%]
tests/backtesting/test_vectorbt_engine.py::TestVectorBTEngine::test_calculate_max_drawdown PASSED [  0%]
tests/backtesting/test_vectorbt_engine.py::TestVectorBTEngine::test_calculate_max_drawdown_empty PASSED [  0%]
tests/backtesting/test_vectorbt_engine.py::TestVectorBTEngine::test_calculate_max_drawdown_no_drawdown PASSED [  0%]
tests/backtesting/test_vectorbt_engine.py::TestVectorBTEngine::test_shuffle_returns PASSED [  0%]
tests/backtesting/test_vectorbt_engine.py::TestVectorBTEngine::test_apply_shuffled_returns_empty PASSED [  1%]
tests/backtesting/test_vectorbt_engine.py::TestVectorBTEngine::test_apply_shuffled_returns_basic PASSED [  1%]
tests/backtesting/test_vectorbt_engine.py::TestVectorBTEngine::test_create_session_mask_empty PASSED [  1%]
tests/backtesting/test_vectorbt_engine.py::TestVectorBTEngine::test_apply_session_mask PASSED [  1%]
tests/backtesting/test_vectorbt_engine.py::TestVectorBTEngine::test_generate_signals PASSED [  1%]
tests/backtesting/test_vectorbt_engine.py::TestVectorBTEngine::test_empty_result_structure PASSED [  1%]
tests/backtesting/test_vectorbt_engine.py::TestVectorBTEngine::test_walk_forward_too_few_prices PASSED [  1%]
tests/backtesting/test_vectorbt_engine.py::TestVectorBTEngine::test_calculate_trade_statistics_all_winners PASSED [  1%]
tests/backtesting/test_vectorbt_engine.py::TestVectorBTEngine::test_calculate_trade_statistics_all_losers PASSED [  1%]
tests/backtesting/test_vectorbt_engine.py::TestVectorBTEngine::test_calculate_sharpe_zero_std PASSED [  1%]
tests/backtesting/test_vectorbt_engine.py::TestVectorBTEngine::test_calculate_cagr_single_timestamp PASSED [  1%]
tests/backtesting/test_vectorbt_engine.py::TestVectorBTEngine::test_calculate_timing_empty PASSED [  1%]
tests/backtesting/test_vectorbt_engine.py::TestBacktestResult::test_backtest_result_creation PASSED [  1%]
tests/backtesting/test_vectorized.py::test_vectorized_backtester_runs_parameter_sweep PASSED [  1%]
tests/backtesting/test_vectorized.py::test_vectorized_backtester_rejects_invalid_inputs PASSED [  1%]
tests/backtesting/test_vectorized.py::test_vectorized_default_evaluator_requires_vectorbt_dependency PASSED [  1%]
tests/backtesting/test_vectorized.py::test_vectorized_backtester_with_single_parameter PASSED [  1%]
tests/backtesting/test_vectorized.py::test_vectorized_backtester_with_multiple_parameters PASSED [  1%]
tests/backtesting/test_vectorized.py::test_vectorized_backtester_empty_result PASSED [  1%]
tests/backtesting/test_vectorized.py::test_vectorized_backtester_with_negative_scores PASSED [  1%]
tests/backtesting/test_walk_forward.py::test_walk_forward_optimizer_runs_expected_number_of_folds PASSED [  1%]
tests/backtesting/test_walk_forward.py::test_walk_forward_optimizer_detects_overfitting PASSED [  1%]
tests/backtesting/test_walk_forward.py::test_walk_forward_optimizer_rejects_invalid_configuration PASSED [  1%]
tests/backtesting/test_walk_forward.py::test_walk_forward_optimizer_requires_optuna_dependency PASSED [  1%]
tests/broker/test_base.py::TestOrder::test_order_creation PASSED         [  1%]
tests/broker/test_base.py::TestOrder::test_order_with_limit_price PASSED [  1%]
tests/broker/test_base.py::TestPosition::test_position_creation PASSED   [  1%]
tests/broker/test_base.py::TestMargin::test_margin_creation PASSED       [  1%]
tests/broker/test_base.py::TestEnums::test_exchange_enum PASSED          [  1%]
tests/broker/test_base.py::TestEnums::test_order_type_enum PASSED        [  1%]
tests/broker/test_base.py::TestEnums::test_order_status_enum PASSED      [  1%]
tests/broker/test_base.py::TestEnums::test_transaction_type_enum PASSED  [  1%]
tests/broker/test_base.py::TestEnums::test_product_type_enum PASSED      [  1%]
tests/broker/test_base.py::TestOrderImmutability::test_order_is_frozen PASSED [  1%]
tests/broker/test_base.py::TestPositionImmutability::test_position_is_frozen PASSED [  1%]
tests/broker/test_base.py::TestMarginImmutability::test_margin_is_frozen PASSED [  1%]
tests/broker/test_broker_interface.py::TestBrokerInterfaceCompliance::test_place_order_market_order_success PASSED [  1%]
tests/broker/test_broker_interface.py::TestBrokerInterfaceCompliance::test_place_order_limit_order_with_price PASSED [  1%]
tests/broker/test_broker_interface.py::TestBrokerInterfaceCompliance::test_place_order_stop_loss_with_trigger_price PASSED [  1%]
tests/broker/test_broker_interface.py::TestBrokerInterfaceCompliance::test_place_order_delivery_product_type PASSED [  1%]
tests/broker/test_broker_interface.py::TestBrokerInterfaceCompliance::test_cancel_order_success PASSED [  1%]
tests/broker/test_broker_interface.py::TestBrokerInterfaceCompliance::test_get_positions_returns_list PASSED [  1%]
tests/broker/test_broker_interface.py::TestBrokerInterfaceCompliance::test_get_orders_returns_list PASSED [  1%]
tests/broker/test_broker_interface.py::TestBrokerInterfaceCompliance::test_get_margins_returns_margin_details PASSED [  1%]
tests/broker/test_broker_interface.py::TestBrokerInterfaceCompliance::test_get_order_history_with_date_range PASSED [  1%]
tests/broker/test_broker_interface.py::TestBrokerInterfaceCompliance::test_get_holdings_returns_list PASSED [  1%]
tests/broker/test_broker_interface.py::TestBrokerInterfaceCompliance::test_modify_order_price_and_quantity PASSED [  1%]
tests/broker/test_broker_interface.py::TestBrokerInterfaceCompliance::test_get_quote_returns_quote_data PASSED [  2%]
tests/broker/test_broker_interface.py::TestBrokerInterfaceCompliance::test_place_order_invalid_quantity_raises_error PASSED [  2%]
tests/broker/test_broker_interface.py::TestBrokerInterfaceCompliance::test_place_order_missing_limit_price_raises_error PASSED [  2%]
tests/broker/test_broker_interface.py::TestBrokerInterfaceCompliance::test_cancel_order_invalid_id_raises_error PASSED [  2%]
tests/broker/test_broker_interface.py::TestBrokerInterfaceCompliance::test_cancel_already_executed_order_raises_error PASSED [  2%]
tests/broker/test_broker_interface.py::TestBrokerInterfaceCompliance::test_get_positions_failure_raises_runtime_error PASSED [  2%]
tests/broker/test_broker_interface.py::TestBrokerInterfaceCompliance::test_modify_order_invalid_parameters_raises_error PASSED [  2%]
tests/broker/test_broker_interface.py::TestBrokerInterfaceCompliance::test_order_price_maintains_decimal_precision PASSED [  2%]
tests/broker/test_broker_interface.py::TestBrokerInterfaceCompliance::test_margin_values_use_decimal_precision PASSED [  2%]
tests/broker/test_broker_interface.py::TestBrokerInterfaceCompliance::test_position_pnl_uses_decimal_precision PASSED [  2%]
tests/broker/test_broker_interface.py::TestBrokerInterfaceCompliance::test_order_timestamp_is_utc_aware PASSED [  2%]
tests/broker/test_broker_interface.py::TestBrokerInterfaceCompliance::test_order_type_enum_values PASSED [  2%]
tests/broker/test_broker_interface.py::TestBrokerInterfaceCompliance::test_order_status_enum_values PASSED [  2%]
tests/broker/test_broker_interface.py::TestBrokerInterfaceCompliance::test_transaction_type_enum_values PASSED [  2%]
tests/broker/test_broker_interface.py::TestBrokerInterfaceCompliance::test_product_type_enum_values PASSED [  2%]
tests/broker/test_broker_interface.py::TestBrokerInterfaceCompliance::test_exchange_enum_values PASSED [  2%]
tests/broker/test_broker_interface.py::TestBrokerInterfaceCompliance::test_place_order_zero_quantity_raises_error PASSED [  2%]
tests/broker/test_broker_interface.py::TestBrokerInterfaceCompliance::test_get_empty_positions_list PASSED [  2%]
tests/broker/test_broker_interface.py::TestBrokerInterfaceCompliance::test_get_empty_orders_list PASSED [  2%]
tests/broker/test_broker_interface.py::TestBrokerInterfaceCompliance::test_modify_order_no_changes PASSED [  2%]
tests/broker/test_broker_interface.py::TestBrokerInterfaceCompliance::test_get_order_history_no_dates PASSED [  2%]
tests/broker/test_broker_interface.py::TestBrokerInterfaceCompliance::test_all_externall_apis_are_mocked PASSED [  2%]
tests/broker/test_broker_interface.py::TestBrokerInterfaceCompliance::test_mock_isolation_no_external_calls PASSED [  2%]
tests/broker/test_token_manager.py::test_init_token_manager PASSED       [  2%]
tests/broker/test_token_manager.py::test_is_token_fresh_no_token PASSED  [  2%]
tests/broker/test_token_manager.py::test_is_token_fresh_no_timestamp PASSED [  2%]
tests/broker/test_token_manager.py::test_is_token_fresh_invalid_timestamp PASSED [  2%]
tests/broker/test_token_manager.py::test_is_token_fresh_expired PASSED   [  2%]
tests/broker/test_token_manager.py::test_is_token_fresh_valid PASSED     [  2%]
tests/broker/test_token_manager.py::test_get_login_url PASSED            [  2%]
tests/broker/test_token_manager.py::test_exchange_request_token_success PASSED [  2%]
tests/broker/test_token_manager.py::test_exchange_request_token_no_access_token PASSED [  2%]
tests/broker/test_token_manager.py::test_store_access_token PASSED       [  2%]
tests/broker/test_token_manager.py::test_generate_totp_success PASSED    [  2%]
tests/broker/test_token_manager.py::test_generate_totp_no_secret PASSED  [  2%]
tests/broker/test_token_manager.py::test_get_totp PASSED                 [  2%]
tests/broker/test_token_manager.py::test_clear_token PASSED              [  2%]
tests/broker/test_token_manager.py::test_clear_token_handles_error PASSED [  2%]
tests/broker/test_token_manager.py::test_get_next_expiry_utc_same_day PASSED [  2%]
tests/broker/test_token_manager.py::test_get_next_expiry_utc_next_day PASSED [  2%]
tests/broker/test_token_manager.py::test_default_http_post PASSED        [  2%]
tests/broker/test_token_manager.py::test_exchange_request_token_url_encodes_payload PASSED [  2%]
tests/broker/test_token_manager.py::test_exchange_request_token_handles_plus_equals PASSED [  2%]
tests/broker/test_token_manager.py::test_exchange_request_token_handles_spaces PASSED [  2%]
tests/broker/test_token_manager.py::test_exchange_request_token_body_is_bytes PASSED [  2%]
tests/broker/test_token_manager.py::test_get_access_token_from_keyring PASSED [  2%]
tests/broker/test_token_manager.py::test_get_access_token_from_env_var_zerodha PASSED [  2%]
tests/broker/test_token_manager.py::test_get_access_token_from_env_var_kite_alias PASSED [  3%]
tests/broker/test_token_manager.py::test_get_access_token_from_env_file PASSED [  3%]
tests/broker/test_token_manager.py::test_get_access_token_no_token_available PASSED [  3%]
tests/broker/test_token_manager.py::test_get_access_token_precedence_keyring_first PASSED [  3%]
tests/broker/test_token_manager.py::test_get_kite_client_with_provided_token PASSED [  3%]
tests/broker/test_token_manager.py::test_get_kite_client_auto_retrieves_token PASSED [  3%]
tests/broker/test_token_manager.py::test_get_kite_client_no_token_available PASSED [  3%]
tests/broker/test_token_manager.py::test_get_kite_client_kiteconnect_not_installed PASSED [  3%]
tests/broker/test_token_manager.py::test_resolve_env_path_current_dir PASSED [  3%]
tests/broker/test_token_manager.py::test_resolve_env_path_parent_dir PASSED [  3%]
tests/broker/test_token_manager.py::test_resolve_env_path_not_found PASSED [  3%]
tests/broker/test_token_manager.py::test_load_env_file_success PASSED    [  3%]
tests/broker/test_token_manager.py::test_load_env_file_empty PASSED      [  3%]
tests/broker/test_token_manager.py::test_clear_env_token PASSED          [  3%]
tests/broker/test_token_manager.py::test_clear_env_token_kite_alias PASSED [  3%]
tests/broker/test_token_manager.py::test_clear_token_removes_from_env_file PASSED [  3%]
tests/broker/test_token_manager.py::test_token_store_path_property PASSED [  3%]
tests/broker/test_token_manager.py::test_clear_token_no_env_file PASSED  [  3%]
tests/broker/test_token_manager.py::test_get_access_token_expired_keyring_falls_back_to_env PASSED [  3%]
tests/broker/test_token_manager.py::test_get_access_token_no_env_fallback PASSED [  3%]
tests/broker/test_token_manager.py::test_get_access_token_no_env_file_found PASSED [  3%]
tests/broker/test_token_manager.py::test_resolve_saved_access_token_keyring_fresh PASSED [  3%]
tests/broker/test_token_manager.py::test_resolve_saved_access_token_env_file_stale PASSED [  3%]
tests/broker/test_token_manager.py::test_resolve_saved_access_token_no_token_in_env PASSED [  3%]
tests/broker/test_token_manager.py::test_resolve_saved_request_token_keyring_valid PASSED [  3%]
tests/broker/test_token_manager.py::test_resolve_saved_request_token_env_file_stale PASSED [  3%]
tests/broker/test_token_manager.py::test_persist_session_tokens_without_request_token PASSED [  3%]
tests/broker/test_token_manager.py::test_persist_session_tokens_no_env_path PASSED [  3%]
tests/broker/test_token_manager.py::test_is_today_with_empty_string PASSED [  3%]
tests/broker/test_token_manager.py::test_is_today_with_invalid_date PASSED [  3%]
tests/broker/test_token_manager.py::test_is_today_with_whitespace PASSED [  3%]
tests/broker/test_token_manager.py::test_persist_env_updates_appends_new_keys PASSED [  3%]
tests/broker/test_token_manager.py::test_default_http_post_non_https_url PASSED [  3%]
tests/broker/test_zerodha_broker.py::TestZerodhaBrokerInit::test_init_with_token_manager PASSED [  3%]
tests/broker/test_zerodha_broker.py::TestZerodhaBrokerInit::test_init_without_token_manager_raises_error PASSED [  3%]
tests/broker/test_zerodha_broker.py::TestZerodhaBrokerInit::test_init_with_custom_rate_limiter PASSED [  3%]
tests/broker/test_zerodha_broker.py::TestZerodhaBrokerAuthentication::test_authenticate_success PASSED [  3%]
tests/broker/test_zerodha_broker.py::TestZerodhaBrokerAuthentication::test_authenticate_without_token_raises_error PASSED [  3%]
tests/broker/test_zerodha_broker.py::TestZerodhaBrokerAuthentication::test_ensure_authenticated_calls_authenticate PASSED [  3%]
tests/broker/test_zerodha_broker.py::TestZerodhaBrokerPlaceOrder::test_place_market_order PASSED [  3%]
tests/broker/test_zerodha_broker.py::TestZerodhaBrokerPlaceOrder::test_place_limit_order PASSED [  3%]
tests/broker/test_zerodha_broker.py::TestZerodhaBrokerPlaceOrder::test_place_stop_loss_order PASSED [  3%]
tests/broker/test_zerodha_broker.py::TestZerodhaBrokerPlaceOrder::test_place_limit_order_without_price_raises_error PASSED [  3%]
tests/broker/test_zerodha_broker.py::TestZerodhaBrokerPlaceOrder::test_place_stop_loss_without_trigger_price_raises_error PASSED [  3%]
tests/broker/test_zerodha_broker.py::TestZerodhaBrokerPlaceOrder::test_place_order_with_invalid_quantity_raises_error PASSED [  3%]
tests/broker/test_zerodha_broker.py::TestZerodhaBrokerPlaceOrder::test_place_order_with_different_product_types PASSED [  3%]
tests/broker/test_zerodha_broker.py::TestZerodhaBrokerCancelOrder::test_cancel_order_success PASSED [  4%]
tests/broker/test_zerodha_broker.py::TestZerodhaBrokerCancelOrder::test_cancel_order_without_order_id_raises_error PASSED [  4%]
tests/broker/test_zerodha_broker.py::TestZerodhaBrokerGetPositions::test_get_positions_empty PASSED [  4%]
tests/broker/test_zerodha_broker.py::TestZerodhaBrokerGetPositions::test_get_positions_with_data PASSED [  4%]
tests/broker/test_zerodha_broker.py::TestZerodhaBrokerGetPositions::test_get_positions_filters_zero_quantity PASSED [  4%]
tests/broker/test_zerodha_broker.py::TestZerodhaBrokerGetOrders::test_get_orders_empty PASSED [  4%]
tests/broker/test_zerodha_broker.py::TestZerodhaBrokerGetOrders::test_get_orders_with_data PASSED [  4%]
tests/broker/test_zerodha_broker.py::TestZerodhaBrokerGetMargins::test_get_margins PASSED [  4%]
tests/broker/test_zerodha_broker.py::TestZerodhaBrokerGetOrderHistory::test_get_order_history PASSED [  4%]
tests/broker/test_zerodha_broker.py::TestZerodhaBrokerGetOrderHistory::test_get_order_history_without_order_id_raises_error PASSED [  4%]
tests/broker/test_zerodha_broker.py::TestZerodhaBrokerGetHoldings::test_get_holdings PASSED [  4%]
tests/broker/test_zerodha_broker.py::TestZerodhaBrokerModifyOrder::test_modify_order_price PASSED [  4%]
tests/broker/test_zerodha_broker.py::TestZerodhaBrokerModifyOrder::test_modify_order_quantity PASSED [  4%]
tests/broker/test_zerodha_broker.py::TestZerodhaBrokerModifyOrder::test_modify_order_with_invalid_quantity_raises_error PASSED [  4%]
tests/broker/test_zerodha_broker.py::TestZerodhaBrokerModifyOrder::test_modify_order_without_order_id_raises_error PASSED [  4%]
tests/broker/test_zerodha_broker.py::TestZerodhaBrokerGetQuote::test_get_quote PASSED [  4%]
tests/broker/test_zerodha_broker.py::TestZerodhaBrokerGetQuote::test_get_quote_without_symbol_raises_error PASSED [  4%]
tests/broker/test_zerodha_broker.py::TestZerodhaBrokerTypeConversions::test_parse_exchange PASSED [  4%]
tests/broker/test_zerodha_broker.py::TestZerodhaBrokerTypeConversions::test_parse_order_type PASSED [  4%]
tests/broker/test_zerodha_broker.py::TestZerodhaBrokerTypeConversions::test_parse_transaction_type PASSED [  4%]
tests/broker/test_zerodha_broker.py::TestZerodhaBrokerTypeConversions::test_parse_product_type PASSED [  4%]
tests/broker/test_zerodha_broker.py::TestZerodhaBrokerTypeConversions::test_parse_order_status PASSED [  4%]
tests/broker/test_zerodha_broker.py::TestZerodhaBrokerTypeConversions::test_parse_exchange_from_str PASSED [  4%]
tests/broker/test_zerodha_broker.py::TestZerodhaBrokerTypeConversions::test_parse_order_type_from_str PASSED [  4%]
tests/broker/test_zerodha_broker.py::TestZerodhaBrokerTypeConversions::test_parse_transaction_type_from_str PASSED [  4%]
tests/broker/test_zerodha_broker.py::TestZerodhaBrokerTypeConversions::test_parse_product_type_from_str PASSED [  4%]
tests/broker/test_zerodha_broker.py::TestZerodhaBrokerErrorHandling::test_place_order_api_failure PASSED [  4%]
tests/broker/test_zerodha_broker.py::TestZerodhaBrokerErrorHandling::test_cancel_order_api_failure PASSED [  4%]
tests/broker/test_zerodha_broker.py::TestZerodhaBrokerErrorHandling::test_get_quote_empty_response PASSED [  4%]
tests/core/observability/test_alerting.py::TestAlert::test_creation_defaults PASSED [  4%]
tests/core/observability/test_alerting.py::TestAlert::test_creation_with_all_fields PASSED [  4%]
tests/core/observability/test_alerting.py::TestAlertLevel::test_values PASSED [  4%]
tests/core/observability/test_alerting.py::TestAlertThrottler::test_first_send_allowed PASSED [  4%]
tests/core/observability/test_alerting.py::TestAlertThrottler::test_second_send_throttled PASSED [  4%]
tests/core/observability/test_alerting.py::TestAlertThrottler::test_different_rules_not_throttled PASSED [  4%]
tests/core/observability/test_alerting.py::TestAlertThrottler::test_reset_allows_resend PASSED [  4%]
tests/core/observability/test_alerting.py::TestAlertThrottler::test_reset_all PASSED [  4%]
tests/core/observability/test_alerting.py::TestAlertAcknowledgmentTracker::test_register_and_acknowledge PASSED [  4%]
tests/core/observability/test_alerting.py::TestAlertAcknowledgmentTracker::test_acknowledge_nonexistent PASSED [  4%]
tests/core/observability/test_alerting.py::TestAlertAcknowledgmentTracker::test_get_unacknowledged PASSED [  4%]
tests/core/observability/test_alerting.py::TestAlertAcknowledgmentTracker::test_cleanup_old_alerts PASSED [  4%]
tests/core/observability/test_alerting.py::TestAlertRulesEngine::test_default_rules_initialized PASSED [  4%]
tests/core/observability/test_alerting.py::TestAlertRulesEngine::test_evaluate_token_expiry_triggered PASSED [  4%]
tests/core/observability/test_alerting.py::TestAlertRulesEngine::test_evaluate_no_trigger PASSED [  4%]
tests/core/observability/test_alerting.py::TestAlertRulesEngine::test_add_and_remove_rule PASSED [  4%]
tests/core/observability/test_alerting.py::TestAlertRulesEngine::test_disabled_rule_not_evaluated PASSED [  4%]
tests/core/observability/test_alerting.py::TestMultiChannelAlertManager::test_send_alert_with_no_channels PASSED [  4%]
tests/core/observability/test_alerting.py::TestMultiChannelAlertManager::test_send_alert_throttled PASSED [  5%]
tests/core/observability/test_alerting.py::TestMultiChannelAlertManager::test_evaluate_and_alert PASSED [  5%]
tests/core/observability/test_alerting.py::TestMultiChannelAlertManager::test_acknowledge PASSED [  5%]
tests/core/observability/test_alerting.py::TestMultiChannelAlertManager::test_get_unacknowledged PASSED [  5%]
tests/core/observability/test_alerting.py::TestGetAlerter::test_returns_singleton PASSED [  5%]
tests/core/observability/test_alerting.py::TestGetMultiChannelManager::test_returns_singleton PASSED [  5%]
tests/core/observability/test_logging_config.py::TestGetLogger::test_returns_logger PASSED [  5%]
tests/core/observability/test_logging_config.py::TestLogContext::test_context_adds_attributes PASSED [  5%]
tests/core/observability/test_logging_config.py::TestSetupStructuredLogging::test_returns_root_logger PASSED [  5%]
tests/core/observability/test_metrics.py::TestInitializeMetrics::test_sets_app_info PASSED [  5%]
tests/core/observability/test_metrics.py::TestRecordTrade::test_records_trade PASSED [  5%]
tests/core/observability/test_metrics.py::TestUpdateOpenPositions::test_updates_positions PASSED [  5%]
tests/core/observability/test_metrics.py::TestRecordDataSourceRequest::test_records_request PASSED [  5%]
tests/core/observability/test_metrics.py::TestRecordDataSourceFallback::test_records_fallback PASSED [  5%]
tests/core/observability/test_metrics.py::TestUpdateDataFreshness::test_updates_freshness PASSED [  5%]
tests/core/observability/test_metrics.py::TestUpdateKiteTokenFreshness::test_updates_freshness PASSED [  5%]
tests/core/observability/test_metrics.py::TestTrackExecutionTime::test_decorator PASSED [  5%]
tests/core/observability/test_tracing.py::TestGetTracer::test_returns_tracer PASSED [  5%]
tests/core/observability/test_tracing.py::TestAddSpanAttributes::test_no_active_span PASSED [  5%]
tests/core/observability/test_tracing.py::TestRecordException::test_no_active_span PASSED [  5%]
tests/core/test_clock.py::TestClock::test_now_returns_utc_timestamp PASSED [  5%]
tests/core/test_clock.py::TestClock::test_to_utc_with_naive_datetime PASSED [  5%]
tests/core/test_clock.py::TestClock::test_to_utc_with_aware_datetime PASSED [  5%]
tests/core/test_clock.py::TestClock::test_to_ist PASSED                  [  5%]
tests/core/test_clock.py::TestClock::test_to_ist_naive_raises_error PASSED [  5%]
tests/core/test_clock.py::TestClock::test_ist_to_utc PASSED              [  5%]
tests/core/test_clock.py::TestClock::test_ist_to_utc_aware_raises_error PASSED [  5%]
tests/core/test_clock.py::TestTradingSessions::test_nse_session_times PASSED [  5%]
tests/core/test_clock.py::TestTradingSessions::test_bse_session_times PASSED [  5%]
tests/core/test_clock.py::TestTradingSessions::test_mcx_session_times PASSED [  5%]
tests/core/test_clock.py::TestTradingSessions::test_cds_session_times PASSED [  5%]
tests/core/test_clock.py::TestTradingSessions::test_invalid_exchange_raises_error PASSED [  5%]
tests/core/test_clock.py::TestTradingSessions::test_is_market_open_during_nse_hours PASSED [  5%]
tests/core/test_clock.py::TestTradingSessions::test_is_market_closed_outside_nse_hours PASSED [  5%]
tests/core/test_clock.py::TestTradingSessions::test_is_market_open_during_mcx_hours PASSED [  5%]
tests/core/test_clock.py::TestTradingSessions::test_is_market_open_during_cds_hours PASSED [  5%]
tests/core/test_clock.py::TestTradingSessions::test_is_market_open_naive_raises_error PASSED [  5%]
tests/core/test_clock.py::TestTradingSessions::test_is_market_open_non_utc_raises_error PASSED [  5%]
tests/core/test_clock.py::TestTradingSessions::test_is_market_open_unsupported_exchange_returns_false PASSED [  5%]
tests/core/test_clock.py::TestTradingSessions::test_is_trading_day_weekday PASSED [  5%]
tests/core/test_clock.py::TestTradingSessions::test_is_trading_day_weekend PASSED [  5%]
tests/core/test_clock.py::TestTradingSessions::test_is_trading_day_holiday PASSED [  5%]
tests/core/test_clock.py::TestTradingSessions::test_is_trading_day_unsupported_exchange_returns_false PASSED [  5%]
tests/core/test_clock.py::TestTradingSessions::test_is_trading_day_naive_raises_error PASSED [  5%]
tests/core/test_clock.py::TestTradingSessions::test_next_open_time_before_market_open PASSED [  5%]
tests/core/test_clock.py::TestTradingSessions::test_next_open_time_during_market_hours PASSED [  5%]
tests/core/test_clock.py::TestTradingSessions::test_next_open_time_after_market_close PASSED [  5%]
tests/core/test_clock.py::TestTradingSessions::test_next_open_time_weekend PASSED [  6%]
tests/core/test_clock.py::TestTradingSessions::test_next_open_time_naive_raises_error PASSED [  6%]
tests/core/test_clock.py::TestTradingSessions::test_next_open_time_unsupported_exchange_raises_error PASSED [  6%]
tests/core/test_clock.py::TestTradingSessions::test_holiday_market_closed_during_regular_hours PASSED [  6%]
tests/core/test_clock.py::TestTradingSessions::test_special_session_market_open PASSED [  6%]
tests/core/test_clock.py::TestTradingSessions::test_get_session_times_missing_calendar_entry_raises_error PASSED [  6%]
tests/core/test_clock.py::TestTradingSessions::test_next_open_time_resolution_failure_raises_error PASSED [  6%]
tests/core/test_config.py::TestConfig::test_default_values PASSED        [  6%]
tests/core/test_config.py::TestConfig::test_custom_values PASSED         [  6%]
tests/core/test_config.py::TestConfig::test_valid_exchange PASSED        [  6%]
tests/core/test_config.py::TestConfig::test_invalid_exchange_raises_error PASSED [  6%]
tests/core/test_config.py::TestConfig::test_valid_market_type PASSED     [  6%]
tests/core/test_config.py::TestConfig::test_invalid_market_type_raises_error PASSED [  6%]
tests/core/test_config.py::TestConfig::test_positive_queue_size PASSED   [  6%]
tests/core/test_config.py::TestConfig::test_zero_queue_size_raises_error PASSED [  6%]
tests/core/test_config.py::TestConfig::test_negative_queue_size_raises_error PASSED [  6%]
tests/core/test_config.py::TestConfig::test_positive_max_tasks PASSED    [  6%]
tests/core/test_config.py::TestConfig::test_zero_max_tasks_raises_error PASSED [  6%]
tests/core/test_config.py::TestConfig::test_negative_max_tasks_raises_error PASSED [  6%]
tests/core/test_config.py::TestConfig::test_directories_created PASSED   [  6%]
tests/core/test_config.py::TestConfig::test_directories_created_on_failure_raises_error PASSED [  6%]
tests/core/test_config.py::TestConfig::test_load_without_env_file PASSED [  6%]
tests/core/test_config.py::TestConfig::test_load_with_env_file PASSED    [  6%]
tests/core/test_config.py::TestConfig::test_load_with_invalid_env_file_raises_error PASSED [  6%]
tests/core/test_config.py::TestConfig::test_directories_creation_failure_raises_error PASSED [  6%]
tests/core/test_config.py::TestExecutionMode::test_default_execution_mode_is_paper PASSED [  6%]
tests/core/test_config.py::TestExecutionMode::test_valid_execution_modes PASSED [  6%]
tests/core/test_config.py::TestExecutionMode::test_invalid_execution_mode_raises_error PASSED [  6%]
tests/core/test_config.py::TestExecutionMode::test_live_mode_without_enabled_flag_converts_to_paper PASSED [  6%]
tests/core/test_config.py::TestExecutionMode::test_live_mode_without_confirmation_rejects PASSED [  6%]
tests/core/test_config.py::TestExecutionMode::test_confirm_live_mode_with_valid_confirmation PASSED [  6%]
tests/core/test_config.py::TestExecutionMode::test_confirm_live_mode_already_confirmed PASSED [  6%]
tests/core/test_config.py::TestExecutionMode::test_paper_mode_remains_safest_default PASSED [  6%]
tests/core/test_config.py::TestExecutionMode::test_execution_mode_case_sensitivity PASSED [  6%]
tests/core/test_config.py::TestExecutionMode::test_live_trading_enabled_default_is_false PASSED [  6%]
tests/core/test_config.py::TestExecutionMode::test_live_trading_enabled_can_be_set_true PASSED [  6%]
tests/core/test_config_manager.py::TestWatchlistEntry::test_watchlist_entry_creation PASSED [  6%]
tests/core/test_config_manager.py::TestWatchlistEntry::test_watchlist_entry_immutable PASSED [  6%]
tests/core/test_config_manager.py::TestWatchlistConfig::test_default_config_empty PASSED [  6%]
tests/core/test_config_manager.py::TestWatchlistConfig::test_config_with_symbols PASSED [  6%]
tests/core/test_config_manager.py::TestWatchlistConfig::test_get_symbols_nse PASSED [  6%]
tests/core/test_config_manager.py::TestWatchlistConfig::test_get_symbols_all_exchanges PASSED [  6%]
tests/core/test_config_manager.py::TestWatchlistConfig::test_get_symbols_empty_exchange PASSED [  6%]
tests/core/test_config_manager.py::TestWatchlistConfig::test_get_all_entries PASSED [  6%]
tests/core/test_config_manager.py::TestWatchlistConfig::test_config_immutable PASSED [  6%]
tests/core/test_config_manager.py::TestConfigManager::test_init_with_default_path PASSED [  6%]
tests/core/test_config_manager.py::TestConfigManager::test_init_with_env_override PASSED [  7%]
tests/core/test_config_manager.py::TestConfigManager::test_init_with_explicit_path PASSED [  7%]
tests/core/test_config_manager.py::TestConfigManager::test_load_config_file_not_found PASSED [  7%]
tests/core/test_config_manager.py::TestConfigManager::test_load_config_valid_toml PASSED [  7%]
tests/core/test_config_manager.py::TestConfigManager::test_load_config_empty_toml PASSED [  7%]
tests/core/test_config_manager.py::TestConfigManager::test_load_config_partial_exchanges PASSED [  7%]
tests/core/test_config_manager.py::TestConfigManager::test_reload_config PASSED [  7%]
tests/core/test_config_manager.py::TestConfigManager::test_update_config_nse PASSED [  7%]
tests/core/test_config_manager.py::TestConfigManager::test_update_config_multiple_exchanges PASSED [  7%]
tests/core/test_config_manager.py::TestConfigManager::test_update_config_partial_update PASSED [  7%]
tests/core/test_config_manager.py::TestConfigManager::test_update_config_creates_directory PASSED [  7%]
tests/core/test_config_manager.py::TestConfigManager::test_update_config_write_error PASSED [  7%]
tests/core/test_config_manager.py::TestConfigManager::test_get_config_returns_immutable PASSED [  7%]
tests/core/test_config_manager.py::TestGlobalConfigManager::test_get_config_manager_singleton PASSED [  7%]
tests/core/test_config_manager.py::TestGlobalConfigManager::test_reset_config_manager PASSED [  7%]
tests/core/test_config_manager.py::TestGlobalConfigManager::test_config_manager_persists_across_calls PASSED [  7%]
tests/core/test_config_manager.py::TestConfigManagerEdgeCases::test_config_with_duplicate_symbols PASSED [  7%]
tests/core/test_config_manager.py::TestConfigManagerEdgeCases::test_config_with_empty_symbol_list PASSED [  7%]
tests/core/test_config_manager.py::TestConfigManagerEdgeCases::test_config_with_non_list_symbols PASSED [  7%]
tests/core/test_config_manager.py::TestConfigManagerEdgeCases::test_config_path_with_special_characters PASSED [  7%]
tests/core/test_engine.py::TestEngineLifecycle::test_start_stop PASSED   [  7%]
tests/core/test_engine.py::TestEngineLifecycle::test_start_idempotent PASSED [  7%]
tests/core/test_engine.py::TestEngineLifecycle::test_stop_idempotent PASSED [  7%]
tests/core/test_engine.py::TestEngineEventBus::test_event_bus_property PASSED [  7%]
tests/core/test_engine.py::TestEngineEventBus::test_event_bus_started_on_engine_start PASSED [  7%]
tests/core/test_engine.py::TestEngineTasks::test_run_task PASSED         [  7%]
tests/core/test_engine.py::TestEngineTasks::test_run_task_not_running_raises_error PASSED [  7%]
tests/core/test_engine.py::TestEngineTasks::test_tasks_cancelled_on_stop PASSED [  7%]
tests/core/test_engine.py::TestEngineTasks::test_multiple_tasks PASSED   [  7%]
tests/core/test_engine.py::TestEngineProperties::test_instrument_scorer_property PASSED [  7%]
tests/core/test_engine.py::TestEngineProperties::test_default_instrument_scorer PASSED [  7%]
tests/core/test_engine.py::TestEngineProperties::test_kill_switch_property_none PASSED [  7%]
tests/core/test_engine.py::TestEngineProperties::test_engage_kill_switch_without_config_raises_error PASSED [  7%]
tests/core/test_engine.py::TestEngineProperties::test_disengage_kill_switch_without_config_raises_error PASSED [  7%]
tests/core/test_engine.py::TestEngineSelectionCycle::test_select_instruments_calls_scorer PASSED [  7%]
tests/core/test_engine.py::TestEngineSelectionCycle::test_run_selection_cycle_full_pipeline PASSED [  7%]
tests/core/test_engine.py::TestEngineSelectionCycle::test_run_selection_cycle_async PASSED [  7%]
tests/core/test_engine.py::TestEngineSelectionCycle::test_run_selection_cycle_with_correlations PASSED [  7%]
tests/core/test_engine.py::TestEngineSelectionCycle::test_run_selection_cycle_empty_signals PASSED [  7%]
tests/core/test_engine.py::TestEngineSelectionCycle::test_engage_kill_switch_with_config PASSED [  7%]
tests/core/test_engine.py::TestEngineSelectionCycle::test_disengage_kill_switch_with_config PASSED [  7%]
tests/core/test_engine.py::TestEngineFullCycle::test_run_full_cycle_delegates_to_scan_cycle PASSED [  7%]
tests/core/test_engine.py::TestEngineFullCycle::test_run_full_cycle_passes_dependencies PASSED [  7%]
tests/core/test_engine.py::TestEngineFullCycle::test_run_full_cycle_with_custom_params PASSED [  7%]
tests/core/test_engine.py::TestEngineScanOnly::test_run_scan_only_with_preconfigured_scanner PASSED [  7%]
tests/core/test_engine.py::TestEngineScanOnly::test_run_scan_only_with_direction PASSED [  7%]
tests/core/test_engine.py::TestEngineScanOnly::test_run_scan_only_creates_scanner_from_data_provider PASSED [  7%]
tests/core/test_engine.py::TestEngineScanOnly::test_run_scan_only_raises_without_scanner_or_provider PASSED [  8%]
tests/core/test_engine.py::TestEngineScanOnly::test_run_scan_only_no_symbols_without_scanner PASSED [  8%]
tests/core/test_engine.py::TestEngineNewProperties::test_data_provider_property_none PASSED [  8%]
tests/core/test_engine.py::TestEngineNewProperties::test_data_provider_property_set PASSED [  8%]
tests/core/test_engine.py::TestEngineNewProperties::test_instrument_scanner_property_none PASSED [  8%]
tests/core/test_engine.py::TestEngineNewProperties::test_instrument_scanner_property_set PASSED [  8%]
tests/core/test_engine.py::TestEngineNewProperties::test_order_manager_property_none PASSED [  8%]
tests/core/test_engine.py::TestEngineNewProperties::test_order_manager_property_set PASSED [  8%]
tests/core/test_engine.py::TestEngineNewProperties::test_backward_compat_two_arg_constructor PASSED [  8%]
tests/core/test_engine_pipeline.py::TestEngineWiring::test_engine_initialization_with_all_dependencies PASSED [  8%]
tests/core/test_engine_pipeline.py::TestEngineWiring::test_engine_wiring_default_dependencies PASSED [  8%]
tests/core/test_engine_pipeline.py::TestEngineWiring::test_engine_pipeline_data_flow PASSED [  8%]
tests/core/test_engine_pipeline.py::TestDynamicSymbolLoading::test_dynamic_symbol_loading_with_config PASSED [  8%]
tests/core/test_engine_pipeline.py::TestDynamicSymbolLoading::test_dynamic_symbol_loading_fallback_to_defaults PASSED [  8%]
tests/core/test_engine_pipeline.py::TestDynamicSymbolLoading::test_dynamic_symbol_loading_with_empty_config PASSED [  8%]
tests/core/test_engine_pipeline.py::TestDynamicSymbolLoading::test_dynamic_symbol_loading_with_explicit_symbols PASSED [  8%]
tests/core/test_engine_pipeline.py::TestStrengthScorerIntegration::test_strength_scorer_initialization PASSED [  8%]
tests/core/test_engine_pipeline.py::TestStrengthScorerIntegration::test_strength_scorer_used_in_selection_cycle PASSED [  8%]
tests/core/test_engine_pipeline.py::TestStrengthScorerIntegration::test_strength_scorer_caching_in_pipeline PASSED [  8%]
tests/core/test_engine_pipeline.py::TestStrengthScorerIntegration::test_strength_scorer_error_handling PASSED [  8%]
tests/core/test_engine_pipeline.py::TestDeprecatedFileRemoval::test_deprecated_scanner_file_removed PASSED [  8%]
tests/core/test_engine_pipeline.py::TestDeprecatedFileRemoval::test_pipeline_uses_new_scan_cycle_module PASSED [  8%]
tests/core/test_engine_pipeline.py::TestDeprecatedFileRemoval::test_no_reference_to_old_scanner_paths PASSED [  8%]
tests/core/test_engine_pipeline.py::TestEnginePipelineIntegration::test_full_pipeline_with_all_components PASSED [  8%]
tests/core/test_engine_pipeline.py::TestEnginePipelineIntegration::test_pipeline_with_partial_components PASSED [  8%]
tests/core/test_engine_pipeline.py::TestEnginePipelineIntegration::test_pipeline_error_handling PASSED [  8%]
tests/core/test_engine_pipeline.py::TestEnginePipelineIntegration::test_pipeline_with_dynamic_symbol_refresh PASSED [  8%]
tests/core/test_engine_pipeline.py::TestEnginePipelineIntegration::test_pipeline_strength_scorer_integration PASSED [  8%]
tests/core/test_engine_pipeline.py::TestEngineEdgeCases::test_pipeline_with_empty_symbols PASSED [  8%]
tests/core/test_engine_pipeline.py::TestEngineEdgeCases::test_pipeline_with_max_trades_zero PASSED [  8%]
tests/core/test_engine_pipeline.py::TestEngineEdgeCases::test_pipeline_with_large_symbol_list PASSED [  8%]
tests/core/test_enums.py::TestExchange::test_exchange_values PASSED      [  8%]
tests/core/test_enums.py::TestExchange::test_exchange_is_strenum PASSED  [  8%]
tests/core/test_enums.py::TestMarketType::test_market_type_values PASSED [  8%]
tests/core/test_enums.py::TestMarketType::test_market_type_is_strenum PASSED [  8%]
tests/core/test_enums.py::TestOrderSide::test_order_side_values PASSED   [  8%]
tests/core/test_enums.py::TestOrderSide::test_order_side_is_strenum PASSED [  8%]
tests/core/test_enums.py::TestOrderType::test_order_type_values PASSED   [  8%]
tests/core/test_enums.py::TestOrderType::test_order_type_is_strenum PASSED [  8%]
tests/core/test_enums.py::TestOrderStatus::test_order_status_values PASSED [  8%]
tests/core/test_enums.py::TestOrderStatus::test_order_status_is_strenum PASSED [  8%]
tests/core/test_event_bus.py::TestEventBusLifecycle::test_start_stop PASSED [  8%]
tests/core/test_event_bus.py::TestEventBusLifecycle::test_start_idempotent PASSED [  8%]
tests/core/test_event_bus.py::TestEventBusLifecycle::test_stop_idempotent PASSED [  8%]
tests/core/test_event_bus.py::TestEventBusPublishSubscribe::test_subscribe PASSED [  8%]
tests/core/test_event_bus.py::TestEventBusPublishSubscribe::test_unsubscribe PASSED [  8%]
tests/core/test_event_bus.py::TestEventBusPublishSubscribe::test_publish_to_subscriber PASSED [  8%]
tests/core/test_event_bus.py::TestEventBusPublishSubscribe::test_publish_to_multiple_subscribers PASSED [  9%]
tests/core/test_event_bus.py::TestEventBusPublishSubscribe::test_publish_no_subscribers PASSED [  9%]
tests/core/test_event_bus.py::TestEventBusPublishSubscribe::test_publish_not_running PASSED [  9%]
tests/core/test_event_bus.py::TestEventBusPublishSubscribe::test_publish_batch PASSED [  9%]
tests/core/test_event_bus.py::TestEventBusPublishSubscribe::test_publish_batch_empty PASSED [  9%]
tests/core/test_event_bus.py::TestEventBusPublishSubscribe::test_topic_isolation PASSED [  9%]
tests/core/test_event_bus.py::TestEventBusPublishSubscribe::test_different_event_types PASSED [  9%]
tests/core/test_event_bus.py::TestEventBusPublishSubscribe::test_publish_invalid_event_fails_closed PASSED [  9%]
tests/core/test_event_bus.py::TestEventBusPublishSubscribe::test_publish_batch_invalid_event_fails_closed PASSED [  9%]
tests/core/test_event_bus.py::TestEventBusPublishSubscribe::test_publish_queue_failure_raises_error PASSED [  9%]
tests/core/test_event_bus.py::TestEventBusPublishSubscribe::test_publish_batch_queue_failure_raises_error PASSED [  9%]
tests/core/test_event_bus_refactored.py::TestEventBusRefactored::test_init_with_default_backend PASSED [  9%]
tests/core/test_event_bus_refactored.py::TestEventBusRefactored::test_init_with_custom_backend PASSED [  9%]
tests/core/test_event_bus_refactored.py::TestEventBusRefactored::test_start_stop PASSED [  9%]
tests/core/test_event_bus_refactored.py::TestEventBusRefactored::test_subscribe_unsubscribe PASSED [  9%]
tests/core/test_event_bus_refactored.py::TestEventBusRefactored::test_publish_subscribe PASSED [  9%]
tests/core/test_event_bus_refactored.py::TestEventBusRefactored::test_publish_validation PASSED [  9%]
tests/core/test_event_bus_refactored.py::TestEventBusRefactored::test_publish_not_running PASSED [  9%]
tests/core/test_event_bus_refactored.py::TestEventBusRefactored::test_publish_batch PASSED [  9%]
tests/core/test_event_bus_refactored.py::TestEventBusRefactored::test_publish_batch_empty PASSED [  9%]
tests/core/test_event_bus_refactored.py::TestEventBusRefactored::test_multiple_subscribers PASSED [  9%]
tests/core/test_event_bus_refactored.py::TestEventBusRefactored::test_with_redis_backend SKIPPED [  9%]
tests/core/test_event_bus_refactored.py::TestEventBusRefactored::test_is_running_property PASSED [  9%]
tests/core/test_event_bus_refactored.py::TestEventBusWithPersistence::test_publish_with_persistence PASSED [  9%]
tests/core/test_event_bus_refactored.py::TestEventBusWithPersistence::test_replay_events_to_bus PASSED [  9%]
tests/core/test_event_bus_refactored.py::TestEventBusWithPersistence::test_multiple_topics PASSED [  9%]
tests/core/test_event_bus_refactored.py::TestEventBusWithPersistence::test_high_throughput PASSED [  9%]
tests/core/test_event_persistence.py::TestEventPersistence::test_save_event PASSED [  9%]
tests/core/test_event_persistence.py::TestEventPersistence::test_save_multiple_events PASSED [  9%]
tests/core/test_event_persistence.py::TestEventPersistence::test_load_events PASSED [  9%]
tests/core/test_event_persistence.py::TestEventPersistence::test_load_events_with_sequence_range PASSED [  9%]
tests/core/test_event_persistence.py::TestEventPersistence::test_load_events_nonexistent_topic PASSED [  9%]
tests/core/test_event_persistence.py::TestEventPersistence::test_replay_events PASSED [  9%]
tests/core/test_event_persistence.py::TestEventPersistence::test_replay_events_with_delay PASSED [  9%]
tests/core/test_event_persistence.py::TestEventPersistence::test_replay_events_with_range PASSED [  9%]
tests/core/test_event_persistence.py::TestEventPersistence::test_replay_events_nonexistent_topic PASSED [  9%]
tests/core/test_event_persistence.py::TestEventPersistence::test_clear_events_topic PASSED [  9%]
tests/core/test_event_persistence.py::TestEventPersistence::test_clear_events_all PASSED [  9%]
tests/core/test_event_persistence.py::TestEventPersistence::test_clear_events_nonexistent_topic PASSED [  9%]
tests/core/test_event_persistence.py::TestEventPersistence::test_get_event_count PASSED [  9%]
tests/core/test_event_persistence.py::TestEventPersistence::test_get_event_count_nonexistent_topic PASSED [  9%]
tests/core/test_event_persistence.py::TestEventPersistence::test_serialize_pydantic_model PASSED [  9%]
tests/core/test_event_persistence.py::TestEventPersistence::test_serialize_dict PASSED [  9%]
tests/core/test_event_persistence.py::TestEventPersistence::test_serialize_generic_object PASSED [  9%]
tests/core/test_event_persistence.py::TestEventPersistence::test_deserialize_event PASSED [  9%]
tests/core/test_event_persistence.py::TestEventPersistence::test_save_event_failure SKIPPED [  9%]
tests/core/test_event_persistence.py::TestEventPersistence::test_load_corrupted_event PASSED [ 10%]
tests/core/test_event_persistence.py::TestPersistedEvent::test_persisted_event_creation PASSED [ 10%]
tests/core/test_event_validation.py::test_unsupported_event_type_rejected PASSED [ 10%]
tests/core/test_event_validation.py::test_missing_required_attribute_rejected PASSED [ 10%]
tests/core/test_event_validation.py::test_invalid_exchange_type_rejected PASSED [ 10%]
tests/core/test_event_validation.py::test_invalid_order_status_type_rejected PASSED [ 10%]
tests/core/test_event_validation.py::test_regime_metadata_type_rejected PASSED [ 10%]
tests/core/test_event_validation.py::test_signal_optional_price_type_rejected PASSED [ 10%]
tests/core/test_event_validation.py::test_invalid_order_side_type_rejected PASSED [ 10%]
tests/core/test_event_validation.py::test_invalid_order_type_rejected PASSED [ 10%]
tests/core/test_event_validation.py::test_malformed_timestamp_object_rejected PASSED [ 10%]
tests/core/test_events.py::TestMarketTickEvent::test_default_values PASSED [ 10%]
tests/core/test_events.py::TestMarketTickEvent::test_custom_values PASSED [ 10%]
tests/core/test_events.py::TestMarketTickEvent::test_event_is_frozen PASSED [ 10%]
tests/core/test_events.py::TestMarketTickEvent::test_non_utc_timestamp_rejected PASSED [ 10%]
tests/core/test_events.py::TestMarketTickEvent::test_naive_timestamp_rejected PASSED [ 10%]
tests/core/test_events.py::TestMarketTickEvent::test_bid_ask_domain_validation PASSED [ 10%]
tests/core/test_events.py::TestOrderUpdateEvent::test_default_values PASSED [ 10%]
tests/core/test_events.py::TestOrderUpdateEvent::test_custom_values PASSED [ 10%]
tests/core/test_events.py::TestOrderUpdateEvent::test_event_is_frozen PASSED [ 10%]
tests/core/test_events.py::TestOrderUpdateEvent::test_filled_quantity_cannot_exceed_quantity PASSED [ 10%]
tests/core/test_events.py::TestSignalEvent::test_default_values PASSED   [ 10%]
tests/core/test_events.py::TestSignalEvent::test_custom_values PASSED    [ 10%]
tests/core/test_events.py::TestSignalEvent::test_event_is_frozen PASSED  [ 10%]
tests/core/test_events.py::TestSignalEvent::test_confidence_bounds_validation PASSED [ 10%]
tests/core/test_events.py::TestRegimeChangeEvent::test_default_values PASSED [ 10%]
tests/core/test_events.py::TestRegimeChangeEvent::test_custom_values PASSED [ 10%]
tests/core/test_events.py::TestRegimeChangeEvent::test_event_is_frozen PASSED [ 10%]
tests/core/test_events.py::TestRegimeChangeEvent::test_regime_description_cannot_be_empty PASSED [ 10%]
tests/core/test_exceptions.py::TestIATBError::test_inheritance PASSED    [ 10%]
tests/core/test_exceptions.py::TestIATBError::test_message_stored PASSED [ 10%]
tests/core/test_exceptions.py::TestIATBError::test_string_representation PASSED [ 10%]
tests/core/test_exceptions.py::TestIATBError::test_message_only_required PASSED [ 10%]
tests/core/test_exceptions.py::TestIATBError::test_with_additional_args PASSED [ 10%]
tests/core/test_exceptions.py::TestValidationError::test_inheritance PASSED [ 10%]
tests/core/test_exceptions.py::TestValidationError::test_message PASSED  [ 10%]
tests/core/test_exceptions.py::TestConfigError::test_inheritance PASSED  [ 10%]
tests/core/test_exceptions.py::TestConfigError::test_message PASSED      [ 10%]
tests/core/test_exceptions.py::TestEventBusError::test_inheritance PASSED [ 10%]
tests/core/test_exceptions.py::TestEventBusError::test_message PASSED    [ 10%]
tests/core/test_exceptions.py::TestClockError::test_inheritance PASSED   [ 10%]
tests/core/test_exceptions.py::TestClockError::test_message PASSED       [ 10%]
tests/core/test_exceptions.py::TestExceptionHierarchy::test_all_errors_inherit_from_iatb_error PASSED [ 10%]
tests/core/test_exceptions.py::TestExceptionHierarchy::test_can_catch_specific_errors PASSED [ 10%]
tests/core/test_exceptions.py::TestExceptionHierarchy::test_can_catch_all_with_iatb_error PASSED [ 10%]
tests/core/test_exchange_calendar.py::TestSessionWindow::test_creation PASSED [ 10%]
tests/core/test_exchange_calendar.py::TestSessionWindow::test_frozen PASSED [ 10%]
tests/core/test_exchange_calendar.py::TestSessionWindow::test_equality PASSED [ 11%]
tests/core/test_exchange_calendar.py::TestSessionWindow::test_inequality PASSED [ 11%]
tests/core/test_exchange_calendar.py::TestExchangeCalendar::test_get_regular_session_nse PASSED [ 11%]
tests/core/test_exchange_calendar.py::TestExchangeCalendar::test_get_regular_session_bse PASSED [ 11%]
tests/core/test_exchange_calendar.py::TestExchangeCalendar::test_get_regular_session_mcx PASSED [ 11%]
tests/core/test_exchange_calendar.py::TestExchangeCalendar::test_get_regular_session_cds PASSED [ 11%]
tests/core/test_exchange_calendar.py::TestExchangeCalendar::test_get_regular_session_unknown PASSED [ 11%]
tests/core/test_exchange_calendar.py::TestExchangeCalendar::test_session_for_weekday PASSED [ 11%]
tests/core/test_exchange_calendar.py::TestExchangeCalendar::test_session_for_weekend_saturday PASSED [ 11%]
tests/core/test_exchange_calendar.py::TestExchangeCalendar::test_session_for_weekend_sunday PASSED [ 11%]
tests/core/test_exchange_calendar.py::TestExchangeCalendar::test_session_for_holiday PASSED [ 11%]
tests/core/test_exchange_calendar.py::TestExchangeCalendar::test_session_for_special_session PASSED [ 11%]
tests/core/test_exchange_calendar.py::TestExchangeCalendar::test_session_for_unknown_exchange PASSED [ 11%]
tests/core/test_exchange_calendar.py::TestExchangeCalendar::test_is_holiday PASSED [ 11%]
tests/core/test_exchange_calendar.py::TestExchangeCalendar::test_is_holiday_unknown_exchange PASSED [ 11%]
tests/core/test_exchange_calendar.py::TestExchangeCalendar::test_is_trading_day_weekday PASSED [ 11%]
tests/core/test_exchange_calendar.py::TestExchangeCalendar::test_is_trading_day_weekend PASSED [ 11%]
tests/core/test_exchange_calendar.py::TestExchangeCalendar::test_is_trading_day_holiday PASSED [ 11%]
tests/core/test_exchange_calendar.py::TestExchangeCalendar::test_is_trading_day_special_session PASSED [ 11%]
tests/core/test_exchange_calendar.py::TestExchangeCalendar::test_is_trading_day_unknown_exchange PASSED [ 11%]
tests/core/test_exchange_calendar.py::TestExchangeCalendar::test_empty_calendar PASSED [ 11%]
tests/core/test_exchange_calendar.py::TestDefaultRegularSessions::test_all_exchanges_present PASSED [ 11%]
tests/core/test_exchange_calendar.py::TestDefaultRegularSessions::test_nse_times PASSED [ 11%]
tests/core/test_exchange_calendar.py::TestDefaultRegularSessions::test_mcx_times PASSED [ 11%]
tests/core/test_exchange_calendar.py::TestDefaultRegularSessions::test_cds_times PASSED [ 11%]
tests/core/test_exchange_calendar.py::TestDefaultHolidays::test_all_exchanges_present PASSED [ 11%]
tests/core/test_exchange_calendar.py::TestDefaultHolidays::test_common_holidays PASSED [ 11%]
tests/core/test_exchange_calendar.py::TestDefaultHolidays::test_mcx_has_same_holidays PASSED [ 11%]
tests/core/test_exchange_calendar.py::TestDefaultSpecialSessions::test_muhurat_session_nse PASSED [ 11%]
tests/core/test_exchange_calendar.py::TestDefaultSpecialSessions::test_muhurat_session_mcx PASSED [ 11%]
tests/core/test_exchange_calendar.py::TestParseExchangeSessionTimes::test_valid_config PASSED [ 11%]
tests/core/test_exchange_calendar.py::TestParseExchangeSessionTimes::test_missing_exchange_uses_defaults PASSED [ 11%]
tests/core/test_exchange_calendar.py::TestParseExchangeSessionTimes::test_invalid_time_format_raises PASSED [ 11%]
tests/core/test_exchange_calendar.py::TestParseExchangeSessionTimes::test_empty_config PASSED [ 11%]
tests/core/test_exchange_calendar.py::TestParseNseCdsHolidays::test_valid_holidays PASSED [ 11%]
tests/core/test_exchange_calendar.py::TestParseNseCdsHolidays::test_no_nse_cds_section PASSED [ 11%]
tests/core/test_exchange_calendar.py::TestParseNseCdsHolidays::test_invalid_date_skipped PASSED [ 11%]
tests/core/test_exchange_calendar.py::TestParseNseCdsHolidays::test_missing_date_key_skipped PASSED [ 11%]
tests/core/test_exchange_calendar.py::TestParseNseCdsHolidays::test_default_exchanges PASSED [ 11%]
tests/core/test_exchange_calendar.py::TestParseMcxHolidays::test_valid_holidays PASSED [ 11%]
tests/core/test_exchange_calendar.py::TestParseMcxHolidays::test_no_mcx_section PASSED [ 11%]
tests/core/test_exchange_calendar.py::TestParseMcxHolidays::test_invalid_date_skipped PASSED [ 11%]
tests/core/test_exchange_calendar.py::TestParseMcxHolidays::test_missing_date_key_skipped PASSED [ 11%]
tests/core/test_exchange_calendar.py::TestHelperFunctions::test_initialize_holidays_dict PASSED [ 11%]
tests/core/test_exchange_calendar.py::TestHelperFunctions::test_get_exchange_map PASSED [ 11%]
tests/core/test_exchange_calendar.py::TestHelperFunctions::test_log_holidays_summary PASSED [ 11%]
tests/core/test_exchange_calendar.py::TestHelperFunctions::test_session_exchanges PASSED [ 11%]
tests/core/test_exchange_calendar.py::TestLoadConfigFile::test_load_valid_toml PASSED [ 12%]
tests/core/test_exchange_calendar.py::TestLoadConfigFile::test_load_missing_file_raises PASSED [ 12%]
tests/core/test_exchange_calendar.py::TestLoadConfigFile::test_load_invalid_toml_raises PASSED [ 12%]
tests/core/test_exchange_calendar.py::TestLoadSessionTimesFromConfig::test_load_from_file PASSED [ 12%]
tests/core/test_exchange_calendar.py::TestLoadSessionTimesFromConfig::test_load_missing_file_returns_defaults PASSED [ 12%]
tests/core/test_exchange_calendar.py::TestLoadSessionTimesFromConfig::test_load_empty_file_returns_defaults PASSED [ 12%]
tests/core/test_exchange_calendar.py::TestLoadSessionTimesFromConfig::test_load_invalid_toml_raises PASSED [ 12%]
tests/core/test_exchange_calendar.py::TestLoadHolidaysFromConfig::test_load_from_file PASSED [ 12%]
tests/core/test_exchange_calendar.py::TestLoadHolidaysFromConfig::test_load_missing_file_returns_defaults PASSED [ 12%]
tests/core/test_exchange_calendar.py::TestLoadHolidaysFromConfig::test_load_invalid_toml_raises PASSED [ 12%]
tests/core/test_exchange_calendar.py::TestLoadHolidaysFromConfig::test_load_non_year_keys_skipped PASSED [ 12%]
tests/core/test_health.py::test_health_endpoint_returns_ok_payload PASSED [ 12%]
tests/core/test_health.py::test_non_health_endpoint_returns_not_found PASSED [ 12%]
tests/core/test_multi_channel_alerting.py::TestAlert::test_alert_creation_with_defaults PASSED [ 12%]
tests/core/test_multi_channel_alerting.py::TestAlert::test_alert_creation_with_all_fields PASSED [ 12%]
tests/core/test_multi_channel_alerting.py::TestAlertChannel::test_channel_is_abstract PASSED [ 12%]
tests/core/test_multi_channel_alerting.py::TestEmailChannel::test_channel_initialization_without_credentials PASSED [ 12%]
tests/core/test_multi_channel_alerting.py::TestEmailChannel::test_channel_initialization_with_env_credentials PASSED [ 12%]
tests/core/test_multi_channel_alerting.py::TestEmailChannel::test_channel_initialization_with_direct_credentials PASSED [ 12%]
tests/core/test_multi_channel_alerting.py::TestEmailChannel::test_channel_ignores_empty_to_emails PASSED [ 12%]
tests/core/test_multi_channel_alerting.py::TestEmailChannel::test_channel_parses_comma_separated_env_emails PASSED [ 12%]
tests/core/test_multi_channel_alerting.py::TestEmailChannel::test_channel_can_be_disabled_explicitly PASSED [ 12%]
tests/core/test_multi_channel_alerting.py::TestEmailChannel::test_send_alert_when_enabled PASSED [ 12%]
tests/core/test_multi_channel_alerting.py::TestEmailChannel::test_send_alert_when_disabled PASSED [ 12%]
tests/core/test_multi_channel_alerting.py::TestEmailChannel::test_send_alert_handles_smtp_error PASSED [ 12%]
tests/core/test_multi_channel_alerting.py::TestEmailChannel::test_format_body_includes_all_fields PASSED [ 12%]
tests/core/test_multi_channel_alerting.py::TestWebhookChannel::test_channel_initialization_without_url PASSED [ 12%]
tests/core/test_multi_channel_alerting.py::TestWebhookChannel::test_channel_initialization_with_env_url PASSED [ 12%]
tests/core/test_multi_channel_alerting.py::TestWebhookChannel::test_channel_initialization_with_direct_url PASSED [ 12%]
tests/core/test_multi_channel_alerting.py::TestWebhookChannel::test_channel_validates_url_format PASSED [ 12%]
tests/core/test_multi_channel_alerting.py::TestWebhookChannel::test_channel_can_be_disabled_explicitly PASSED [ 12%]
tests/core/test_multi_channel_alerting.py::TestWebhookChannel::test_send_alert_when_disabled PASSED [ 12%]
tests/core/test_multi_channel_alerting.py::TestAlertRule::test_rule_creation PASSED [ 12%]
tests/core/test_multi_channel_alerting.py::TestAlertRule::test_rule_evaluation_true PASSED [ 12%]
tests/core/test_multi_channel_alerting.py::TestAlertRule::test_rule_evaluation_false PASSED [ 12%]
tests/core/test_multi_channel_alerting.py::TestAlertRulesEngine::test_engine_initialization PASSED [ 12%]
tests/core/test_multi_channel_alerting.py::TestAlertRulesEngine::test_add_rule PASSED [ 12%]
tests/core/test_multi_channel_alerting.py::TestAlertRulesEngine::test_add_rule_updates_existing PASSED [ 12%]
tests/core/test_multi_channel_alerting.py::TestAlertRulesEngine::test_remove_rule PASSED [ 12%]
tests/core/test_multi_channel_alerting.py::TestAlertRulesEngine::test_remove_nonexistent_rule PASSED [ 12%]
tests/core/test_multi_channel_alerting.py::TestAlertRulesEngine::test_evaluate_rules_no_triggers PASSED [ 12%]
tests/core/test_multi_channel_alerting.py::TestAlertRulesEngine::test_evaluate_rules_single_trigger PASSED [ 12%]
tests/core/test_multi_channel_alerting.py::TestAlertRulesEngine::test_evaluate_rules_multiple_triggers PASSED [ 12%]
tests/core/test_multi_channel_alerting.py::TestAlertRulesEngine::test_evaluate_rules_respects_enabled_flag PASSED [ 12%]
tests/core/test_multi_channel_alerting.py::TestAlertRulesEngine::test_evaluate_rules_handles_exception PASSED [ 12%]
tests/core/test_multi_channel_alerting.py::TestAlertRulesEngine::test_check_token_expiry_condition PASSED [ 12%]
tests/core/test_multi_channel_alerting.py::TestAlertRulesEngine::test_check_position_limit_breach_condition PASSED [ 13%]
tests/core/test_multi_channel_alerting.py::TestAlertRulesEngine::test_check_daily_loss_threshold_condition PASSED [ 13%]
tests/core/test_multi_channel_alerting.py::TestAlertRulesEngine::test_check_data_source_failure_condition PASSED [ 13%]
tests/core/test_multi_channel_alerting.py::TestAlertThrottler::test_throttler_initialization PASSED [ 13%]
tests/core/test_multi_channel_alerting.py::TestAlertThrottler::test_throttler_custom_interval PASSED [ 13%]
tests/core/test_multi_channel_alerting.py::TestAlertThrottler::test_should_send_first_time PASSED [ 13%]
tests/core/test_multi_channel_alerting.py::TestAlertThrottler::test_should_send_after_interval PASSED [ 13%]
tests/core/test_multi_channel_alerting.py::TestAlertThrottler::test_should_send_throttles_within_interval PASSED [ 13%]
tests/core/test_multi_channel_alerting.py::TestAlertThrottler::test_record_sent PASSED [ 13%]
tests/core/test_multi_channel_alerting.py::TestAlertThrottler::test_reset_single_rule PASSED [ 13%]
tests/core/test_multi_channel_alerting.py::TestAlertThrottler::test_reset_all_rules PASSED [ 13%]
tests/core/test_multi_channel_alerting.py::TestAlertThrottler::test_reset_nonexistent_rule PASSED [ 13%]
tests/core/test_multi_channel_alerting.py::TestAlertAcknowledgment::test_acknowledgment_creation PASSED [ 13%]
tests/core/test_multi_channel_alerting.py::TestAlertAcknowledgmentTracker::test_tracker_initialization PASSED [ 13%]
tests/core/test_multi_channel_alerting.py::TestAlertAcknowledgmentTracker::test_register_alert PASSED [ 13%]
tests/core/test_multi_channel_alerting.py::TestAlertAcknowledgmentTracker::test_acknowledge_alert PASSED [ 13%]
tests/core/test_multi_channel_alerting.py::TestAlertAcknowledgmentTracker::test_acknowledge_nonexistent_alert PASSED [ 13%]
tests/core/test_multi_channel_alerting.py::TestAlertAcknowledgmentTracker::test_is_acknowledged_true PASSED [ 13%]
tests/core/test_multi_channel_alerting.py::TestAlertAcknowledgmentTracker::test_is_acknowledged_false PASSED [ 13%]
tests/core/test_multi_channel_alerting.py::TestAlertAcknowledgmentTracker::test_is_acknowledged_nonexistent PASSED [ 13%]
tests/core/test_multi_channel_alerting.py::TestAlertAcknowledgmentTracker::test_get_unacknowledged_all PASSED [ 13%]
tests/core/test_multi_channel_alerting.py::TestAlertAcknowledgmentTracker::test_get_unacknowledged_by_rule PASSED [ 13%]
tests/core/test_multi_channel_alerting.py::TestAlertAcknowledgmentTracker::test_cleanup_old_alerts PASSED [ 13%]
tests/core/test_multi_channel_alerting.py::TestTelegramAlerter::test_alerter_initialization_without_credentials PASSED [ 13%]
tests/core/test_multi_channel_alerting.py::TestTelegramAlerter::test_alerter_initialization_with_env_credentials PASSED [ 13%]
tests/core/test_multi_channel_alerting.py::TestTelegramAlerter::test_alerter_initialization_with_direct_credentials PASSED [ 13%]
tests/core/test_multi_channel_alerting.py::TestTelegramAlerter::test_alerter_can_be_disabled_explicitly PASSED [ 13%]
tests/core/test_multi_channel_alerting.py::TestTelegramAlerter::test_send_alert_with_running_loop PASSED [ 13%]
tests/core/test_multi_channel_alerting.py::TestTelegramAlerter::test_send_alert_without_running_loop PASSED [ 13%]
tests/core/test_multi_channel_alerting.py::TestTelegramAlerter::test_send_alert_when_disabled PASSED [ 13%]
tests/core/test_multi_channel_alerting.py::TestTelegramAlerter::test_send_trade_alert PASSED [ 13%]
tests/core/test_multi_channel_alerting.py::TestTelegramAlerter::test_send_error_alert_without_exception_type PASSED [ 13%]
